5/13/2019 1:41:14 PM | 
5/13/2019 1:41:14 PM | 
Message : La référence d'objet n'est pas définie à une instance d'un objet.
5/13/2019 1:41:14 PM | 
LastTrace : openElement.Forms.FrmLibrary.AsyncLoad_Tick(Object sender, EventArgs e)
5/13/2019 1:41:14 PM | 
Params : 
5/13/2019 1:41:14 PM | 
MethodeName : Void AsyncLoad_Tick(System.Object, System.EventArgs)
5/13/2019 1:41:14 PM | 
Stamp : 5/13/2019 1:41:14 PM
5/13/2019 1:41:14 PM | 
OSFullName : Microsoft Windows 10 Professionnel
5/13/2019 1:41:14 PM | 
AvailablePhysicalMemory : 10.64 Go 
5/13/2019 1:41:14 PM | 
TotalPhysicalMemory : 15.92 Go 
5/13/2019 1:41:14 PM | 
AvailableVirtualMemory : 2.82 Go 
5/13/2019 1:41:14 PM | 
TotalVirtualMemory : 4 Go 
5/13/2019 1:41:14 PM | 
WorkingSet : 476.23 Mo 
5/13/2019 1:41:14 PM | 
PagedMemorySize : 463.19 Mo 
5/13/2019 1:41:14 PM | 
TotalMemory : 75.06 Mo 
5/13/2019 1:41:14 PM | 

5/13/2019 1:41:14 PM | 
ExTrace : 
5/13/2019 1:41:14 PM | 
à openElement.Forms.FrmLibrary.AsyncLoad_Tick(Object sender, EventArgs e) dans C:\Users\Win7Dev64\Source\Workspaces\openElement\App\openElement\Form\FilesManager\FrmLibrary.vb:ligne 253
5/13/2019 1:41:14 PM | 

5/13/2019 1:41:14 PM | 
OETrace : 
5/13/2019 1:41:14 PM | 
à openElement.Forms.FrmLibrary.AsyncLoad_Tick(Object sender, EventArgs e) dans C:\Users\Win7Dev64\Source\Workspaces\openElement\App\openElement\Form\FilesManager\FrmLibrary.vb:ligne 266
5/13/2019 1:41:14 PM | 
à openElement.WebElement.Editors.Form.FrmSelectLink.ChooseFile() dans C:\Users\Win7Dev64\Source\Workspaces\openElement\App\openElement\WebElement\Editors\Form\FrmSelectLink.vb:ligne 1533
5/13/2019 1:41:14 PM | 
à openElement.WebElement.Editors.Form.FrmSelectLink.AffectSelectedLink(TreeListNode node) dans C:\Users\Win7Dev64\Source\Workspaces\openElement\App\openElement\WebElement\Editors\Form\FrmSelectLink.vb:ligne 660
5/13/2019 1:41:14 PM | 
à openElement.WebElement.Editors.Form.FrmSelectLink.TreeList_FocusedNodeChanged(Object sender, FocusedNodeChangedEventArgs e) dans C:\Users\Win7Dev64\Source\Workspaces\openElement\App\openElement\WebElement\Editors\Form\FrmSelectLink.vb:ligne 835
5/13/2019 1:41:14 PM | 
à openElement.Forms.RibbonCore.RPStyles.RPGLink.PMTextBBICreateLink_ItemClick(Object sender, ItemClickEventArgs e) dans C:\Users\Win7Dev64\Source\Workspaces\openElement\App\openElement\Form\Main\RibbonItemCore\Styles\RPGLink.vb:ligne 142
5/13/2019 1:41:14 PM | 
à openElement.My.MyApplication.Main(String[] Args) dans :ligne 82
5/13/2019 1:41:14 PM | 

5/13/2019 1:41:14 PM | 
------------------
