4/16/2018 9:13:17 PM | Debut Mise en ligne différentielle (Site):
4/16/2018 9:13:18 PM | Listing terminé :
4/16/2018 9:13:18 PM | 

4/16/2018 9:13:18 PM | * .git-- -- --Folder create
4/16/2018 9:13:18 PM | * .git/refs-- -- --Folder create
4/16/2018 9:13:18 PM | * .git/refs/remotes-- -- --Folder create
4/16/2018 9:13:18 PM | * .git/refs/remotes/origin-- -- --Folder create
4/16/2018 9:13:18 PM | * .git/refs/heads-- -- --Folder create
4/16/2018 9:13:18 PM | * .git/objects-- -- --Folder create
4/16/2018 9:13:18 PM | * .git/objects/ff-- -- --Folder create
4/16/2018 9:13:18 PM | * .git/objects/fe-- -- --Folder create
4/16/2018 9:13:18 PM | * .git/objects/fd-- -- --Folder create
4/16/2018 9:13:18 PM | * .git/objects/fc-- -- --Folder create
4/16/2018 9:13:18 PM | * .git/objects/fb-- -- --Folder create
4/16/2018 9:13:18 PM | * .git/objects/fa-- -- --Folder create
4/16/2018 9:13:18 PM | * .git/objects/f9-- -- --Folder create
4/16/2018 9:13:18 PM | * .git/objects/f8-- -- --Folder create
4/16/2018 9:13:18 PM | * .git/objects/f7-- -- --Folder create
4/16/2018 9:13:18 PM | * .git/objects/f6-- -- --Folder create
4/16/2018 9:13:18 PM | * .git/objects/f5-- -- --Folder create
4/16/2018 9:13:18 PM | * .git/objects/f4-- -- --Folder create
4/16/2018 9:13:18 PM | * .git/objects/f3-- -- --Folder create
4/16/2018 9:13:18 PM | * .git/objects/f1-- -- --Folder create
4/16/2018 9:13:18 PM | * .git/objects/f0-- -- --Folder create
4/16/2018 9:13:18 PM | * .git/objects/ef-- -- --Folder create
4/16/2018 9:13:18 PM | * .git/objects/ed-- -- --Folder create
4/16/2018 9:13:18 PM | * .git/objects/ec-- -- --Folder create
4/16/2018 9:13:18 PM | * .git/objects/eb-- -- --Folder create
4/16/2018 9:13:18 PM | * .git/objects/ea-- -- --Folder create
4/16/2018 9:13:18 PM | * .git/objects/e9-- -- --Folder create
4/16/2018 9:13:18 PM | * .git/objects/e8-- -- --Folder create
4/16/2018 9:13:18 PM | * .git/objects/e7-- -- --Folder create
4/16/2018 9:13:18 PM | * .git/objects/e6-- -- --Folder create
4/16/2018 9:13:18 PM | * .git/objects/e5-- -- --Folder create
4/16/2018 9:13:18 PM | * .git/objects/e3-- -- --Folder create
4/16/2018 9:13:18 PM | * .git/objects/e2-- -- --Folder create
4/16/2018 9:13:18 PM | * .git/objects/e0-- -- --Folder create
4/16/2018 9:13:18 PM | * .git/objects/df-- -- --Folder create
4/16/2018 9:13:18 PM | * .git/objects/de-- -- --Folder create
4/16/2018 9:13:18 PM | * .git/objects/dd-- -- --Folder create
4/16/2018 9:13:18 PM | * .git/objects/dc-- -- --Folder create
4/16/2018 9:13:18 PM | * .git/objects/db-- -- --Folder create
4/16/2018 9:13:18 PM | * .git/objects/da-- -- --Folder create
4/16/2018 9:13:18 PM | * .git/objects/d9-- -- --Folder create
4/16/2018 9:13:18 PM | * .git/objects/d8-- -- --Folder create
4/16/2018 9:13:18 PM | * .git/objects/d7-- -- --Folder create
4/16/2018 9:13:18 PM | * .git/objects/d6-- -- --Folder create
4/16/2018 9:13:18 PM | * .git/objects/d5-- -- --Folder create
4/16/2018 9:13:18 PM | * .git/objects/d4-- -- --Folder create
4/16/2018 9:13:18 PM | * .git/objects/d2-- -- --Folder create
4/16/2018 9:13:18 PM | * .git/objects/d0-- -- --Folder create
4/16/2018 9:13:18 PM | * .git/objects/cf-- -- --Folder create
4/16/2018 9:13:18 PM | * .git/objects/cd-- -- --Folder create
4/16/2018 9:13:18 PM | * .git/objects/cc-- -- --Folder create
4/16/2018 9:13:18 PM | * .git/objects/cb-- -- --Folder create
4/16/2018 9:13:18 PM | * .git/objects/ca-- -- --Folder create
4/16/2018 9:13:18 PM | * .git/objects/c9-- -- --Folder create
4/16/2018 9:13:18 PM | * .git/objects/c8-- -- --Folder create
4/16/2018 9:13:18 PM | * .git/objects/c7-- -- --Folder create
4/16/2018 9:13:18 PM | * .git/objects/c4-- -- --Folder create
4/16/2018 9:13:18 PM | * .git/objects/c3-- -- --Folder create
4/16/2018 9:13:18 PM | * .git/objects/c2-- -- --Folder create
4/16/2018 9:13:18 PM | * .git/objects/c0-- -- --Folder create
4/16/2018 9:13:18 PM | * .git/objects/bf-- -- --Folder create
4/16/2018 9:13:18 PM | * .git/objects/be-- -- --Folder create
4/16/2018 9:13:18 PM | * .git/objects/bd-- -- --Folder create
4/16/2018 9:13:18 PM | * .git/objects/bc-- -- --Folder create
4/16/2018 9:13:18 PM | * .git/objects/bb-- -- --Folder create
4/16/2018 9:13:18 PM | * .git/objects/ba-- -- --Folder create
4/16/2018 9:13:18 PM | * .git/objects/b9-- -- --Folder create
4/16/2018 9:13:18 PM | * .git/objects/b8-- -- --Folder create
4/16/2018 9:13:18 PM | * .git/objects/b7-- -- --Folder create
4/16/2018 9:13:18 PM | * .git/objects/b5-- -- --Folder create
4/16/2018 9:13:18 PM | * .git/objects/b4-- -- --Folder create
4/16/2018 9:13:18 PM | * .git/objects/b3-- -- --Folder create
4/16/2018 9:13:18 PM | * .git/objects/b2-- -- --Folder create
4/16/2018 9:13:18 PM | * .git/objects/b1-- -- --Folder create
4/16/2018 9:13:18 PM | * .git/objects/b0-- -- --Folder create
4/16/2018 9:13:18 PM | * .git/objects/af-- -- --Folder create
4/16/2018 9:13:18 PM | * .git/objects/ae-- -- --Folder create
4/16/2018 9:13:18 PM | * .git/objects/ad-- -- --Folder create
4/16/2018 9:13:18 PM | * .git/objects/ac-- -- --Folder create
4/16/2018 9:13:18 PM | * .git/objects/ab-- -- --Folder create
4/16/2018 9:13:18 PM | * .git/objects/aa-- -- --Folder create
4/16/2018 9:13:18 PM | * .git/objects/a9-- -- --Folder create
4/16/2018 9:13:18 PM | * .git/objects/a8-- -- --Folder create
4/16/2018 9:13:18 PM | * .git/objects/a7-- -- --Folder create
4/16/2018 9:13:18 PM | * .git/objects/a6-- -- --Folder create
4/16/2018 9:13:18 PM | * .git/objects/a5-- -- --Folder create
4/16/2018 9:13:18 PM | * .git/objects/a4-- -- --Folder create
4/16/2018 9:13:18 PM | * .git/objects/a3-- -- --Folder create
4/16/2018 9:13:18 PM | * .git/objects/a2-- -- --Folder create
4/16/2018 9:13:18 PM | * .git/objects/a1-- -- --Folder create
4/16/2018 9:13:18 PM | * .git/objects/a0-- -- --Folder create
4/16/2018 9:13:18 PM | * .git/objects/9f-- -- --Folder create
4/16/2018 9:13:18 PM | * .git/objects/9e-- -- --Folder create
4/16/2018 9:13:18 PM | * .git/objects/9d-- -- --Folder create
4/16/2018 9:13:18 PM | * .git/objects/9c-- -- --Folder create
4/16/2018 9:13:19 PM | * .git/objects/9b-- -- --Folder create
4/16/2018 9:13:19 PM | * .git/objects/9a-- -- --Folder create
4/16/2018 9:13:19 PM | * .git/objects/99-- -- --Folder create
4/16/2018 9:13:19 PM | * .git/objects/98-- -- --Folder create
4/16/2018 9:13:19 PM | * .git/objects/97-- -- --Folder create
4/16/2018 9:13:19 PM | * .git/objects/96-- -- --Folder create
4/16/2018 9:13:19 PM | * .git/objects/95-- -- --Folder create
4/16/2018 9:13:19 PM | * .git/objects/94-- -- --Folder create
4/16/2018 9:13:19 PM | * .git/objects/91-- -- --Folder create
4/16/2018 9:13:19 PM | * .git/objects/90-- -- --Folder create
4/16/2018 9:13:19 PM | * .git/objects/8f-- -- --Folder create
4/16/2018 9:13:19 PM | * .git/objects/8e-- -- --Folder create
4/16/2018 9:13:19 PM | * .git/objects/8d-- -- --Folder create
4/16/2018 9:13:19 PM | * .git/objects/8c-- -- --Folder create
4/16/2018 9:13:19 PM | * .git/objects/8a-- -- --Folder create
4/16/2018 9:13:19 PM | * .git/objects/89-- -- --Folder create
4/16/2018 9:13:19 PM | * .git/objects/88-- -- --Folder create
4/16/2018 9:13:19 PM | * .git/objects/87-- -- --Folder create
4/16/2018 9:13:19 PM | * .git/objects/86-- -- --Folder create
4/16/2018 9:13:19 PM | * .git/objects/85-- -- --Folder create
4/16/2018 9:13:19 PM | * .git/objects/84-- -- --Folder create
4/16/2018 9:13:19 PM | * .git/objects/82-- -- --Folder create
4/16/2018 9:13:19 PM | * .git/objects/81-- -- --Folder create
4/16/2018 9:13:19 PM | * .git/objects/80-- -- --Folder create
4/16/2018 9:13:19 PM | * .git/objects/7f-- -- --Folder create
4/16/2018 9:13:19 PM | * .git/objects/7e-- -- --Folder create
4/16/2018 9:13:19 PM | * .git/objects/7d-- -- --Folder create
4/16/2018 9:13:19 PM | * .git/objects/7c-- -- --Folder create
4/16/2018 9:13:19 PM | * .git/objects/7b-- -- --Folder create
4/16/2018 9:13:19 PM | * .git/objects/7a-- -- --Folder create
4/16/2018 9:13:19 PM | * .git/objects/79-- -- --Folder create
4/16/2018 9:13:19 PM | * .git/objects/78-- -- --Folder create
4/16/2018 9:13:19 PM | * .git/objects/77-- -- --Folder create
4/16/2018 9:13:19 PM | * .git/objects/76-- -- --Folder create
4/16/2018 9:13:19 PM | * .git/objects/75-- -- --Folder create
4/16/2018 9:13:19 PM | * .git/objects/74-- -- --Folder create
4/16/2018 9:13:19 PM | * .git/objects/73-- -- --Folder create
4/16/2018 9:13:19 PM | * .git/objects/72-- -- --Folder create
4/16/2018 9:13:19 PM | * .git/objects/70-- -- --Folder create
4/16/2018 9:13:19 PM | * .git/objects/6f-- -- --Folder create
4/16/2018 9:13:19 PM | * .git/objects/6e-- -- --Folder create
4/16/2018 9:13:19 PM | * .git/objects/6d-- -- --Folder create
4/16/2018 9:13:19 PM | * .git/objects/6c-- -- --Folder create
4/16/2018 9:13:19 PM | * .git/objects/6b-- -- --Folder create
4/16/2018 9:13:19 PM | * .git/objects/6a-- -- --Folder create
4/16/2018 9:13:19 PM | * .git/objects/69-- -- --Folder create
4/16/2018 9:13:19 PM | * .git/objects/67-- -- --Folder create
4/16/2018 9:13:19 PM | * .git/objects/66-- -- --Folder create
4/16/2018 9:13:19 PM | * .git/objects/65-- -- --Folder create
4/16/2018 9:13:19 PM | * .git/objects/64-- -- --Folder create
4/16/2018 9:13:19 PM | * .git/objects/63-- -- --Folder create
4/16/2018 9:13:19 PM | * .git/objects/61-- -- --Folder create
4/16/2018 9:13:19 PM | * .git/objects/60-- -- --Folder create
4/16/2018 9:13:19 PM | * .git/objects/5f-- -- --Folder create
4/16/2018 9:13:19 PM | * .git/objects/5d-- -- --Folder create
4/16/2018 9:13:19 PM | * .git/objects/5c-- -- --Folder create
4/16/2018 9:13:19 PM | * .git/objects/5b-- -- --Folder create
4/16/2018 9:13:19 PM | * .git/objects/59-- -- --Folder create
4/16/2018 9:13:19 PM | * .git/objects/56-- -- --Folder create
4/16/2018 9:13:19 PM | * .git/objects/55-- -- --Folder create
4/16/2018 9:13:19 PM | * .git/objects/54-- -- --Folder create
4/16/2018 9:13:19 PM | * .git/objects/53-- -- --Folder create
4/16/2018 9:13:19 PM | * .git/objects/52-- -- --Folder create
4/16/2018 9:13:19 PM | * .git/objects/51-- -- --Folder create
4/16/2018 9:13:19 PM | * .git/objects/50-- -- --Folder create
4/16/2018 9:13:19 PM | * .git/objects/4f-- -- --Folder create
4/16/2018 9:13:19 PM | * .git/objects/4e-- -- --Folder create
4/16/2018 9:13:19 PM | * .git/objects/4d-- -- --Folder create
4/16/2018 9:13:19 PM | * .git/objects/4c-- -- --Folder create
4/16/2018 9:13:19 PM | * .git/objects/4b-- -- --Folder create
4/16/2018 9:13:19 PM | * .git/objects/4a-- -- --Folder create
4/16/2018 9:13:19 PM | * .git/objects/49-- -- --Folder create
4/16/2018 9:13:19 PM | * .git/objects/48-- -- --Folder create
4/16/2018 9:13:19 PM | * .git/objects/47-- -- --Folder create
4/16/2018 9:13:19 PM | * .git/objects/46-- -- --Folder create
4/16/2018 9:13:19 PM | * .git/objects/45-- -- --Folder create
4/16/2018 9:13:19 PM | * .git/objects/44-- -- --Folder create
4/16/2018 9:13:19 PM | * .git/objects/43-- -- --Folder create
4/16/2018 9:13:19 PM | * .git/objects/42-- -- --Folder create
4/16/2018 9:13:19 PM | * .git/objects/40-- -- --Folder create
4/16/2018 9:13:19 PM | * .git/objects/3f-- -- --Folder create
4/16/2018 9:13:19 PM | * .git/objects/3e-- -- --Folder create
4/16/2018 9:13:19 PM | * .git/objects/3c-- -- --Folder create
4/16/2018 9:13:19 PM | * .git/objects/3b-- -- --Folder create
4/16/2018 9:13:19 PM | * .git/objects/3a-- -- --Folder create
4/16/2018 9:13:19 PM | * .git/objects/39-- -- --Folder create
4/16/2018 9:13:19 PM | * .git/objects/37-- -- --Folder create
4/16/2018 9:13:19 PM | * .git/objects/35-- -- --Folder create
4/16/2018 9:13:19 PM | * .git/objects/34-- -- --Folder create
4/16/2018 9:13:19 PM | * .git/objects/31-- -- --Folder create
4/16/2018 9:13:19 PM | * .git/objects/30-- -- --Folder create
4/16/2018 9:13:19 PM | * .git/objects/2f-- -- --Folder create
4/16/2018 9:13:19 PM | * .git/objects/2e-- -- --Folder create
4/16/2018 9:13:19 PM | * .git/objects/2d-- -- --Folder create
4/16/2018 9:13:19 PM | * .git/objects/2c-- -- --Folder create
4/16/2018 9:13:19 PM | * .git/objects/2b-- -- --Folder create
4/16/2018 9:13:19 PM | * .git/objects/2a-- -- --Folder create
4/16/2018 9:13:19 PM | * .git/objects/29-- -- --Folder create
4/16/2018 9:13:19 PM | * .git/objects/28-- -- --Folder create
4/16/2018 9:13:19 PM | * .git/objects/27-- -- --Folder create
4/16/2018 9:13:19 PM | * .git/objects/26-- -- --Folder create
4/16/2018 9:13:19 PM | * .git/objects/25-- -- --Folder create
4/16/2018 9:13:19 PM | * .git/objects/23-- -- --Folder create
4/16/2018 9:13:19 PM | * .git/objects/22-- -- --Folder create
4/16/2018 9:13:19 PM | * .git/objects/20-- -- --Folder create
4/16/2018 9:13:19 PM | * .git/objects/1e-- -- --Folder create
4/16/2018 9:13:19 PM | * .git/objects/1d-- -- --Folder create
4/16/2018 9:13:19 PM | * .git/objects/1c-- -- --Folder create
4/16/2018 9:13:19 PM | * .git/objects/1b-- -- --Folder create
4/16/2018 9:13:19 PM | * .git/objects/19-- -- --Folder create
4/16/2018 9:13:19 PM | * .git/objects/18-- -- --Folder create
4/16/2018 9:13:19 PM | * .git/objects/17-- -- --Folder create
4/16/2018 9:13:19 PM | * .git/objects/16-- -- --Folder create
4/16/2018 9:13:19 PM | * .git/objects/15-- -- --Folder create
4/16/2018 9:13:19 PM | * .git/objects/14-- -- --Folder create
4/16/2018 9:13:19 PM | * .git/objects/13-- -- --Folder create
4/16/2018 9:13:19 PM | * .git/objects/12-- -- --Folder create
4/16/2018 9:13:19 PM | * .git/objects/11-- -- --Folder create
4/16/2018 9:13:19 PM | * .git/objects/10-- -- --Folder create
4/16/2018 9:13:19 PM | * .git/objects/0f-- -- --Folder create
4/16/2018 9:13:19 PM | * .git/objects/0e-- -- --Folder create
4/16/2018 9:13:19 PM | * .git/objects/0d-- -- --Folder create
4/16/2018 9:13:19 PM | * .git/objects/0c-- -- --Folder create
4/16/2018 9:13:19 PM | * .git/objects/0b-- -- --Folder create
4/16/2018 9:13:19 PM | * .git/objects/0a-- -- --Folder create
4/16/2018 9:13:19 PM | * .git/objects/09-- -- --Folder create
4/16/2018 9:13:19 PM | * .git/objects/08-- -- --Folder create
4/16/2018 9:13:19 PM | * .git/objects/07-- -- --Folder create
4/16/2018 9:13:19 PM | * .git/objects/06-- -- --Folder create
4/16/2018 9:13:19 PM | * .git/objects/05-- -- --Folder create
4/16/2018 9:13:19 PM | * .git/objects/04-- -- --Folder create
4/16/2018 9:13:19 PM | * .git/objects/03-- -- --Folder create
4/16/2018 9:13:19 PM | * .git/objects/02-- -- --Folder create
4/16/2018 9:13:19 PM | * .git/objects/01-- -- --Folder create
4/16/2018 9:13:19 PM | * .git/objects/00-- -- --Folder create
4/16/2018 9:13:19 PM | * .git/logs-- -- --Folder create
4/16/2018 9:13:19 PM | * .git/logs/refs-- -- --Folder create
4/16/2018 9:13:19 PM | * .git/logs/refs/remotes-- -- --Folder create
4/16/2018 9:13:19 PM | * .git/logs/refs/remotes/origin-- -- --Folder create
4/16/2018 9:13:19 PM | * .git/logs/refs/heads-- -- --Folder create
4/16/2018 9:13:19 PM | * .git/lfs-- -- --Folder create
4/16/2018 9:13:19 PM | * .git/lfs/tmp-- -- --Folder create
4/16/2018 9:13:19 PM | * .git/lfs/objects-- -- --Folder create
4/16/2018 9:13:19 PM | * .git/info-- -- --Folder create
4/16/2018 9:13:19 PM | * .git/hooks-- -- --Folder create
4/16/2018 9:13:19 PM | * Backup-- -- --Folder create
4/16/2018 9:13:19 PM | * Templates-- -- --Folder create
4/16/2018 9:13:19 PM | * Backup/.htaccess-- -- --33
4/16/2018 9:13:19 PM | * .htaccess-- -- --0
4/16/2018 9:13:19 PM | * index(var).js-- -- --1583
4/16/2018 9:13:19 PM | * index.css-- -- --4350
4/16/2018 9:13:19 PM | * Backup/index.dat-- -- --693887
4/16/2018 9:13:19 PM | * index.en.htm-- -- --29761
4/16/2018 9:13:19 PM | * index.htm-- -- --29847
4/16/2018 9:13:19 PM | * Page4.css-- -- --557
4/16/2018 9:13:19 PM | * Backup/Page4.dat-- -- --100826
4/16/2018 9:13:19 PM | * Page4.en.htm-- -- --18558
4/16/2018 9:13:19 PM | * Page4.htm-- -- --18569
4/16/2018 9:13:19 PM | * sitemap.xml-- -- --8286
4/16/2018 9:13:19 PM | * robots.txt-- -- --45
4/16/2018 9:13:19 PM | * Backup/Templates/Controls/WEGalleryCarrousel2_4c2a6f64.OESkin-- -- --63861
4/16/2018 9:13:19 PM | * Backup/Templates/Controls/WEMenu_30e74168.OESkin-- -- --63872
4/16/2018 9:13:19 PM | * Backup/TrailV2.ope-- -- --3627
4/16/2018 9:13:19 PM | 
4/16/2018 9:13:19 PM | 
--------------------------------Phase 1 Terminé--------------------------------
4/16/2018 9:13:19 PM | 

