2/2/2018 11:44:50 AM | Debut Mise en ligne différentielle (Site):
2/2/2018 11:44:52 AM | Listing terminé :
2/2/2018 11:44:52 AM | 

2/2/2018 11:44:52 AM | * .git-- -- --Folder create
2/2/2018 11:44:52 AM | * .git/refs-- -- --Folder create
2/2/2018 11:44:52 AM | * .git/refs/remotes-- -- --Folder create
2/2/2018 11:44:52 AM | * .git/refs/remotes/origin-- -- --Folder create
2/2/2018 11:44:52 AM | * .git/refs/heads-- -- --Folder create
2/2/2018 11:44:52 AM | * .git/objects-- -- --Folder create
2/2/2018 11:44:52 AM | * .git/objects/ff-- -- --Folder create
2/2/2018 11:44:52 AM | * .git/objects/fe-- -- --Folder create
2/2/2018 11:44:52 AM | * .git/objects/fc-- -- --Folder create
2/2/2018 11:44:52 AM | * .git/objects/fb-- -- --Folder create
2/2/2018 11:44:52 AM | * .git/objects/fa-- -- --Folder create
2/2/2018 11:44:52 AM | * .git/objects/f9-- -- --Folder create
2/2/2018 11:44:52 AM | * .git/objects/f8-- -- --Folder create
2/2/2018 11:44:52 AM | * .git/objects/f7-- -- --Folder create
2/2/2018 11:44:52 AM | * .git/objects/f6-- -- --Folder create
2/2/2018 11:44:52 AM | * .git/objects/f5-- -- --Folder create
2/2/2018 11:44:52 AM | * .git/objects/f4-- -- --Folder create
2/2/2018 11:44:52 AM | * .git/objects/f3-- -- --Folder create
2/2/2018 11:44:53 AM | * .git/objects/f1-- -- --Folder create
2/2/2018 11:44:53 AM | * .git/objects/f0-- -- --Folder create
2/2/2018 11:44:53 AM | * .git/objects/ef-- -- --Folder create
2/2/2018 11:44:53 AM | * .git/objects/ed-- -- --Folder create
2/2/2018 11:44:53 AM | * .git/objects/eb-- -- --Folder create
2/2/2018 11:44:53 AM | * .git/objects/e9-- -- --Folder create
2/2/2018 11:44:53 AM | * .git/objects/e8-- -- --Folder create
2/2/2018 11:44:53 AM | * .git/objects/e7-- -- --Folder create
2/2/2018 11:44:53 AM | * .git/objects/e6-- -- --Folder create
2/2/2018 11:44:53 AM | * .git/objects/e5-- -- --Folder create
2/2/2018 11:44:53 AM | * .git/objects/e3-- -- --Folder create
2/2/2018 11:44:53 AM | * .git/objects/e2-- -- --Folder create
2/2/2018 11:44:53 AM | * .git/objects/e0-- -- --Folder create
2/2/2018 11:44:53 AM | * .git/objects/df-- -- --Folder create
2/2/2018 11:44:53 AM | * .git/objects/de-- -- --Folder create
2/2/2018 11:44:53 AM | * .git/objects/dc-- -- --Folder create
2/2/2018 11:44:53 AM | * .git/objects/db-- -- --Folder create
2/2/2018 11:44:53 AM | * .git/objects/da-- -- --Folder create
2/2/2018 11:44:53 AM | * .git/objects/d9-- -- --Folder create
2/2/2018 11:44:53 AM | * .git/objects/d7-- -- --Folder create
2/2/2018 11:44:53 AM | * .git/objects/d6-- -- --Folder create
2/2/2018 11:44:53 AM | * .git/objects/d4-- -- --Folder create
2/2/2018 11:44:53 AM | * .git/objects/cf-- -- --Folder create
2/2/2018 11:44:53 AM | * .git/objects/cd-- -- --Folder create
2/2/2018 11:44:53 AM | * .git/objects/cb-- -- --Folder create
2/2/2018 11:44:53 AM | * .git/objects/ca-- -- --Folder create
2/2/2018 11:44:53 AM | * .git/objects/c9-- -- --Folder create
2/2/2018 11:44:53 AM | * .git/objects/c8-- -- --Folder create
2/2/2018 11:44:53 AM | * .git/objects/c7-- -- --Folder create
2/2/2018 11:44:53 AM | * .git/objects/c3-- -- --Folder create
2/2/2018 11:44:53 AM | * .git/objects/c2-- -- --Folder create
2/2/2018 11:44:53 AM | * .git/objects/c0-- -- --Folder create
2/2/2018 11:44:53 AM | * .git/objects/bc-- -- --Folder create
2/2/2018 11:44:53 AM | * .git/objects/ba-- -- --Folder create
2/2/2018 11:44:53 AM | * .git/objects/b9-- -- --Folder create
2/2/2018 11:44:53 AM | * .git/objects/b8-- -- --Folder create
2/2/2018 11:44:53 AM | * .git/objects/b7-- -- --Folder create
2/2/2018 11:44:53 AM | * .git/objects/b5-- -- --Folder create
2/2/2018 11:44:53 AM | * .git/objects/b3-- -- --Folder create
2/2/2018 11:44:53 AM | * .git/objects/b2-- -- --Folder create
2/2/2018 11:44:53 AM | * .git/objects/b1-- -- --Folder create
2/2/2018 11:44:53 AM | * .git/objects/b0-- -- --Folder create
2/2/2018 11:44:53 AM | * .git/objects/ae-- -- --Folder create
2/2/2018 11:44:53 AM | * .git/objects/ad-- -- --Folder create
2/2/2018 11:44:53 AM | * .git/objects/ac-- -- --Folder create
2/2/2018 11:44:53 AM | * .git/objects/aa-- -- --Folder create
2/2/2018 11:44:53 AM | * .git/objects/a8-- -- --Folder create
2/2/2018 11:44:53 AM | * .git/objects/a7-- -- --Folder create
2/2/2018 11:44:53 AM | * .git/objects/a6-- -- --Folder create
2/2/2018 11:44:53 AM | * .git/objects/a5-- -- --Folder create
2/2/2018 11:44:53 AM | * .git/objects/a3-- -- --Folder create
2/2/2018 11:44:53 AM | * .git/objects/a2-- -- --Folder create
2/2/2018 11:44:53 AM | * .git/objects/a1-- -- --Folder create
2/2/2018 11:44:53 AM | * .git/objects/a0-- -- --Folder create
2/2/2018 11:44:53 AM | * .git/objects/9e-- -- --Folder create
2/2/2018 11:44:53 AM | * .git/objects/9d-- -- --Folder create
2/2/2018 11:44:53 AM | * .git/objects/9c-- -- --Folder create
2/2/2018 11:44:53 AM | * .git/objects/9b-- -- --Folder create
2/2/2018 11:44:53 AM | * .git/objects/9a-- -- --Folder create
2/2/2018 11:44:53 AM | * .git/objects/99-- -- --Folder create
2/2/2018 11:44:53 AM | * .git/objects/98-- -- --Folder create
2/2/2018 11:44:53 AM | * .git/objects/97-- -- --Folder create
2/2/2018 11:44:53 AM | * .git/objects/96-- -- --Folder create
2/2/2018 11:44:53 AM | * .git/objects/94-- -- --Folder create
2/2/2018 11:44:53 AM | * .git/objects/90-- -- --Folder create
2/2/2018 11:44:53 AM | * .git/objects/8f-- -- --Folder create
2/2/2018 11:44:53 AM | * .git/objects/8e-- -- --Folder create
2/2/2018 11:44:53 AM | * .git/objects/8d-- -- --Folder create
2/2/2018 11:44:53 AM | * .git/objects/8a-- -- --Folder create
2/2/2018 11:44:53 AM | * .git/objects/89-- -- --Folder create
2/2/2018 11:44:53 AM | * .git/objects/88-- -- --Folder create
2/2/2018 11:44:53 AM | * .git/objects/86-- -- --Folder create
2/2/2018 11:44:53 AM | * .git/objects/85-- -- --Folder create
2/2/2018 11:44:53 AM | * .git/objects/84-- -- --Folder create
2/2/2018 11:44:53 AM | * .git/objects/82-- -- --Folder create
2/2/2018 11:44:53 AM | * .git/objects/81-- -- --Folder create
2/2/2018 11:44:53 AM | * .git/objects/80-- -- --Folder create
2/2/2018 11:44:53 AM | * .git/objects/7f-- -- --Folder create
2/2/2018 11:44:53 AM | * .git/objects/7e-- -- --Folder create
2/2/2018 11:44:53 AM | * .git/objects/7d-- -- --Folder create
2/2/2018 11:44:53 AM | * .git/objects/7a-- -- --Folder create
2/2/2018 11:44:53 AM | * .git/objects/78-- -- --Folder create
2/2/2018 11:44:53 AM | * .git/objects/77-- -- --Folder create
2/2/2018 11:44:53 AM | * .git/objects/76-- -- --Folder create
2/2/2018 11:44:53 AM | * .git/objects/75-- -- --Folder create
2/2/2018 11:44:53 AM | * .git/objects/73-- -- --Folder create
2/2/2018 11:44:53 AM | * .git/objects/72-- -- --Folder create
2/2/2018 11:44:53 AM | * .git/objects/70-- -- --Folder create
2/2/2018 11:44:53 AM | * .git/objects/6f-- -- --Folder create
2/2/2018 11:44:53 AM | * .git/objects/6e-- -- --Folder create
2/2/2018 11:44:53 AM | * .git/objects/6d-- -- --Folder create
2/2/2018 11:44:53 AM | * .git/objects/6c-- -- --Folder create
2/2/2018 11:44:53 AM | * .git/objects/67-- -- --Folder create
2/2/2018 11:44:53 AM | * .git/objects/66-- -- --Folder create
2/2/2018 11:44:53 AM | * .git/objects/65-- -- --Folder create
2/2/2018 11:44:53 AM | * .git/objects/64-- -- --Folder create
2/2/2018 11:44:53 AM | * .git/objects/63-- -- --Folder create
2/2/2018 11:44:53 AM | * .git/objects/60-- -- --Folder create
2/2/2018 11:44:53 AM | * .git/objects/5f-- -- --Folder create
2/2/2018 11:44:53 AM | * .git/objects/5d-- -- --Folder create
2/2/2018 11:44:53 AM | * .git/objects/5c-- -- --Folder create
2/2/2018 11:44:53 AM | * .git/objects/5b-- -- --Folder create
2/2/2018 11:44:53 AM | * .git/objects/59-- -- --Folder create
2/2/2018 11:44:53 AM | * .git/objects/56-- -- --Folder create
2/2/2018 11:44:53 AM | * .git/objects/55-- -- --Folder create
2/2/2018 11:44:53 AM | * .git/objects/54-- -- --Folder create
2/2/2018 11:44:53 AM | * .git/objects/53-- -- --Folder create
2/2/2018 11:44:53 AM | * .git/objects/50-- -- --Folder create
2/2/2018 11:44:53 AM | * .git/objects/4f-- -- --Folder create
2/2/2018 11:44:53 AM | * .git/objects/4e-- -- --Folder create
2/2/2018 11:44:53 AM | * .git/objects/4d-- -- --Folder create
2/2/2018 11:44:53 AM | * .git/objects/4b-- -- --Folder create
2/2/2018 11:44:53 AM | * .git/objects/4a-- -- --Folder create
2/2/2018 11:44:53 AM | * .git/objects/48-- -- --Folder create
2/2/2018 11:44:53 AM | * .git/objects/46-- -- --Folder create
2/2/2018 11:44:53 AM | * .git/objects/45-- -- --Folder create
2/2/2018 11:44:53 AM | * .git/objects/44-- -- --Folder create
2/2/2018 11:44:53 AM | * .git/objects/43-- -- --Folder create
2/2/2018 11:44:53 AM | * .git/objects/42-- -- --Folder create
2/2/2018 11:44:53 AM | * .git/objects/40-- -- --Folder create
2/2/2018 11:44:53 AM | * .git/objects/3f-- -- --Folder create
2/2/2018 11:44:53 AM | * .git/objects/3e-- -- --Folder create
2/2/2018 11:44:53 AM | * .git/objects/3c-- -- --Folder create
2/2/2018 11:44:53 AM | * .git/objects/3b-- -- --Folder create
2/2/2018 11:44:53 AM | * .git/objects/39-- -- --Folder create
2/2/2018 11:44:53 AM | * .git/objects/35-- -- --Folder create
2/2/2018 11:44:53 AM | * .git/objects/34-- -- --Folder create
2/2/2018 11:44:53 AM | * .git/objects/30-- -- --Folder create
2/2/2018 11:44:53 AM | * .git/objects/2f-- -- --Folder create
2/2/2018 11:44:53 AM | * .git/objects/2e-- -- --Folder create
2/2/2018 11:44:53 AM | * .git/objects/2b-- -- --Folder create
2/2/2018 11:44:53 AM | * .git/objects/2a-- -- --Folder create
2/2/2018 11:44:53 AM | * .git/objects/29-- -- --Folder create
2/2/2018 11:44:53 AM | * .git/objects/28-- -- --Folder create
2/2/2018 11:44:53 AM | * .git/objects/27-- -- --Folder create
2/2/2018 11:44:53 AM | * .git/objects/26-- -- --Folder create
2/2/2018 11:44:53 AM | * .git/objects/25-- -- --Folder create
2/2/2018 11:44:53 AM | * .git/objects/23-- -- --Folder create
2/2/2018 11:44:53 AM | * .git/objects/22-- -- --Folder create
2/2/2018 11:44:53 AM | * .git/objects/20-- -- --Folder create
2/2/2018 11:44:53 AM | * .git/objects/1e-- -- --Folder create
2/2/2018 11:44:53 AM | * .git/objects/1d-- -- --Folder create
2/2/2018 11:44:53 AM | * .git/objects/1c-- -- --Folder create
2/2/2018 11:44:53 AM | * .git/objects/19-- -- --Folder create
2/2/2018 11:44:53 AM | * .git/objects/18-- -- --Folder create
2/2/2018 11:44:53 AM | * .git/objects/17-- -- --Folder create
2/2/2018 11:44:53 AM | * .git/objects/16-- -- --Folder create
2/2/2018 11:44:53 AM | * .git/objects/15-- -- --Folder create
2/2/2018 11:44:53 AM | * .git/objects/0f-- -- --Folder create
2/2/2018 11:44:53 AM | * .git/objects/0e-- -- --Folder create
2/2/2018 11:44:53 AM | * .git/objects/0d-- -- --Folder create
2/2/2018 11:44:53 AM | * .git/objects/0c-- -- --Folder create
2/2/2018 11:44:53 AM | * .git/objects/0b-- -- --Folder create
2/2/2018 11:44:53 AM | * .git/objects/0a-- -- --Folder create
2/2/2018 11:44:53 AM | * .git/objects/09-- -- --Folder create
2/2/2018 11:44:53 AM | * .git/objects/07-- -- --Folder create
2/2/2018 11:44:53 AM | * .git/objects/06-- -- --Folder create
2/2/2018 11:44:53 AM | * .git/objects/05-- -- --Folder create
2/2/2018 11:44:53 AM | * .git/objects/04-- -- --Folder create
2/2/2018 11:44:53 AM | * .git/objects/03-- -- --Folder create
2/2/2018 11:44:53 AM | * .git/objects/02-- -- --Folder create
2/2/2018 11:44:53 AM | * .git/objects/01-- -- --Folder create
2/2/2018 11:44:53 AM | * .git/objects/00-- -- --Folder create
2/2/2018 11:44:53 AM | * .git/logs-- -- --Folder create
2/2/2018 11:44:53 AM | * .git/logs/refs-- -- --Folder create
2/2/2018 11:44:53 AM | * .git/logs/refs/remotes-- -- --Folder create
2/2/2018 11:44:53 AM | * .git/logs/refs/remotes/origin-- -- --Folder create
2/2/2018 11:44:53 AM | * .git/logs/refs/heads-- -- --Folder create
2/2/2018 11:44:53 AM | * .git/lfs-- -- --Folder create
2/2/2018 11:44:53 AM | * .git/lfs/tmp-- -- --Folder create
2/2/2018 11:44:53 AM | * .git/lfs/objects-- -- --Folder create
2/2/2018 11:44:53 AM | * .git/info-- -- --Folder create
2/2/2018 11:44:53 AM | * .git/hooks-- -- --Folder create
2/2/2018 11:44:53 AM | * Backup-- -- --Folder create
2/2/2018 11:44:53 AM | * Files-- -- --Folder create
2/2/2018 11:44:53 AM | * Files/Image-- -- --Folder create
2/2/2018 11:44:53 AM | * Templates-- -- --Folder create
2/2/2018 11:44:53 AM | * Backup/.htaccess-- -- --33
2/2/2018 11:44:53 AM | * Files/Other/Autorisation_Parentale_Trail_des_Vignes_2018.pdf-- -- --946134
2/2/2018 11:44:53 AM | * Files/Other/Bike and Run Race Rules_EN.pdf-- -- --60100
2/2/2018 11:44:53 AM | * Files/Other/Certificat_Medical_Trail_des_Vignes.pdf-- -- --973121
2/2/2018 11:44:53 AM | * Files/Other/Reglement_2018_EN.pdf-- -- --61315
2/2/2018 11:44:53 AM | * Files/Other/Reglement_des_courses_Trail_2018.pdf-- -- --117660
2/2/2018 11:44:53 AM | * .htaccess-- -- --0
2/2/2018 11:44:53 AM | * contact(var).js-- -- --2153
2/2/2018 11:44:53 AM | * contact(var).php-- -- --779
2/2/2018 11:44:53 AM | * contact.css-- -- --2471
2/2/2018 11:44:53 AM | * Files/Image/nouveaute.jpg-- -- --13373
2/2/2018 11:44:53 AM | * contact.en.htm-- -- --24869
2/2/2018 11:44:53 AM | * contact.htm-- -- --24864
2/2/2018 11:44:53 AM | * index(var).js-- -- --1583
2/2/2018 11:44:53 AM | * index.css-- -- --4350
2/2/2018 11:44:53 AM | * index.en.htm-- -- --28951
2/2/2018 11:44:53 AM | * index.htm-- -- --29016
2/2/2018 11:44:53 AM | * Inscription.css-- -- --3249
2/2/2018 11:44:53 AM | * Files/Image/Topo_Magnum_Transports_Pasquier_2018.jpg-- -- --251410
2/2/2018 11:44:53 AM | * Files/Image/Topo_Mathusalem_2018.jpg-- -- --289456
2/2/2018 11:44:53 AM | * Files/Image/Topo_Melchior_2018.jpg-- -- --297476
2/2/2018 11:44:53 AM | * Inscription.en.htm-- -- --28201
2/2/2018 11:44:53 AM | * Inscription.htm-- -- --27873
2/2/2018 11:44:53 AM | * Liens.css-- -- --3256
2/2/2018 11:44:53 AM | * Liens.en.htm-- -- --25114
2/2/2018 11:44:53 AM | * Liens.htm-- -- --25177
2/2/2018 11:44:53 AM | * mentions-legales.css-- -- --2448
2/2/2018 11:44:53 AM | * mentions-legales.en.htm-- -- --21597
2/2/2018 11:44:53 AM | * mentions-legales.htm-- -- --21592
2/2/2018 11:44:53 AM | * page3.css-- -- --3108
2/2/2018 11:44:53 AM | * page3.en.htm-- -- --24689
2/2/2018 11:44:53 AM | * page3.htm-- -- --24684
2/2/2018 11:44:53 AM | * Page4.css-- -- --748
2/2/2018 11:44:53 AM | * Page4.en.htm-- -- --25263
2/2/2018 11:44:53 AM | * Page4.htm-- -- --25258
2/2/2018 11:44:53 AM | * Photos.css-- -- --3130
2/2/2018 11:44:53 AM | * Photos.en.htm-- -- --26116
2/2/2018 11:44:53 AM | * Photos.htm-- -- --26123
2/2/2018 11:44:53 AM | * Photos_old.css-- -- --1862
2/2/2018 11:44:53 AM | * Photos_old.en.htm-- -- --21671
2/2/2018 11:44:53 AM | * Photos_old.htm-- -- --21688
2/2/2018 11:44:53 AM | * Resultats(var).js-- -- --1583
2/2/2018 11:44:53 AM | * Resultats.css-- -- --3527
2/2/2018 11:44:53 AM | * Resultats.en.htm-- -- --28878
2/2/2018 11:44:53 AM | * Resultats.htm-- -- --28807
2/2/2018 11:44:53 AM | * Resultats_old(var).js-- -- --1583
2/2/2018 11:44:53 AM | * Resultats_old.css-- -- --2487
2/2/2018 11:44:53 AM | * Resultats_old.en.htm-- -- --28408
2/2/2018 11:44:53 AM | * Resultats_old.htm-- -- --28381
2/2/2018 11:44:53 AM | * Templates/design.css-- -- --7877
2/2/2018 11:44:53 AM | * sitemap.xml-- -- --8286
2/2/2018 11:44:53 AM | * robots.txt-- -- --45
2/2/2018 11:44:54 AM | 
2/2/2018 11:44:54 AM | 
--------------------------------Phase 1 Terminé--------------------------------
2/2/2018 11:44:54 AM | 

