3/22/2019 8:27:01 AM | Debut Mise en ligne différentielle (Site):
3/22/2019 8:27:04 AM | Listing terminé :
3/22/2019 8:27:04 AM | 

3/22/2019 8:27:04 AM | * .git-- -- --Folder create
3/22/2019 8:27:04 AM | * .git/refs-- -- --Folder create
3/22/2019 8:27:04 AM | * .git/refs/remotes-- -- --Folder create
3/22/2019 8:27:04 AM | * .git/refs/remotes/origin-- -- --Folder create
3/22/2019 8:27:04 AM | * .git/refs/heads-- -- --Folder create
3/22/2019 8:27:04 AM | * .git/objects-- -- --Folder create
3/22/2019 8:27:04 AM | * .git/objects/ff-- -- --Folder create
3/22/2019 8:27:04 AM | * .git/objects/fe-- -- --Folder create
3/22/2019 8:27:04 AM | * .git/objects/fd-- -- --Folder create
3/22/2019 8:27:04 AM | * .git/objects/fc-- -- --Folder create
3/22/2019 8:27:04 AM | * .git/objects/fb-- -- --Folder create
3/22/2019 8:27:04 AM | * .git/objects/fa-- -- --Folder create
3/22/2019 8:27:04 AM | * .git/objects/f9-- -- --Folder create
3/22/2019 8:27:04 AM | * .git/objects/f8-- -- --Folder create
3/22/2019 8:27:04 AM | * .git/objects/f7-- -- --Folder create
3/22/2019 8:27:04 AM | * .git/objects/f6-- -- --Folder create
3/22/2019 8:27:04 AM | * .git/objects/f5-- -- --Folder create
3/22/2019 8:27:04 AM | * .git/objects/f4-- -- --Folder create
3/22/2019 8:27:04 AM | * .git/objects/f3-- -- --Folder create
3/22/2019 8:27:04 AM | * .git/objects/f1-- -- --Folder create
3/22/2019 8:27:04 AM | * .git/objects/f0-- -- --Folder create
3/22/2019 8:27:04 AM | * .git/objects/ef-- -- --Folder create
3/22/2019 8:27:04 AM | * .git/objects/ed-- -- --Folder create
3/22/2019 8:27:04 AM | * .git/objects/ec-- -- --Folder create
3/22/2019 8:27:04 AM | * .git/objects/eb-- -- --Folder create
3/22/2019 8:27:04 AM | * .git/objects/ea-- -- --Folder create
3/22/2019 8:27:04 AM | * .git/objects/e9-- -- --Folder create
3/22/2019 8:27:04 AM | * .git/objects/e8-- -- --Folder create
3/22/2019 8:27:04 AM | * .git/objects/e7-- -- --Folder create
3/22/2019 8:27:04 AM | * .git/objects/e6-- -- --Folder create
3/22/2019 8:27:04 AM | * .git/objects/e5-- -- --Folder create
3/22/2019 8:27:04 AM | * .git/objects/e3-- -- --Folder create
3/22/2019 8:27:04 AM | * .git/objects/e2-- -- --Folder create
3/22/2019 8:27:04 AM | * .git/objects/e1-- -- --Folder create
3/22/2019 8:27:04 AM | * .git/objects/e0-- -- --Folder create
3/22/2019 8:27:04 AM | * .git/objects/df-- -- --Folder create
3/22/2019 8:27:04 AM | * .git/objects/de-- -- --Folder create
3/22/2019 8:27:04 AM | * .git/objects/dd-- -- --Folder create
3/22/2019 8:27:04 AM | * .git/objects/dc-- -- --Folder create
3/22/2019 8:27:04 AM | * .git/objects/db-- -- --Folder create
3/22/2019 8:27:04 AM | * .git/objects/da-- -- --Folder create
3/22/2019 8:27:04 AM | * .git/objects/d9-- -- --Folder create
3/22/2019 8:27:04 AM | * .git/objects/d8-- -- --Folder create
3/22/2019 8:27:04 AM | * .git/objects/d7-- -- --Folder create
3/22/2019 8:27:04 AM | * .git/objects/d6-- -- --Folder create
3/22/2019 8:27:04 AM | * .git/objects/d5-- -- --Folder create
3/22/2019 8:27:04 AM | * .git/objects/d4-- -- --Folder create
3/22/2019 8:27:04 AM | * .git/objects/d2-- -- --Folder create
3/22/2019 8:27:04 AM | * .git/objects/d0-- -- --Folder create
3/22/2019 8:27:04 AM | * .git/objects/cf-- -- --Folder create
3/22/2019 8:27:04 AM | * .git/objects/cd-- -- --Folder create
3/22/2019 8:27:04 AM | * .git/objects/cc-- -- --Folder create
3/22/2019 8:27:04 AM | * .git/objects/cb-- -- --Folder create
3/22/2019 8:27:04 AM | * .git/objects/ca-- -- --Folder create
3/22/2019 8:27:04 AM | * .git/objects/c9-- -- --Folder create
3/22/2019 8:27:04 AM | * .git/objects/c8-- -- --Folder create
3/22/2019 8:27:04 AM | * .git/objects/c7-- -- --Folder create
3/22/2019 8:27:04 AM | * .git/objects/c5-- -- --Folder create
3/22/2019 8:27:04 AM | * .git/objects/c4-- -- --Folder create
3/22/2019 8:27:04 AM | * .git/objects/c3-- -- --Folder create
3/22/2019 8:27:04 AM | * .git/objects/c2-- -- --Folder create
3/22/2019 8:27:04 AM | * .git/objects/c0-- -- --Folder create
3/22/2019 8:27:04 AM | * .git/objects/bf-- -- --Folder create
3/22/2019 8:27:04 AM | * .git/objects/be-- -- --Folder create
3/22/2019 8:27:04 AM | * .git/objects/bd-- -- --Folder create
3/22/2019 8:27:04 AM | * .git/objects/bc-- -- --Folder create
3/22/2019 8:27:04 AM | * .git/objects/bb-- -- --Folder create
3/22/2019 8:27:04 AM | * .git/objects/ba-- -- --Folder create
3/22/2019 8:27:04 AM | * .git/objects/b9-- -- --Folder create
3/22/2019 8:27:04 AM | * .git/objects/b8-- -- --Folder create
3/22/2019 8:27:04 AM | * .git/objects/b7-- -- --Folder create
3/22/2019 8:27:04 AM | * .git/objects/b5-- -- --Folder create
3/22/2019 8:27:04 AM | * .git/objects/b4-- -- --Folder create
3/22/2019 8:27:04 AM | * .git/objects/b3-- -- --Folder create
3/22/2019 8:27:04 AM | * .git/objects/b2-- -- --Folder create
3/22/2019 8:27:04 AM | * .git/objects/b1-- -- --Folder create
3/22/2019 8:27:04 AM | * .git/objects/b0-- -- --Folder create
3/22/2019 8:27:04 AM | * .git/objects/af-- -- --Folder create
3/22/2019 8:27:04 AM | * .git/objects/ae-- -- --Folder create
3/22/2019 8:27:04 AM | * .git/objects/ad-- -- --Folder create
3/22/2019 8:27:04 AM | * .git/objects/ac-- -- --Folder create
3/22/2019 8:27:04 AM | * .git/objects/ab-- -- --Folder create
3/22/2019 8:27:04 AM | * .git/objects/aa-- -- --Folder create
3/22/2019 8:27:04 AM | * .git/objects/a9-- -- --Folder create
3/22/2019 8:27:04 AM | * .git/objects/a8-- -- --Folder create
3/22/2019 8:27:04 AM | * .git/objects/a7-- -- --Folder create
3/22/2019 8:27:04 AM | * .git/objects/a6-- -- --Folder create
3/22/2019 8:27:04 AM | * .git/objects/a5-- -- --Folder create
3/22/2019 8:27:04 AM | * .git/objects/a4-- -- --Folder create
3/22/2019 8:27:04 AM | * .git/objects/a3-- -- --Folder create
3/22/2019 8:27:04 AM | * .git/objects/a2-- -- --Folder create
3/22/2019 8:27:04 AM | * .git/objects/a1-- -- --Folder create
3/22/2019 8:27:04 AM | * .git/objects/a0-- -- --Folder create
3/22/2019 8:27:04 AM | * .git/objects/9f-- -- --Folder create
3/22/2019 8:27:04 AM | * .git/objects/9e-- -- --Folder create
3/22/2019 8:27:04 AM | * .git/objects/9d-- -- --Folder create
3/22/2019 8:27:04 AM | * .git/objects/9c-- -- --Folder create
3/22/2019 8:27:04 AM | * .git/objects/9b-- -- --Folder create
3/22/2019 8:27:04 AM | * .git/objects/9a-- -- --Folder create
3/22/2019 8:27:04 AM | * .git/objects/99-- -- --Folder create
3/22/2019 8:27:04 AM | * .git/objects/98-- -- --Folder create
3/22/2019 8:27:04 AM | * .git/objects/97-- -- --Folder create
3/22/2019 8:27:04 AM | * .git/objects/96-- -- --Folder create
3/22/2019 8:27:04 AM | * .git/objects/95-- -- --Folder create
3/22/2019 8:27:04 AM | * .git/objects/94-- -- --Folder create
3/22/2019 8:27:04 AM | * .git/objects/91-- -- --Folder create
3/22/2019 8:27:04 AM | * .git/objects/90-- -- --Folder create
3/22/2019 8:27:04 AM | * .git/objects/8f-- -- --Folder create
3/22/2019 8:27:04 AM | * .git/objects/8e-- -- --Folder create
3/22/2019 8:27:04 AM | * .git/objects/8d-- -- --Folder create
3/22/2019 8:27:04 AM | * .git/objects/8c-- -- --Folder create
3/22/2019 8:27:04 AM | * .git/objects/8b-- -- --Folder create
3/22/2019 8:27:04 AM | * .git/objects/8a-- -- --Folder create
3/22/2019 8:27:04 AM | * .git/objects/89-- -- --Folder create
3/22/2019 8:27:04 AM | * .git/objects/88-- -- --Folder create
3/22/2019 8:27:04 AM | * .git/objects/87-- -- --Folder create
3/22/2019 8:27:04 AM | * .git/objects/86-- -- --Folder create
3/22/2019 8:27:04 AM | * .git/objects/85-- -- --Folder create
3/22/2019 8:27:04 AM | * .git/objects/84-- -- --Folder create
3/22/2019 8:27:04 AM | * .git/objects/83-- -- --Folder create
3/22/2019 8:27:04 AM | * .git/objects/82-- -- --Folder create
3/22/2019 8:27:04 AM | * .git/objects/81-- -- --Folder create
3/22/2019 8:27:04 AM | * .git/objects/80-- -- --Folder create
3/22/2019 8:27:04 AM | * .git/objects/7f-- -- --Folder create
3/22/2019 8:27:04 AM | * .git/objects/7e-- -- --Folder create
3/22/2019 8:27:04 AM | * .git/objects/7d-- -- --Folder create
3/22/2019 8:27:04 AM | * .git/objects/7c-- -- --Folder create
3/22/2019 8:27:04 AM | * .git/objects/7b-- -- --Folder create
3/22/2019 8:27:04 AM | * .git/objects/7a-- -- --Folder create
3/22/2019 8:27:04 AM | * .git/objects/79-- -- --Folder create
3/22/2019 8:27:04 AM | * .git/objects/78-- -- --Folder create
3/22/2019 8:27:04 AM | * .git/objects/77-- -- --Folder create
3/22/2019 8:27:04 AM | * .git/objects/76-- -- --Folder create
3/22/2019 8:27:04 AM | * .git/objects/75-- -- --Folder create
3/22/2019 8:27:04 AM | * .git/objects/74-- -- --Folder create
3/22/2019 8:27:04 AM | * .git/objects/73-- -- --Folder create
3/22/2019 8:27:04 AM | * .git/objects/72-- -- --Folder create
3/22/2019 8:27:04 AM | * .git/objects/70-- -- --Folder create
3/22/2019 8:27:04 AM | * .git/objects/6f-- -- --Folder create
3/22/2019 8:27:04 AM | * .git/objects/6e-- -- --Folder create
3/22/2019 8:27:04 AM | * .git/objects/6d-- -- --Folder create
3/22/2019 8:27:04 AM | * .git/objects/6c-- -- --Folder create
3/22/2019 8:27:04 AM | * .git/objects/6b-- -- --Folder create
3/22/2019 8:27:04 AM | * .git/objects/6a-- -- --Folder create
3/22/2019 8:27:04 AM | * .git/objects/69-- -- --Folder create
3/22/2019 8:27:04 AM | * .git/objects/67-- -- --Folder create
3/22/2019 8:27:04 AM | * .git/objects/66-- -- --Folder create
3/22/2019 8:27:04 AM | * .git/objects/65-- -- --Folder create
3/22/2019 8:27:04 AM | * .git/objects/64-- -- --Folder create
3/22/2019 8:27:04 AM | * .git/objects/63-- -- --Folder create
3/22/2019 8:27:04 AM | * .git/objects/61-- -- --Folder create
3/22/2019 8:27:04 AM | * .git/objects/60-- -- --Folder create
3/22/2019 8:27:04 AM | * .git/objects/5f-- -- --Folder create
3/22/2019 8:27:04 AM | * .git/objects/5e-- -- --Folder create
3/22/2019 8:27:04 AM | * .git/objects/5d-- -- --Folder create
3/22/2019 8:27:04 AM | * .git/objects/5c-- -- --Folder create
3/22/2019 8:27:04 AM | * .git/objects/5b-- -- --Folder create
3/22/2019 8:27:04 AM | * .git/objects/5a-- -- --Folder create
3/22/2019 8:27:04 AM | * .git/objects/59-- -- --Folder create
3/22/2019 8:27:04 AM | * .git/objects/58-- -- --Folder create
3/22/2019 8:27:04 AM | * .git/objects/56-- -- --Folder create
3/22/2019 8:27:04 AM | * .git/objects/55-- -- --Folder create
3/22/2019 8:27:04 AM | * .git/objects/54-- -- --Folder create
3/22/2019 8:27:04 AM | * .git/objects/53-- -- --Folder create
3/22/2019 8:27:04 AM | * .git/objects/52-- -- --Folder create
3/22/2019 8:27:04 AM | * .git/objects/51-- -- --Folder create
3/22/2019 8:27:04 AM | * .git/objects/50-- -- --Folder create
3/22/2019 8:27:04 AM | * .git/objects/4f-- -- --Folder create
3/22/2019 8:27:04 AM | * .git/objects/4e-- -- --Folder create
3/22/2019 8:27:04 AM | * .git/objects/4d-- -- --Folder create
3/22/2019 8:27:04 AM | * .git/objects/4c-- -- --Folder create
3/22/2019 8:27:04 AM | * .git/objects/4b-- -- --Folder create
3/22/2019 8:27:04 AM | * .git/objects/4a-- -- --Folder create
3/22/2019 8:27:04 AM | * .git/objects/49-- -- --Folder create
3/22/2019 8:27:04 AM | * .git/objects/48-- -- --Folder create
3/22/2019 8:27:04 AM | * .git/objects/47-- -- --Folder create
3/22/2019 8:27:04 AM | * .git/objects/46-- -- --Folder create
3/22/2019 8:27:04 AM | * .git/objects/45-- -- --Folder create
3/22/2019 8:27:04 AM | * .git/objects/44-- -- --Folder create
3/22/2019 8:27:04 AM | * .git/objects/43-- -- --Folder create
3/22/2019 8:27:04 AM | * .git/objects/42-- -- --Folder create
3/22/2019 8:27:04 AM | * .git/objects/40-- -- --Folder create
3/22/2019 8:27:04 AM | * .git/objects/3f-- -- --Folder create
3/22/2019 8:27:04 AM | * .git/objects/3e-- -- --Folder create
3/22/2019 8:27:04 AM | * .git/objects/3d-- -- --Folder create
3/22/2019 8:27:04 AM | * .git/objects/3c-- -- --Folder create
3/22/2019 8:27:04 AM | * .git/objects/3b-- -- --Folder create
3/22/2019 8:27:04 AM | * .git/objects/3a-- -- --Folder create
3/22/2019 8:27:04 AM | * .git/objects/39-- -- --Folder create
3/22/2019 8:27:04 AM | * .git/objects/38-- -- --Folder create
3/22/2019 8:27:04 AM | * .git/objects/37-- -- --Folder create
3/22/2019 8:27:04 AM | * .git/objects/36-- -- --Folder create
3/22/2019 8:27:04 AM | * .git/objects/35-- -- --Folder create
3/22/2019 8:27:04 AM | * .git/objects/34-- -- --Folder create
3/22/2019 8:27:04 AM | * .git/objects/32-- -- --Folder create
3/22/2019 8:27:04 AM | * .git/objects/31-- -- --Folder create
3/22/2019 8:27:04 AM | * .git/objects/30-- -- --Folder create
3/22/2019 8:27:04 AM | * .git/objects/2f-- -- --Folder create
3/22/2019 8:27:04 AM | * .git/objects/2e-- -- --Folder create
3/22/2019 8:27:04 AM | * .git/objects/2d-- -- --Folder create
3/22/2019 8:27:04 AM | * .git/objects/2c-- -- --Folder create
3/22/2019 8:27:04 AM | * .git/objects/2b-- -- --Folder create
3/22/2019 8:27:04 AM | * .git/objects/2a-- -- --Folder create
3/22/2019 8:27:04 AM | * .git/objects/29-- -- --Folder create
3/22/2019 8:27:04 AM | * .git/objects/28-- -- --Folder create
3/22/2019 8:27:04 AM | * .git/objects/27-- -- --Folder create
3/22/2019 8:27:04 AM | * .git/objects/26-- -- --Folder create
3/22/2019 8:27:04 AM | * .git/objects/25-- -- --Folder create
3/22/2019 8:27:04 AM | * .git/objects/23-- -- --Folder create
3/22/2019 8:27:04 AM | * .git/objects/22-- -- --Folder create
3/22/2019 8:27:04 AM | * .git/objects/21-- -- --Folder create
3/22/2019 8:27:04 AM | * .git/objects/20-- -- --Folder create
3/22/2019 8:27:04 AM | * .git/objects/1f-- -- --Folder create
3/22/2019 8:27:04 AM | * .git/objects/1e-- -- --Folder create
3/22/2019 8:27:04 AM | * .git/objects/1d-- -- --Folder create
3/22/2019 8:27:04 AM | * .git/objects/1c-- -- --Folder create
3/22/2019 8:27:04 AM | * .git/objects/1b-- -- --Folder create
3/22/2019 8:27:04 AM | * .git/objects/19-- -- --Folder create
3/22/2019 8:27:04 AM | * .git/objects/18-- -- --Folder create
3/22/2019 8:27:04 AM | * .git/objects/17-- -- --Folder create
3/22/2019 8:27:04 AM | * .git/objects/16-- -- --Folder create
3/22/2019 8:27:04 AM | * .git/objects/15-- -- --Folder create
3/22/2019 8:27:04 AM | * .git/objects/14-- -- --Folder create
3/22/2019 8:27:04 AM | * .git/objects/13-- -- --Folder create
3/22/2019 8:27:04 AM | * .git/objects/12-- -- --Folder create
3/22/2019 8:27:04 AM | * .git/objects/11-- -- --Folder create
3/22/2019 8:27:04 AM | * .git/objects/10-- -- --Folder create
3/22/2019 8:27:04 AM | * .git/objects/0f-- -- --Folder create
3/22/2019 8:27:04 AM | * .git/objects/0e-- -- --Folder create
3/22/2019 8:27:04 AM | * .git/objects/0d-- -- --Folder create
3/22/2019 8:27:04 AM | * .git/objects/0c-- -- --Folder create
3/22/2019 8:27:04 AM | * .git/objects/0b-- -- --Folder create
3/22/2019 8:27:04 AM | * .git/objects/0a-- -- --Folder create
3/22/2019 8:27:04 AM | * .git/objects/09-- -- --Folder create
3/22/2019 8:27:04 AM | * .git/objects/08-- -- --Folder create
3/22/2019 8:27:04 AM | * .git/objects/07-- -- --Folder create
3/22/2019 8:27:04 AM | * .git/objects/06-- -- --Folder create
3/22/2019 8:27:04 AM | * .git/objects/05-- -- --Folder create
3/22/2019 8:27:04 AM | * .git/objects/04-- -- --Folder create
3/22/2019 8:27:04 AM | * .git/objects/03-- -- --Folder create
3/22/2019 8:27:04 AM | * .git/objects/02-- -- --Folder create
3/22/2019 8:27:04 AM | * .git/objects/01-- -- --Folder create
3/22/2019 8:27:04 AM | * .git/objects/00-- -- --Folder create
3/22/2019 8:27:04 AM | * .git/logs-- -- --Folder create
3/22/2019 8:27:04 AM | * .git/logs/refs-- -- --Folder create
3/22/2019 8:27:04 AM | * .git/logs/refs/remotes-- -- --Folder create
3/22/2019 8:27:04 AM | * .git/logs/refs/remotes/origin-- -- --Folder create
3/22/2019 8:27:04 AM | * .git/logs/refs/heads-- -- --Folder create
3/22/2019 8:27:04 AM | * .git/lfs-- -- --Folder create
3/22/2019 8:27:04 AM | * .git/lfs/tmp-- -- --Folder create
3/22/2019 8:27:04 AM | * .git/lfs/objects-- -- --Folder create
3/22/2019 8:27:04 AM | * .git/info-- -- --Folder create
3/22/2019 8:27:04 AM | * .git/hooks-- -- --Folder create
3/22/2019 8:27:04 AM | * Backup-- -- --Folder create
3/22/2019 8:27:04 AM | * Templates-- -- --Folder create
3/22/2019 8:27:04 AM | * Backup/.htaccess-- -- --33
3/22/2019 8:27:04 AM | * Files/Other/Reglement_Bike_and_Run_2019_V2.pdf-- -- --168111
3/22/2019 8:27:04 AM | * Files/Other/Reglement_Bike_and_Run_2019_V2_EN.pdf-- -- --48561
3/22/2019 8:27:04 AM | * Files/Other/Reglement_des_courses_Trail_2019_V2.pdf-- -- --153331
3/22/2019 8:27:04 AM | * Files/Other/Reglement_des_courses_Trail_2019_V2_EN.pdf-- -- --52129
3/22/2019 8:27:04 AM | * Files/Other/Reglement_des_courses_Trail_et_Bike_and_Run_2019_V2.pdf-- -- --226074
3/22/2019 8:27:04 AM | * Files/Other/Reglement_des_courses_Trail_et_Bike_and_Run_2019_V2_EN.pdf-- -- --69082
3/22/2019 8:27:04 AM | * .htaccess-- -- --0
3/22/2019 8:27:04 AM | * contact(var).js-- -- --570
3/22/2019 8:27:04 AM | * contact(var).php-- -- --779
3/22/2019 8:27:04 AM | * contact.css-- -- --2408
3/22/2019 8:27:04 AM | * Backup/contact.dat-- -- --531384
3/22/2019 8:27:04 AM | * contact.en.htm-- -- --24213
3/22/2019 8:27:04 AM | * contact.htm-- -- --24228
3/22/2019 8:27:04 AM | * copie-index(var).js-- -- --1583
3/22/2019 8:27:04 AM | * copie-index.css-- -- --4351
3/22/2019 8:27:04 AM | * Backup/copie-index.dat-- -- --694637
3/22/2019 8:27:04 AM | * copie-index.en.htm-- -- --29627
3/22/2019 8:27:04 AM | * copie-index.htm-- -- --29740
3/22/2019 8:27:04 AM | * copie-Inscription.css-- -- --3250
3/22/2019 8:27:04 AM | * Backup/copie-Inscription.dat-- -- --583499
3/22/2019 8:27:04 AM | * copie-Inscription.en.htm-- -- --29757
3/22/2019 8:27:04 AM | * copie-Inscription.htm-- -- --29419
3/22/2019 8:27:04 AM | * index.css-- -- --4593
3/22/2019 8:27:04 AM | * Backup/index.dat-- -- --769192
3/22/2019 8:27:04 AM | * index.en.htm-- -- --29684
3/22/2019 8:27:04 AM | * index.htm-- -- --30289
3/22/2019 8:27:04 AM | * Inscription.css-- -- --3455
3/22/2019 8:27:04 AM | * Backup/Inscription.dat-- -- --645267
3/22/2019 8:27:04 AM | * Inscription.en.htm-- -- --31933
3/22/2019 8:27:04 AM | * Inscription.htm-- -- --31020
3/22/2019 8:27:04 AM | * Inscription2017.css-- -- --3408
3/22/2019 8:27:04 AM | * Backup/Inscription2017.dat-- -- --644506
3/22/2019 8:27:04 AM | * Inscription2017.en.htm-- -- --31920
3/22/2019 8:27:04 AM | * Inscription2017.htm-- -- --31097
3/22/2019 8:27:04 AM | * Liens.css-- -- --3307
3/22/2019 8:27:04 AM | * Backup/Liens.dat-- -- --551323
3/22/2019 8:27:04 AM | * Liens.en.htm-- -- --26115
3/22/2019 8:27:04 AM | * Liens.htm-- -- --26248
3/22/2019 8:27:04 AM | * mentions-legales.css-- -- --2565
3/22/2019 8:27:04 AM | * Backup/mentions-legales.dat-- -- --396299
3/22/2019 8:27:04 AM | * mentions-legales.en.htm-- -- --22549
3/22/2019 8:27:04 AM | * mentions-legales.htm-- -- --22567
3/22/2019 8:27:04 AM | * page3.css-- -- --3108
3/22/2019 8:27:04 AM | * Backup/page3.dat-- -- --516071
3/22/2019 8:27:04 AM | * page3.en.htm-- -- --25629
3/22/2019 8:27:04 AM | * page3.htm-- -- --25647
3/22/2019 8:27:04 AM | * Page4.css-- -- --557
3/22/2019 8:27:04 AM | * Backup/Page4.dat-- -- --100826
3/22/2019 8:27:04 AM | * Page4.en.htm-- -- --19254
3/22/2019 8:27:04 AM | * Page4.htm-- -- --19272
3/22/2019 8:27:04 AM | * Photos.css-- -- --3471
3/22/2019 8:27:04 AM | * Backup/Photos.dat-- -- --596394
3/22/2019 8:27:04 AM | * Photos.en.htm-- -- --28205
3/22/2019 8:27:04 AM | * Photos.htm-- -- --28235
3/22/2019 8:27:04 AM | * Photos_old.css-- -- --1862
3/22/2019 8:27:04 AM | * Backup/Photos_old.dat-- -- --395115
3/22/2019 8:27:04 AM | * Photos_old.en.htm-- -- --22611
3/22/2019 8:27:04 AM | * Photos_old.htm-- -- --22651
3/22/2019 8:27:04 AM | * Resultats(var).js-- -- --1583
3/22/2019 8:27:04 AM | * Resultats.css-- -- --3504
3/22/2019 8:27:04 AM | * Backup/Resultats.dat-- -- --609227
3/22/2019 8:27:04 AM | * Resultats.en.htm-- -- --29743
3/22/2019 8:27:04 AM | * Resultats.htm-- -- --29675
3/22/2019 8:27:04 AM | * Resultats_old(var).js-- -- --1583
3/22/2019 8:27:04 AM | * Resultats_old.css-- -- --2487
3/22/2019 8:27:04 AM | * Backup/Resultats_old.dat-- -- --518602
3/22/2019 8:27:04 AM | * Resultats_old.en.htm-- -- --29348
3/22/2019 8:27:04 AM | * Resultats_old.htm-- -- --29344
3/22/2019 8:27:04 AM | * Templates/design.css-- -- --8043
3/22/2019 8:27:04 AM | * Backup/Templates/design.tdat-- -- --1011789
3/22/2019 8:27:04 AM | * sitemap.xml-- -- --10584
3/22/2019 8:27:04 AM | * robots.txt-- -- --45
3/22/2019 8:27:04 AM | * Backup/Templates/Controls/WEGalleryCarrousel2_4c2a6f64.OESkin-- -- --63861
3/22/2019 8:27:04 AM | * Backup/Templates/Controls/WEMenu_30e74168.OESkin-- -- --63872
3/22/2019 8:27:04 AM | * Backup/Templates/Controls/WEText_d0120a9e.OESkin-- -- --59566
3/22/2019 8:27:04 AM | * Backup/TrailV2.ope-- -- --3627
3/22/2019 8:27:05 AM | 
3/22/2019 8:27:05 AM | 
--------------------------------Phase 1 Terminé--------------------------------
3/22/2019 8:27:05 AM | 

3/22/2019 8:31:08 AM | Debut Mise en ligne différentielle (Site):
3/22/2019 8:31:26 AM | Listing terminé :
3/22/2019 8:31:26 AM | 

3/22/2019 8:31:26 AM | * .git-- -- --Folder create
3/22/2019 8:31:26 AM | * .git/refs-- -- --Folder create
3/22/2019 8:31:26 AM | * .git/refs/remotes-- -- --Folder create
3/22/2019 8:31:26 AM | * .git/refs/remotes/origin-- -- --Folder create
3/22/2019 8:31:26 AM | * .git/refs/heads-- -- --Folder create
3/22/2019 8:31:26 AM | * .git/objects-- -- --Folder create
3/22/2019 8:31:26 AM | * .git/objects/ff-- -- --Folder create
3/22/2019 8:31:26 AM | * .git/objects/fe-- -- --Folder create
3/22/2019 8:31:26 AM | * .git/objects/fd-- -- --Folder create
3/22/2019 8:31:26 AM | * .git/objects/fc-- -- --Folder create
3/22/2019 8:31:26 AM | * .git/objects/fb-- -- --Folder create
3/22/2019 8:31:26 AM | * .git/objects/fa-- -- --Folder create
3/22/2019 8:31:26 AM | * .git/objects/f9-- -- --Folder create
3/22/2019 8:31:26 AM | * .git/objects/f8-- -- --Folder create
3/22/2019 8:31:26 AM | * .git/objects/f7-- -- --Folder create
3/22/2019 8:31:26 AM | * .git/objects/f6-- -- --Folder create
3/22/2019 8:31:26 AM | * .git/objects/f5-- -- --Folder create
3/22/2019 8:31:26 AM | * .git/objects/f4-- -- --Folder create
3/22/2019 8:31:26 AM | * .git/objects/f3-- -- --Folder create
3/22/2019 8:31:26 AM | * .git/objects/f1-- -- --Folder create
3/22/2019 8:31:26 AM | * .git/objects/f0-- -- --Folder create
3/22/2019 8:31:26 AM | * .git/objects/ef-- -- --Folder create
3/22/2019 8:31:26 AM | * .git/objects/ed-- -- --Folder create
3/22/2019 8:31:26 AM | * .git/objects/ec-- -- --Folder create
3/22/2019 8:31:26 AM | * .git/objects/eb-- -- --Folder create
3/22/2019 8:31:26 AM | * .git/objects/ea-- -- --Folder create
3/22/2019 8:31:26 AM | * .git/objects/e9-- -- --Folder create
3/22/2019 8:31:26 AM | * .git/objects/e8-- -- --Folder create
3/22/2019 8:31:26 AM | * .git/objects/e7-- -- --Folder create
3/22/2019 8:31:26 AM | * .git/objects/e6-- -- --Folder create
3/22/2019 8:31:26 AM | * .git/objects/e5-- -- --Folder create
3/22/2019 8:31:26 AM | * .git/objects/e3-- -- --Folder create
3/22/2019 8:31:26 AM | * .git/objects/e2-- -- --Folder create
3/22/2019 8:31:26 AM | * .git/objects/e1-- -- --Folder create
3/22/2019 8:31:26 AM | * .git/objects/e0-- -- --Folder create
3/22/2019 8:31:26 AM | * .git/objects/df-- -- --Folder create
3/22/2019 8:31:26 AM | * .git/objects/de-- -- --Folder create
3/22/2019 8:31:26 AM | * .git/objects/dd-- -- --Folder create
3/22/2019 8:31:26 AM | * .git/objects/dc-- -- --Folder create
3/22/2019 8:31:26 AM | * .git/objects/db-- -- --Folder create
3/22/2019 8:31:26 AM | * .git/objects/da-- -- --Folder create
3/22/2019 8:31:26 AM | * .git/objects/d9-- -- --Folder create
3/22/2019 8:31:26 AM | * .git/objects/d8-- -- --Folder create
3/22/2019 8:31:26 AM | * .git/objects/d7-- -- --Folder create
3/22/2019 8:31:26 AM | * .git/objects/d6-- -- --Folder create
3/22/2019 8:31:26 AM | * .git/objects/d5-- -- --Folder create
3/22/2019 8:31:26 AM | * .git/objects/d4-- -- --Folder create
3/22/2019 8:31:26 AM | * .git/objects/d2-- -- --Folder create
3/22/2019 8:31:26 AM | * .git/objects/d0-- -- --Folder create
3/22/2019 8:31:26 AM | * .git/objects/cf-- -- --Folder create
3/22/2019 8:31:26 AM | * .git/objects/cd-- -- --Folder create
3/22/2019 8:31:26 AM | * .git/objects/cc-- -- --Folder create
3/22/2019 8:31:26 AM | * .git/objects/cb-- -- --Folder create
3/22/2019 8:31:26 AM | * .git/objects/ca-- -- --Folder create
3/22/2019 8:31:26 AM | * .git/objects/c9-- -- --Folder create
3/22/2019 8:31:26 AM | * .git/objects/c8-- -- --Folder create
3/22/2019 8:31:26 AM | * .git/objects/c7-- -- --Folder create
3/22/2019 8:31:26 AM | * .git/objects/c5-- -- --Folder create
3/22/2019 8:31:26 AM | * .git/objects/c4-- -- --Folder create
3/22/2019 8:31:26 AM | * .git/objects/c3-- -- --Folder create
3/22/2019 8:31:26 AM | * .git/objects/c2-- -- --Folder create
3/22/2019 8:31:26 AM | * .git/objects/c0-- -- --Folder create
3/22/2019 8:31:26 AM | * .git/objects/bf-- -- --Folder create
3/22/2019 8:31:26 AM | * .git/objects/be-- -- --Folder create
3/22/2019 8:31:26 AM | * .git/objects/bd-- -- --Folder create
3/22/2019 8:31:26 AM | * .git/objects/bc-- -- --Folder create
3/22/2019 8:31:26 AM | * .git/objects/bb-- -- --Folder create
3/22/2019 8:31:26 AM | * .git/objects/ba-- -- --Folder create
3/22/2019 8:31:26 AM | * .git/objects/b9-- -- --Folder create
3/22/2019 8:31:26 AM | * .git/objects/b8-- -- --Folder create
3/22/2019 8:31:26 AM | * .git/objects/b7-- -- --Folder create
3/22/2019 8:31:26 AM | * .git/objects/b5-- -- --Folder create
3/22/2019 8:31:26 AM | * .git/objects/b4-- -- --Folder create
3/22/2019 8:31:26 AM | * .git/objects/b3-- -- --Folder create
3/22/2019 8:31:26 AM | * .git/objects/b2-- -- --Folder create
3/22/2019 8:31:26 AM | * .git/objects/b1-- -- --Folder create
3/22/2019 8:31:26 AM | * .git/objects/b0-- -- --Folder create
3/22/2019 8:31:26 AM | * .git/objects/af-- -- --Folder create
3/22/2019 8:31:26 AM | * .git/objects/ae-- -- --Folder create
3/22/2019 8:31:26 AM | * .git/objects/ad-- -- --Folder create
3/22/2019 8:31:26 AM | * .git/objects/ac-- -- --Folder create
3/22/2019 8:31:26 AM | * .git/objects/ab-- -- --Folder create
3/22/2019 8:31:26 AM | * .git/objects/aa-- -- --Folder create
3/22/2019 8:31:26 AM | * .git/objects/a9-- -- --Folder create
3/22/2019 8:31:26 AM | * .git/objects/a8-- -- --Folder create
3/22/2019 8:31:26 AM | * .git/objects/a7-- -- --Folder create
3/22/2019 8:31:26 AM | * .git/objects/a6-- -- --Folder create
3/22/2019 8:31:26 AM | * .git/objects/a5-- -- --Folder create
3/22/2019 8:31:26 AM | * .git/objects/a4-- -- --Folder create
3/22/2019 8:31:26 AM | * .git/objects/a3-- -- --Folder create
3/22/2019 8:31:26 AM | * .git/objects/a2-- -- --Folder create
3/22/2019 8:31:26 AM | * .git/objects/a1-- -- --Folder create
3/22/2019 8:31:26 AM | * .git/objects/a0-- -- --Folder create
3/22/2019 8:31:26 AM | * .git/objects/9f-- -- --Folder create
3/22/2019 8:31:26 AM | * .git/objects/9e-- -- --Folder create
3/22/2019 8:31:26 AM | * .git/objects/9d-- -- --Folder create
3/22/2019 8:31:26 AM | * .git/objects/9c-- -- --Folder create
3/22/2019 8:31:26 AM | * .git/objects/9b-- -- --Folder create
3/22/2019 8:31:26 AM | * .git/objects/9a-- -- --Folder create
3/22/2019 8:31:26 AM | * .git/objects/99-- -- --Folder create
3/22/2019 8:31:26 AM | * .git/objects/98-- -- --Folder create
3/22/2019 8:31:26 AM | * .git/objects/97-- -- --Folder create
3/22/2019 8:31:26 AM | * .git/objects/96-- -- --Folder create
3/22/2019 8:31:26 AM | * .git/objects/95-- -- --Folder create
3/22/2019 8:31:26 AM | * .git/objects/94-- -- --Folder create
3/22/2019 8:31:26 AM | * .git/objects/91-- -- --Folder create
3/22/2019 8:31:26 AM | * .git/objects/90-- -- --Folder create
3/22/2019 8:31:26 AM | * .git/objects/8f-- -- --Folder create
3/22/2019 8:31:26 AM | * .git/objects/8e-- -- --Folder create
3/22/2019 8:31:26 AM | * .git/objects/8d-- -- --Folder create
3/22/2019 8:31:26 AM | * .git/objects/8c-- -- --Folder create
3/22/2019 8:31:26 AM | * .git/objects/8b-- -- --Folder create
3/22/2019 8:31:26 AM | * .git/objects/8a-- -- --Folder create
3/22/2019 8:31:26 AM | * .git/objects/89-- -- --Folder create
3/22/2019 8:31:26 AM | * .git/objects/88-- -- --Folder create
3/22/2019 8:31:26 AM | * .git/objects/87-- -- --Folder create
3/22/2019 8:31:26 AM | * .git/objects/86-- -- --Folder create
3/22/2019 8:31:26 AM | * .git/objects/85-- -- --Folder create
3/22/2019 8:31:26 AM | * .git/objects/84-- -- --Folder create
3/22/2019 8:31:26 AM | * .git/objects/83-- -- --Folder create
3/22/2019 8:31:26 AM | * .git/objects/82-- -- --Folder create
3/22/2019 8:31:26 AM | * .git/objects/81-- -- --Folder create
3/22/2019 8:31:26 AM | * .git/objects/80-- -- --Folder create
3/22/2019 8:31:26 AM | * .git/objects/7f-- -- --Folder create
3/22/2019 8:31:26 AM | * .git/objects/7e-- -- --Folder create
3/22/2019 8:31:26 AM | * .git/objects/7d-- -- --Folder create
3/22/2019 8:31:26 AM | * .git/objects/7c-- -- --Folder create
3/22/2019 8:31:26 AM | * .git/objects/7b-- -- --Folder create
3/22/2019 8:31:26 AM | * .git/objects/7a-- -- --Folder create
3/22/2019 8:31:26 AM | * .git/objects/79-- -- --Folder create
3/22/2019 8:31:26 AM | * .git/objects/78-- -- --Folder create
3/22/2019 8:31:26 AM | * .git/objects/77-- -- --Folder create
3/22/2019 8:31:26 AM | * .git/objects/76-- -- --Folder create
3/22/2019 8:31:26 AM | * .git/objects/75-- -- --Folder create
3/22/2019 8:31:26 AM | * .git/objects/74-- -- --Folder create
3/22/2019 8:31:26 AM | * .git/objects/73-- -- --Folder create
3/22/2019 8:31:26 AM | * .git/objects/72-- -- --Folder create
3/22/2019 8:31:26 AM | * .git/objects/70-- -- --Folder create
3/22/2019 8:31:26 AM | * .git/objects/6f-- -- --Folder create
3/22/2019 8:31:26 AM | * .git/objects/6e-- -- --Folder create
3/22/2019 8:31:26 AM | * .git/objects/6d-- -- --Folder create
3/22/2019 8:31:26 AM | * .git/objects/6c-- -- --Folder create
3/22/2019 8:31:26 AM | * .git/objects/6b-- -- --Folder create
3/22/2019 8:31:26 AM | * .git/objects/6a-- -- --Folder create
3/22/2019 8:31:26 AM | * .git/objects/69-- -- --Folder create
3/22/2019 8:31:26 AM | * .git/objects/67-- -- --Folder create
3/22/2019 8:31:26 AM | * .git/objects/66-- -- --Folder create
3/22/2019 8:31:26 AM | * .git/objects/65-- -- --Folder create
3/22/2019 8:31:26 AM | * .git/objects/64-- -- --Folder create
3/22/2019 8:31:26 AM | * .git/objects/63-- -- --Folder create
3/22/2019 8:31:26 AM | * .git/objects/61-- -- --Folder create
3/22/2019 8:31:26 AM | * .git/objects/60-- -- --Folder create
3/22/2019 8:31:26 AM | * .git/objects/5f-- -- --Folder create
3/22/2019 8:31:27 AM | * .git/objects/5e-- -- --Folder create
3/22/2019 8:31:27 AM | * .git/objects/5d-- -- --Folder create
3/22/2019 8:31:27 AM | * .git/objects/5c-- -- --Folder create
3/22/2019 8:31:27 AM | * .git/objects/5b-- -- --Folder create
3/22/2019 8:31:27 AM | * .git/objects/5a-- -- --Folder create
3/22/2019 8:31:27 AM | * .git/objects/59-- -- --Folder create
3/22/2019 8:31:27 AM | * .git/objects/58-- -- --Folder create
3/22/2019 8:31:27 AM | * .git/objects/56-- -- --Folder create
3/22/2019 8:31:27 AM | * .git/objects/55-- -- --Folder create
3/22/2019 8:31:27 AM | * .git/objects/54-- -- --Folder create
3/22/2019 8:31:27 AM | * .git/objects/53-- -- --Folder create
3/22/2019 8:31:27 AM | * .git/objects/52-- -- --Folder create
3/22/2019 8:31:27 AM | * .git/objects/51-- -- --Folder create
3/22/2019 8:31:27 AM | * .git/objects/50-- -- --Folder create
3/22/2019 8:31:27 AM | * .git/objects/4f-- -- --Folder create
3/22/2019 8:31:27 AM | * .git/objects/4e-- -- --Folder create
3/22/2019 8:31:27 AM | * .git/objects/4d-- -- --Folder create
3/22/2019 8:31:27 AM | * .git/objects/4c-- -- --Folder create
3/22/2019 8:31:27 AM | * .git/objects/4b-- -- --Folder create
3/22/2019 8:31:27 AM | * .git/objects/4a-- -- --Folder create
3/22/2019 8:31:27 AM | * .git/objects/49-- -- --Folder create
3/22/2019 8:31:27 AM | * .git/objects/48-- -- --Folder create
3/22/2019 8:31:27 AM | * .git/objects/47-- -- --Folder create
3/22/2019 8:31:27 AM | * .git/objects/46-- -- --Folder create
3/22/2019 8:31:27 AM | * .git/objects/45-- -- --Folder create
3/22/2019 8:31:27 AM | * .git/objects/44-- -- --Folder create
3/22/2019 8:31:27 AM | * .git/objects/43-- -- --Folder create
3/22/2019 8:31:27 AM | * .git/objects/42-- -- --Folder create
3/22/2019 8:31:27 AM | * .git/objects/40-- -- --Folder create
3/22/2019 8:31:27 AM | * .git/objects/3f-- -- --Folder create
3/22/2019 8:31:27 AM | * .git/objects/3e-- -- --Folder create
3/22/2019 8:31:27 AM | * .git/objects/3d-- -- --Folder create
3/22/2019 8:31:27 AM | * .git/objects/3c-- -- --Folder create
3/22/2019 8:31:27 AM | * .git/objects/3b-- -- --Folder create
3/22/2019 8:31:27 AM | * .git/objects/3a-- -- --Folder create
3/22/2019 8:31:27 AM | * .git/objects/39-- -- --Folder create
3/22/2019 8:31:27 AM | * .git/objects/38-- -- --Folder create
3/22/2019 8:31:27 AM | * .git/objects/37-- -- --Folder create
3/22/2019 8:31:27 AM | * .git/objects/36-- -- --Folder create
3/22/2019 8:31:27 AM | * .git/objects/35-- -- --Folder create
3/22/2019 8:31:27 AM | * .git/objects/34-- -- --Folder create
3/22/2019 8:31:27 AM | * .git/objects/32-- -- --Folder create
3/22/2019 8:31:27 AM | * .git/objects/31-- -- --Folder create
3/22/2019 8:31:27 AM | * .git/objects/30-- -- --Folder create
3/22/2019 8:31:27 AM | * .git/objects/2f-- -- --Folder create
3/22/2019 8:31:27 AM | * .git/objects/2e-- -- --Folder create
3/22/2019 8:31:27 AM | * .git/objects/2d-- -- --Folder create
3/22/2019 8:31:27 AM | * .git/objects/2c-- -- --Folder create
3/22/2019 8:31:27 AM | * .git/objects/2b-- -- --Folder create
3/22/2019 8:31:27 AM | * .git/objects/2a-- -- --Folder create
3/22/2019 8:31:27 AM | * .git/objects/29-- -- --Folder create
3/22/2019 8:31:27 AM | * .git/objects/28-- -- --Folder create
3/22/2019 8:31:27 AM | * .git/objects/27-- -- --Folder create
3/22/2019 8:31:27 AM | * .git/objects/26-- -- --Folder create
3/22/2019 8:31:27 AM | * .git/objects/25-- -- --Folder create
3/22/2019 8:31:27 AM | * .git/objects/23-- -- --Folder create
3/22/2019 8:31:27 AM | * .git/objects/22-- -- --Folder create
3/22/2019 8:31:27 AM | * .git/objects/21-- -- --Folder create
3/22/2019 8:31:27 AM | * .git/objects/20-- -- --Folder create
3/22/2019 8:31:27 AM | * .git/objects/1f-- -- --Folder create
3/22/2019 8:31:27 AM | * .git/objects/1e-- -- --Folder create
3/22/2019 8:31:27 AM | * .git/objects/1d-- -- --Folder create
3/22/2019 8:31:27 AM | * .git/objects/1c-- -- --Folder create
3/22/2019 8:31:27 AM | * .git/objects/1b-- -- --Folder create
3/22/2019 8:31:27 AM | * .git/objects/19-- -- --Folder create
3/22/2019 8:31:27 AM | * .git/objects/18-- -- --Folder create
3/22/2019 8:31:27 AM | * .git/objects/17-- -- --Folder create
3/22/2019 8:31:27 AM | * .git/objects/16-- -- --Folder create
3/22/2019 8:31:27 AM | * .git/objects/15-- -- --Folder create
3/22/2019 8:31:27 AM | * .git/objects/14-- -- --Folder create
3/22/2019 8:31:27 AM | * .git/objects/13-- -- --Folder create
3/22/2019 8:31:27 AM | * .git/objects/12-- -- --Folder create
3/22/2019 8:31:27 AM | * .git/objects/11-- -- --Folder create
3/22/2019 8:31:27 AM | * .git/objects/10-- -- --Folder create
3/22/2019 8:31:27 AM | * .git/objects/0f-- -- --Folder create
3/22/2019 8:31:27 AM | * .git/objects/0e-- -- --Folder create
3/22/2019 8:31:27 AM | * .git/objects/0d-- -- --Folder create
3/22/2019 8:31:27 AM | * .git/objects/0c-- -- --Folder create
3/22/2019 8:31:27 AM | * .git/objects/0b-- -- --Folder create
3/22/2019 8:31:27 AM | * .git/objects/0a-- -- --Folder create
3/22/2019 8:31:27 AM | * .git/objects/09-- -- --Folder create
3/22/2019 8:31:27 AM | * .git/objects/08-- -- --Folder create
3/22/2019 8:31:27 AM | * .git/objects/07-- -- --Folder create
3/22/2019 8:31:27 AM | * .git/objects/06-- -- --Folder create
3/22/2019 8:31:27 AM | * .git/objects/05-- -- --Folder create
3/22/2019 8:31:27 AM | * .git/objects/04-- -- --Folder create
3/22/2019 8:31:27 AM | * .git/objects/03-- -- --Folder create
3/22/2019 8:31:27 AM | * .git/objects/02-- -- --Folder create
3/22/2019 8:31:27 AM | * .git/objects/01-- -- --Folder create
3/22/2019 8:31:27 AM | * .git/objects/00-- -- --Folder create
3/22/2019 8:31:27 AM | * .git/logs-- -- --Folder create
3/22/2019 8:31:27 AM | * .git/logs/refs-- -- --Folder create
3/22/2019 8:31:27 AM | * .git/logs/refs/remotes-- -- --Folder create
3/22/2019 8:31:27 AM | * .git/logs/refs/remotes/origin-- -- --Folder create
3/22/2019 8:31:27 AM | * .git/logs/refs/heads-- -- --Folder create
3/22/2019 8:31:27 AM | * .git/lfs-- -- --Folder create
3/22/2019 8:31:27 AM | * .git/lfs/tmp-- -- --Folder create
3/22/2019 8:31:27 AM | * .git/lfs/objects-- -- --Folder create
3/22/2019 8:31:27 AM | * .git/info-- -- --Folder create
3/22/2019 8:31:27 AM | * .git/hooks-- -- --Folder create
3/22/2019 8:31:27 AM | * Backup-- -- --Folder create
3/22/2019 8:31:27 AM | * Templates-- -- --Folder create
3/22/2019 8:31:27 AM | * Backup/.htaccess-- -- --33
3/22/2019 8:31:27 AM | * .htaccess-- -- --0
3/22/2019 8:31:27 AM | * contact(var).js-- -- --570
3/22/2019 8:31:27 AM | * contact(var).php-- -- --779
3/22/2019 8:31:27 AM | * contact.css-- -- --2408
3/22/2019 8:31:27 AM | * Backup/contact.dat-- -- --531384
3/22/2019 8:31:27 AM | * contact.en.htm-- -- --24219
3/22/2019 8:31:27 AM | * contact.htm-- -- --24228
3/22/2019 8:31:27 AM | * copie-index(var).js-- -- --1583
3/22/2019 8:31:27 AM | * copie-index.css-- -- --4351
3/22/2019 8:31:27 AM | * Backup/copie-index.dat-- -- --694637
3/22/2019 8:31:27 AM | * copie-index.en.htm-- -- --29633
3/22/2019 8:31:27 AM | * copie-index.htm-- -- --29740
3/22/2019 8:31:27 AM | * copie-Inscription.css-- -- --3250
3/22/2019 8:31:27 AM | * Backup/copie-Inscription.dat-- -- --583499
3/22/2019 8:31:27 AM | * copie-Inscription.en.htm-- -- --29763
3/22/2019 8:31:27 AM | * copie-Inscription.htm-- -- --29419
3/22/2019 8:31:27 AM | * index.css-- -- --4593
3/22/2019 8:31:27 AM | * Backup/index.dat-- -- --769192
3/22/2019 8:31:27 AM | * index.en.htm-- -- --29690
3/22/2019 8:31:27 AM | * index.htm-- -- --30289
3/22/2019 8:31:27 AM | * Inscription.css-- -- --3455
3/22/2019 8:31:27 AM | * Backup/Inscription.dat-- -- --645267
3/22/2019 8:31:27 AM | * Inscription.en.htm-- -- --31939
3/22/2019 8:31:27 AM | * Inscription.htm-- -- --31020
3/22/2019 8:31:27 AM | * Inscription2017.css-- -- --3408
3/22/2019 8:31:27 AM | * Backup/Inscription2017.dat-- -- --644506
3/22/2019 8:31:27 AM | * Inscription2017.en.htm-- -- --31926
3/22/2019 8:31:27 AM | * Inscription2017.htm-- -- --31097
3/22/2019 8:31:27 AM | * Liens.css-- -- --3307
3/22/2019 8:31:27 AM | * Backup/Liens.dat-- -- --551323
3/22/2019 8:31:27 AM | * Liens.en.htm-- -- --26121
3/22/2019 8:31:27 AM | * Liens.htm-- -- --26248
3/22/2019 8:31:27 AM | * mentions-legales.css-- -- --2565
3/22/2019 8:31:27 AM | * Backup/mentions-legales.dat-- -- --396299
3/22/2019 8:31:27 AM | * mentions-legales.en.htm-- -- --22555
3/22/2019 8:31:27 AM | * mentions-legales.htm-- -- --22567
3/22/2019 8:31:27 AM | * page3.css-- -- --3108
3/22/2019 8:31:27 AM | * Backup/page3.dat-- -- --516071
3/22/2019 8:31:27 AM | * page3.en.htm-- -- --25635
3/22/2019 8:31:27 AM | * page3.htm-- -- --25647
3/22/2019 8:31:27 AM | * Page4.css-- -- --557
3/22/2019 8:31:27 AM | * Backup/Page4.dat-- -- --100826
3/22/2019 8:31:27 AM | * Page4.en.htm-- -- --19260
3/22/2019 8:31:27 AM | * Page4.htm-- -- --19272
3/22/2019 8:31:27 AM | * Photos.css-- -- --3471
3/22/2019 8:31:27 AM | * Backup/Photos.dat-- -- --596394
3/22/2019 8:31:27 AM | * Photos.en.htm-- -- --28211
3/22/2019 8:31:27 AM | * Photos.htm-- -- --28235
3/22/2019 8:31:27 AM | * Photos_old.css-- -- --1862
3/22/2019 8:31:27 AM | * Backup/Photos_old.dat-- -- --395115
3/22/2019 8:31:27 AM | * Photos_old.en.htm-- -- --22617
3/22/2019 8:31:27 AM | * Photos_old.htm-- -- --22651
3/22/2019 8:31:27 AM | * Resultats(var).js-- -- --1583
3/22/2019 8:31:27 AM | * Resultats.css-- -- --3504
3/22/2019 8:31:27 AM | * Backup/Resultats.dat-- -- --609227
3/22/2019 8:31:27 AM | * Resultats.en.htm-- -- --29749
3/22/2019 8:31:27 AM | * Resultats.htm-- -- --29675
3/22/2019 8:31:27 AM | * Resultats_old(var).js-- -- --1583
3/22/2019 8:31:27 AM | * Resultats_old.css-- -- --2487
3/22/2019 8:31:27 AM | * Backup/Resultats_old.dat-- -- --518602
3/22/2019 8:31:27 AM | * Resultats_old.en.htm-- -- --29354
3/22/2019 8:31:27 AM | * Resultats_old.htm-- -- --29344
3/22/2019 8:31:27 AM | * Templates/design.css-- -- --8043
3/22/2019 8:31:27 AM | * Backup/Templates/design.tdat-- -- --1011792
3/22/2019 8:31:27 AM | * sitemap.xml-- -- --10584
3/22/2019 8:31:27 AM | * robots.txt-- -- --45
3/22/2019 8:31:27 AM | * Backup/Templates/Controls/WEGalleryCarrousel2_4c2a6f64.OESkin-- -- --63861
3/22/2019 8:31:27 AM | * Backup/Templates/Controls/WEMenu_30e74168.OESkin-- -- --63872
3/22/2019 8:31:27 AM | * Backup/Templates/Controls/WEText_d0120a9e.OESkin-- -- --59566
3/22/2019 8:31:27 AM | * Backup/TrailV2.ope-- -- --3627
3/22/2019 8:31:27 AM | 
3/22/2019 8:31:27 AM | 
--------------------------------Phase 1 Terminé--------------------------------
3/22/2019 8:31:27 AM | 

