1/28/2019 8:24:25 AM | Debut Mise en ligne différentielle (Site):
1/28/2019 8:24:34 AM | Listing terminé :
1/28/2019 8:24:34 AM | 

1/28/2019 8:24:34 AM | * .git-- -- --Folder create
1/28/2019 8:24:34 AM | * .git/refs-- -- --Folder create
1/28/2019 8:24:34 AM | * .git/refs/remotes-- -- --Folder create
1/28/2019 8:24:34 AM | * .git/refs/remotes/origin-- -- --Folder create
1/28/2019 8:24:34 AM | * .git/refs/heads-- -- --Folder create
1/28/2019 8:24:34 AM | * .git/objects-- -- --Folder create
1/28/2019 8:24:34 AM | * .git/objects/ff-- -- --Folder create
1/28/2019 8:24:34 AM | * .git/objects/fe-- -- --Folder create
1/28/2019 8:24:34 AM | * .git/objects/fd-- -- --Folder create
1/28/2019 8:24:34 AM | * .git/objects/fc-- -- --Folder create
1/28/2019 8:24:34 AM | * .git/objects/fb-- -- --Folder create
1/28/2019 8:24:34 AM | * .git/objects/fa-- -- --Folder create
1/28/2019 8:24:34 AM | * .git/objects/f9-- -- --Folder create
1/28/2019 8:24:34 AM | * .git/objects/f8-- -- --Folder create
1/28/2019 8:24:34 AM | * .git/objects/f7-- -- --Folder create
1/28/2019 8:24:34 AM | * .git/objects/f6-- -- --Folder create
1/28/2019 8:24:34 AM | * .git/objects/f5-- -- --Folder create
1/28/2019 8:24:34 AM | * .git/objects/f4-- -- --Folder create
1/28/2019 8:24:34 AM | * .git/objects/f3-- -- --Folder create
1/28/2019 8:24:34 AM | * .git/objects/f1-- -- --Folder create
1/28/2019 8:24:34 AM | * .git/objects/f0-- -- --Folder create
1/28/2019 8:24:34 AM | * .git/objects/ef-- -- --Folder create
1/28/2019 8:24:34 AM | * .git/objects/ed-- -- --Folder create
1/28/2019 8:24:34 AM | * .git/objects/ec-- -- --Folder create
1/28/2019 8:24:34 AM | * .git/objects/eb-- -- --Folder create
1/28/2019 8:24:34 AM | * .git/objects/ea-- -- --Folder create
1/28/2019 8:24:34 AM | * .git/objects/e9-- -- --Folder create
1/28/2019 8:24:34 AM | * .git/objects/e8-- -- --Folder create
1/28/2019 8:24:34 AM | * .git/objects/e7-- -- --Folder create
1/28/2019 8:24:34 AM | * .git/objects/e6-- -- --Folder create
1/28/2019 8:24:34 AM | * .git/objects/e5-- -- --Folder create
1/28/2019 8:24:34 AM | * .git/objects/e3-- -- --Folder create
1/28/2019 8:24:34 AM | * .git/objects/e2-- -- --Folder create
1/28/2019 8:24:34 AM | * .git/objects/e1-- -- --Folder create
1/28/2019 8:24:34 AM | * .git/objects/e0-- -- --Folder create
1/28/2019 8:24:34 AM | * .git/objects/df-- -- --Folder create
1/28/2019 8:24:34 AM | * .git/objects/de-- -- --Folder create
1/28/2019 8:24:34 AM | * .git/objects/dd-- -- --Folder create
1/28/2019 8:24:34 AM | * .git/objects/dc-- -- --Folder create
1/28/2019 8:24:34 AM | * .git/objects/db-- -- --Folder create
1/28/2019 8:24:34 AM | * .git/objects/da-- -- --Folder create
1/28/2019 8:24:34 AM | * .git/objects/d9-- -- --Folder create
1/28/2019 8:24:34 AM | * .git/objects/d8-- -- --Folder create
1/28/2019 8:24:34 AM | * .git/objects/d7-- -- --Folder create
1/28/2019 8:24:34 AM | * .git/objects/d6-- -- --Folder create
1/28/2019 8:24:34 AM | * .git/objects/d5-- -- --Folder create
1/28/2019 8:24:34 AM | * .git/objects/d4-- -- --Folder create
1/28/2019 8:24:34 AM | * .git/objects/d2-- -- --Folder create
1/28/2019 8:24:34 AM | * .git/objects/d0-- -- --Folder create
1/28/2019 8:24:34 AM | * .git/objects/cf-- -- --Folder create
1/28/2019 8:24:34 AM | * .git/objects/cd-- -- --Folder create
1/28/2019 8:24:34 AM | * .git/objects/cc-- -- --Folder create
1/28/2019 8:24:34 AM | * .git/objects/cb-- -- --Folder create
1/28/2019 8:24:34 AM | * .git/objects/ca-- -- --Folder create
1/28/2019 8:24:34 AM | * .git/objects/c9-- -- --Folder create
1/28/2019 8:24:34 AM | * .git/objects/c8-- -- --Folder create
1/28/2019 8:24:34 AM | * .git/objects/c7-- -- --Folder create
1/28/2019 8:24:34 AM | * .git/objects/c5-- -- --Folder create
1/28/2019 8:24:34 AM | * .git/objects/c4-- -- --Folder create
1/28/2019 8:24:34 AM | * .git/objects/c3-- -- --Folder create
1/28/2019 8:24:34 AM | * .git/objects/c2-- -- --Folder create
1/28/2019 8:24:34 AM | * .git/objects/c0-- -- --Folder create
1/28/2019 8:24:34 AM | * .git/objects/bf-- -- --Folder create
1/28/2019 8:24:34 AM | * .git/objects/be-- -- --Folder create
1/28/2019 8:24:34 AM | * .git/objects/bd-- -- --Folder create
1/28/2019 8:24:34 AM | * .git/objects/bc-- -- --Folder create
1/28/2019 8:24:34 AM | * .git/objects/bb-- -- --Folder create
1/28/2019 8:24:34 AM | * .git/objects/ba-- -- --Folder create
1/28/2019 8:24:34 AM | * .git/objects/b9-- -- --Folder create
1/28/2019 8:24:34 AM | * .git/objects/b8-- -- --Folder create
1/28/2019 8:24:34 AM | * .git/objects/b7-- -- --Folder create
1/28/2019 8:24:34 AM | * .git/objects/b5-- -- --Folder create
1/28/2019 8:24:34 AM | * .git/objects/b4-- -- --Folder create
1/28/2019 8:24:34 AM | * .git/objects/b3-- -- --Folder create
1/28/2019 8:24:34 AM | * .git/objects/b2-- -- --Folder create
1/28/2019 8:24:34 AM | * .git/objects/b1-- -- --Folder create
1/28/2019 8:24:34 AM | * .git/objects/b0-- -- --Folder create
1/28/2019 8:24:34 AM | * .git/objects/af-- -- --Folder create
1/28/2019 8:24:34 AM | * .git/objects/ae-- -- --Folder create
1/28/2019 8:24:34 AM | * .git/objects/ad-- -- --Folder create
1/28/2019 8:24:34 AM | * .git/objects/ac-- -- --Folder create
1/28/2019 8:24:34 AM | * .git/objects/ab-- -- --Folder create
1/28/2019 8:24:34 AM | * .git/objects/aa-- -- --Folder create
1/28/2019 8:24:34 AM | * .git/objects/a9-- -- --Folder create
1/28/2019 8:24:34 AM | * .git/objects/a8-- -- --Folder create
1/28/2019 8:24:34 AM | * .git/objects/a7-- -- --Folder create
1/28/2019 8:24:34 AM | * .git/objects/a6-- -- --Folder create
1/28/2019 8:24:34 AM | * .git/objects/a5-- -- --Folder create
1/28/2019 8:24:34 AM | * .git/objects/a4-- -- --Folder create
1/28/2019 8:24:34 AM | * .git/objects/a3-- -- --Folder create
1/28/2019 8:24:34 AM | * .git/objects/a2-- -- --Folder create
1/28/2019 8:24:34 AM | * .git/objects/a1-- -- --Folder create
1/28/2019 8:24:34 AM | * .git/objects/a0-- -- --Folder create
1/28/2019 8:24:34 AM | * .git/objects/9f-- -- --Folder create
1/28/2019 8:24:34 AM | * .git/objects/9e-- -- --Folder create
1/28/2019 8:24:34 AM | * .git/objects/9d-- -- --Folder create
1/28/2019 8:24:34 AM | * .git/objects/9c-- -- --Folder create
1/28/2019 8:24:34 AM | * .git/objects/9b-- -- --Folder create
1/28/2019 8:24:34 AM | * .git/objects/9a-- -- --Folder create
1/28/2019 8:24:34 AM | * .git/objects/99-- -- --Folder create
1/28/2019 8:24:34 AM | * .git/objects/98-- -- --Folder create
1/28/2019 8:24:34 AM | * .git/objects/97-- -- --Folder create
1/28/2019 8:24:34 AM | * .git/objects/96-- -- --Folder create
1/28/2019 8:24:34 AM | * .git/objects/95-- -- --Folder create
1/28/2019 8:24:34 AM | * .git/objects/94-- -- --Folder create
1/28/2019 8:24:34 AM | * .git/objects/91-- -- --Folder create
1/28/2019 8:24:34 AM | * .git/objects/90-- -- --Folder create
1/28/2019 8:24:34 AM | * .git/objects/8f-- -- --Folder create
1/28/2019 8:24:34 AM | * .git/objects/8e-- -- --Folder create
1/28/2019 8:24:34 AM | * .git/objects/8d-- -- --Folder create
1/28/2019 8:24:34 AM | * .git/objects/8c-- -- --Folder create
1/28/2019 8:24:34 AM | * .git/objects/8a-- -- --Folder create
1/28/2019 8:24:34 AM | * .git/objects/89-- -- --Folder create
1/28/2019 8:24:34 AM | * .git/objects/88-- -- --Folder create
1/28/2019 8:24:34 AM | * .git/objects/87-- -- --Folder create
1/28/2019 8:24:34 AM | * .git/objects/86-- -- --Folder create
1/28/2019 8:24:34 AM | * .git/objects/85-- -- --Folder create
1/28/2019 8:24:34 AM | * .git/objects/84-- -- --Folder create
1/28/2019 8:24:34 AM | * .git/objects/83-- -- --Folder create
1/28/2019 8:24:34 AM | * .git/objects/82-- -- --Folder create
1/28/2019 8:24:34 AM | * .git/objects/81-- -- --Folder create
1/28/2019 8:24:34 AM | * .git/objects/80-- -- --Folder create
1/28/2019 8:24:34 AM | * .git/objects/7f-- -- --Folder create
1/28/2019 8:24:34 AM | * .git/objects/7e-- -- --Folder create
1/28/2019 8:24:34 AM | * .git/objects/7d-- -- --Folder create
1/28/2019 8:24:34 AM | * .git/objects/7c-- -- --Folder create
1/28/2019 8:24:34 AM | * .git/objects/7b-- -- --Folder create
1/28/2019 8:24:34 AM | * .git/objects/7a-- -- --Folder create
1/28/2019 8:24:34 AM | * .git/objects/79-- -- --Folder create
1/28/2019 8:24:34 AM | * .git/objects/78-- -- --Folder create
1/28/2019 8:24:34 AM | * .git/objects/77-- -- --Folder create
1/28/2019 8:24:34 AM | * .git/objects/76-- -- --Folder create
1/28/2019 8:24:34 AM | * .git/objects/75-- -- --Folder create
1/28/2019 8:24:34 AM | * .git/objects/74-- -- --Folder create
1/28/2019 8:24:34 AM | * .git/objects/73-- -- --Folder create
1/28/2019 8:24:34 AM | * .git/objects/72-- -- --Folder create
1/28/2019 8:24:34 AM | * .git/objects/70-- -- --Folder create
1/28/2019 8:24:34 AM | * .git/objects/6f-- -- --Folder create
1/28/2019 8:24:34 AM | * .git/objects/6e-- -- --Folder create
1/28/2019 8:24:34 AM | * .git/objects/6d-- -- --Folder create
1/28/2019 8:24:34 AM | * .git/objects/6c-- -- --Folder create
1/28/2019 8:24:34 AM | * .git/objects/6b-- -- --Folder create
1/28/2019 8:24:34 AM | * .git/objects/6a-- -- --Folder create
1/28/2019 8:24:34 AM | * .git/objects/69-- -- --Folder create
1/28/2019 8:24:34 AM | * .git/objects/67-- -- --Folder create
1/28/2019 8:24:34 AM | * .git/objects/66-- -- --Folder create
1/28/2019 8:24:34 AM | * .git/objects/65-- -- --Folder create
1/28/2019 8:24:34 AM | * .git/objects/64-- -- --Folder create
1/28/2019 8:24:34 AM | * .git/objects/63-- -- --Folder create
1/28/2019 8:24:34 AM | * .git/objects/61-- -- --Folder create
1/28/2019 8:24:34 AM | * .git/objects/60-- -- --Folder create
1/28/2019 8:24:34 AM | * .git/objects/5f-- -- --Folder create
1/28/2019 8:24:34 AM | * .git/objects/5e-- -- --Folder create
1/28/2019 8:24:34 AM | * .git/objects/5d-- -- --Folder create
1/28/2019 8:24:34 AM | * .git/objects/5c-- -- --Folder create
1/28/2019 8:24:34 AM | * .git/objects/5b-- -- --Folder create
1/28/2019 8:24:34 AM | * .git/objects/59-- -- --Folder create
1/28/2019 8:24:34 AM | * .git/objects/56-- -- --Folder create
1/28/2019 8:24:34 AM | * .git/objects/55-- -- --Folder create
1/28/2019 8:24:34 AM | * .git/objects/54-- -- --Folder create
1/28/2019 8:24:34 AM | * .git/objects/53-- -- --Folder create
1/28/2019 8:24:34 AM | * .git/objects/52-- -- --Folder create
1/28/2019 8:24:34 AM | * .git/objects/51-- -- --Folder create
1/28/2019 8:24:34 AM | * .git/objects/50-- -- --Folder create
1/28/2019 8:24:34 AM | * .git/objects/4f-- -- --Folder create
1/28/2019 8:24:34 AM | * .git/objects/4e-- -- --Folder create
1/28/2019 8:24:34 AM | * .git/objects/4d-- -- --Folder create
1/28/2019 8:24:34 AM | * .git/objects/4c-- -- --Folder create
1/28/2019 8:24:34 AM | * .git/objects/4b-- -- --Folder create
1/28/2019 8:24:34 AM | * .git/objects/4a-- -- --Folder create
1/28/2019 8:24:34 AM | * .git/objects/49-- -- --Folder create
1/28/2019 8:24:34 AM | * .git/objects/48-- -- --Folder create
1/28/2019 8:24:34 AM | * .git/objects/47-- -- --Folder create
1/28/2019 8:24:34 AM | * .git/objects/46-- -- --Folder create
1/28/2019 8:24:34 AM | * .git/objects/45-- -- --Folder create
1/28/2019 8:24:34 AM | * .git/objects/44-- -- --Folder create
1/28/2019 8:24:34 AM | * .git/objects/43-- -- --Folder create
1/28/2019 8:24:34 AM | * .git/objects/42-- -- --Folder create
1/28/2019 8:24:34 AM | * .git/objects/40-- -- --Folder create
1/28/2019 8:24:34 AM | * .git/objects/3f-- -- --Folder create
1/28/2019 8:24:34 AM | * .git/objects/3e-- -- --Folder create
1/28/2019 8:24:34 AM | * .git/objects/3c-- -- --Folder create
1/28/2019 8:24:34 AM | * .git/objects/3b-- -- --Folder create
1/28/2019 8:24:34 AM | * .git/objects/3a-- -- --Folder create
1/28/2019 8:24:34 AM | * .git/objects/39-- -- --Folder create
1/28/2019 8:24:34 AM | * .git/objects/37-- -- --Folder create
1/28/2019 8:24:34 AM | * .git/objects/36-- -- --Folder create
1/28/2019 8:24:34 AM | * .git/objects/35-- -- --Folder create
1/28/2019 8:24:34 AM | * .git/objects/34-- -- --Folder create
1/28/2019 8:24:34 AM | * .git/objects/31-- -- --Folder create
1/28/2019 8:24:34 AM | * .git/objects/30-- -- --Folder create
1/28/2019 8:24:34 AM | * .git/objects/2f-- -- --Folder create
1/28/2019 8:24:34 AM | * .git/objects/2e-- -- --Folder create
1/28/2019 8:24:34 AM | * .git/objects/2d-- -- --Folder create
1/28/2019 8:24:34 AM | * .git/objects/2c-- -- --Folder create
1/28/2019 8:24:34 AM | * .git/objects/2b-- -- --Folder create
1/28/2019 8:24:34 AM | * .git/objects/2a-- -- --Folder create
1/28/2019 8:24:34 AM | * .git/objects/29-- -- --Folder create
1/28/2019 8:24:34 AM | * .git/objects/28-- -- --Folder create
1/28/2019 8:24:34 AM | * .git/objects/27-- -- --Folder create
1/28/2019 8:24:34 AM | * .git/objects/26-- -- --Folder create
1/28/2019 8:24:34 AM | * .git/objects/25-- -- --Folder create
1/28/2019 8:24:34 AM | * .git/objects/23-- -- --Folder create
1/28/2019 8:24:34 AM | * .git/objects/22-- -- --Folder create
1/28/2019 8:24:34 AM | * .git/objects/20-- -- --Folder create
1/28/2019 8:24:34 AM | * .git/objects/1f-- -- --Folder create
1/28/2019 8:24:34 AM | * .git/objects/1e-- -- --Folder create
1/28/2019 8:24:34 AM | * .git/objects/1d-- -- --Folder create
1/28/2019 8:24:34 AM | * .git/objects/1c-- -- --Folder create
1/28/2019 8:24:34 AM | * .git/objects/1b-- -- --Folder create
1/28/2019 8:24:34 AM | * .git/objects/19-- -- --Folder create
1/28/2019 8:24:34 AM | * .git/objects/18-- -- --Folder create
1/28/2019 8:24:34 AM | * .git/objects/17-- -- --Folder create
1/28/2019 8:24:34 AM | * .git/objects/16-- -- --Folder create
1/28/2019 8:24:34 AM | * .git/objects/15-- -- --Folder create
1/28/2019 8:24:34 AM | * .git/objects/14-- -- --Folder create
1/28/2019 8:24:34 AM | * .git/objects/13-- -- --Folder create
1/28/2019 8:24:34 AM | * .git/objects/12-- -- --Folder create
1/28/2019 8:24:34 AM | * .git/objects/11-- -- --Folder create
1/28/2019 8:24:34 AM | * .git/objects/10-- -- --Folder create
1/28/2019 8:24:34 AM | * .git/objects/0f-- -- --Folder create
1/28/2019 8:24:34 AM | * .git/objects/0e-- -- --Folder create
1/28/2019 8:24:34 AM | * .git/objects/0d-- -- --Folder create
1/28/2019 8:24:34 AM | * .git/objects/0c-- -- --Folder create
1/28/2019 8:24:34 AM | * .git/objects/0b-- -- --Folder create
1/28/2019 8:24:34 AM | * .git/objects/0a-- -- --Folder create
1/28/2019 8:24:34 AM | * .git/objects/09-- -- --Folder create
1/28/2019 8:24:34 AM | * .git/objects/08-- -- --Folder create
1/28/2019 8:24:34 AM | * .git/objects/07-- -- --Folder create
1/28/2019 8:24:34 AM | * .git/objects/06-- -- --Folder create
1/28/2019 8:24:34 AM | * .git/objects/05-- -- --Folder create
1/28/2019 8:24:34 AM | * .git/objects/04-- -- --Folder create
1/28/2019 8:24:34 AM | * .git/objects/03-- -- --Folder create
1/28/2019 8:24:34 AM | * .git/objects/02-- -- --Folder create
1/28/2019 8:24:34 AM | * .git/objects/01-- -- --Folder create
1/28/2019 8:24:34 AM | * .git/objects/00-- -- --Folder create
1/28/2019 8:24:34 AM | * .git/logs-- -- --Folder create
1/28/2019 8:24:34 AM | * .git/logs/refs-- -- --Folder create
1/28/2019 8:24:34 AM | * .git/logs/refs/remotes-- -- --Folder create
1/28/2019 8:24:34 AM | * .git/logs/refs/remotes/origin-- -- --Folder create
1/28/2019 8:24:34 AM | * .git/logs/refs/heads-- -- --Folder create
1/28/2019 8:24:34 AM | * .git/lfs-- -- --Folder create
1/28/2019 8:24:34 AM | * .git/lfs/tmp-- -- --Folder create
1/28/2019 8:24:34 AM | * .git/lfs/objects-- -- --Folder create
1/28/2019 8:24:34 AM | * .git/info-- -- --Folder create
1/28/2019 8:24:34 AM | * .git/hooks-- -- --Folder create
1/28/2019 8:24:34 AM | * Backup-- -- --Folder create
1/28/2019 8:24:34 AM | * Files-- -- --Folder create
1/28/2019 8:24:34 AM | * Files/Image-- -- --Folder create
1/28/2019 8:24:34 AM | * WEFiles-- -- --Folder create
1/28/2019 8:24:34 AM | * WEFiles/Image-- -- --Folder create
1/28/2019 8:24:34 AM | * WEFiles/Image/WEImage-- -- --Folder create
1/28/2019 8:24:34 AM | * Templates-- -- --Folder create
1/28/2019 8:24:34 AM | * Backup/.htaccess-- -- --33
1/28/2019 8:24:34 AM | * .htaccess-- -- --0
1/28/2019 8:24:34 AM | * contact(var).js-- -- --2153
1/28/2019 8:24:34 AM | * contact(var).php-- -- --779
1/28/2019 8:24:34 AM | * contact.css-- -- --2455
1/28/2019 8:24:34 AM | * Files/Image/att.jpg-- -- --7550
1/28/2019 8:24:34 AM | * WEFiles/Image/WEImage/att-WE992fb21b2f.jpg-- -- --3314
1/28/2019 8:24:34 AM | * Backup/contact.dat-- -- --574032
1/28/2019 8:24:34 AM | * contact.en.htm-- -- --25859
1/28/2019 8:24:34 AM | * contact.htm-- -- --25864
1/28/2019 8:24:34 AM | * index(var).js-- -- --1583
1/28/2019 8:24:34 AM | * index.css-- -- --4350
1/28/2019 8:24:34 AM | * Backup/index.dat-- -- --694758
1/28/2019 8:24:34 AM | * index.en.htm-- -- --29687
1/28/2019 8:24:34 AM | * index.htm-- -- --29784
1/28/2019 8:24:34 AM | * Inscription.css-- -- --3250
1/28/2019 8:24:34 AM | * Backup/Inscription.dat-- -- --583652
1/28/2019 8:24:34 AM | * Inscription.en.htm-- -- --29768
1/28/2019 8:24:34 AM | * Inscription.htm-- -- --29359
1/28/2019 8:24:34 AM | * Liens.css-- -- --3256
1/28/2019 8:24:34 AM | * Backup/Liens.dat-- -- --551561
1/28/2019 8:24:34 AM | * Liens.en.htm-- -- --26109
1/28/2019 8:24:34 AM | * Liens.htm-- -- --26229
1/28/2019 8:24:34 AM | * mentions-legales.css-- -- --2514
1/28/2019 8:24:34 AM | * Backup/mentions-legales.dat-- -- --396534
1/28/2019 8:24:34 AM | * mentions-legales.en.htm-- -- --22557
1/28/2019 8:24:34 AM | * mentions-legales.htm-- -- --22562
1/28/2019 8:24:34 AM | * page3.css-- -- --3108
1/28/2019 8:24:34 AM | * Backup/page3.dat-- -- --516071
1/28/2019 8:24:34 AM | * page3.en.htm-- -- --25637
1/28/2019 8:24:34 AM | * page3.htm-- -- --25642
1/28/2019 8:24:34 AM | * Page4.css-- -- --557
1/28/2019 8:24:34 AM | * Backup/Page4.dat-- -- --100826
1/28/2019 8:24:34 AM | * Page4.en.htm-- -- --19262
1/28/2019 8:24:35 AM | * Page4.htm-- -- --19267
1/28/2019 8:24:35 AM | * Photos.css-- -- --3420
1/28/2019 8:24:35 AM | * Backup/Photos.dat-- -- --596551
1/28/2019 8:24:35 AM | * Photos.en.htm-- -- --28213
1/28/2019 8:24:35 AM | * Photos.htm-- -- --28230
1/28/2019 8:24:35 AM | * Photos_old.css-- -- --1862
1/28/2019 8:24:35 AM | * Backup/Photos_old.dat-- -- --395115
1/28/2019 8:24:35 AM | * Photos_old.en.htm-- -- --22619
1/28/2019 8:24:35 AM | * Photos_old.htm-- -- --22646
1/28/2019 8:24:35 AM | * Resultats(var).js-- -- --1583
1/28/2019 8:24:35 AM | * Resultats.css-- -- --3443
1/28/2019 8:24:35 AM | * Backup/Resultats.dat-- -- --582055
1/28/2019 8:24:35 AM | * Resultats.en.htm-- -- --29751
1/28/2019 8:24:35 AM | * Resultats.htm-- -- --29670
1/28/2019 8:24:35 AM | * Resultats_old(var).js-- -- --1583
1/28/2019 8:24:35 AM | * Resultats_old.css-- -- --2487
1/28/2019 8:24:35 AM | * Backup/Resultats_old.dat-- -- --518602
1/28/2019 8:24:35 AM | * Resultats_old.en.htm-- -- --29356
1/28/2019 8:24:35 AM | * Resultats_old.htm-- -- --29339
1/28/2019 8:24:35 AM | * Templates/design.css-- -- --8043
1/28/2019 8:24:35 AM | * Backup/Templates/design.tdat-- -- --1002455
1/28/2019 8:24:35 AM | * sitemap.xml-- -- --8286
1/28/2019 8:24:35 AM | * robots.txt-- -- --45
1/28/2019 8:24:35 AM | * Backup/Templates/Controls/WEGalleryCarrousel2_4c2a6f64.OESkin-- -- --63861
1/28/2019 8:24:35 AM | * Backup/Templates/Controls/WEMenu_30e74168.OESkin-- -- --63872
1/28/2019 8:24:35 AM | * Backup/Templates/Controls/WEText_d0120a9e.OESkin-- -- --59566
1/28/2019 8:24:35 AM | * Backup/TrailV2.ope-- -- --3627
1/28/2019 8:24:35 AM | 
1/28/2019 8:24:35 AM | 
--------------------------------Phase 1 Terminé--------------------------------
1/28/2019 8:24:35 AM | 

1/28/2019 8:58:43 AM | Debut Mise en ligne différentielle (Site):
1/28/2019 8:58:49 AM | Listing terminé :
1/28/2019 8:58:49 AM | 

1/28/2019 8:58:49 AM | * .git-- -- --Folder create
1/28/2019 8:58:49 AM | * .git/refs-- -- --Folder create
1/28/2019 8:58:49 AM | * .git/refs/remotes-- -- --Folder create
1/28/2019 8:58:49 AM | * .git/refs/remotes/origin-- -- --Folder create
1/28/2019 8:58:49 AM | * .git/refs/heads-- -- --Folder create
1/28/2019 8:58:49 AM | * .git/objects-- -- --Folder create
1/28/2019 8:58:49 AM | * .git/objects/ff-- -- --Folder create
1/28/2019 8:58:49 AM | * .git/objects/fe-- -- --Folder create
1/28/2019 8:58:49 AM | * .git/objects/fd-- -- --Folder create
1/28/2019 8:58:49 AM | * .git/objects/fc-- -- --Folder create
1/28/2019 8:58:49 AM | * .git/objects/fb-- -- --Folder create
1/28/2019 8:58:49 AM | * .git/objects/fa-- -- --Folder create
1/28/2019 8:58:49 AM | * .git/objects/f9-- -- --Folder create
1/28/2019 8:58:49 AM | * .git/objects/f8-- -- --Folder create
1/28/2019 8:58:49 AM | * .git/objects/f7-- -- --Folder create
1/28/2019 8:58:49 AM | * .git/objects/f6-- -- --Folder create
1/28/2019 8:58:49 AM | * .git/objects/f5-- -- --Folder create
1/28/2019 8:58:49 AM | * .git/objects/f4-- -- --Folder create
1/28/2019 8:58:49 AM | * .git/objects/f3-- -- --Folder create
1/28/2019 8:58:49 AM | * .git/objects/f1-- -- --Folder create
1/28/2019 8:58:49 AM | * .git/objects/f0-- -- --Folder create
1/28/2019 8:58:49 AM | * .git/objects/ef-- -- --Folder create
1/28/2019 8:58:49 AM | * .git/objects/ed-- -- --Folder create
1/28/2019 8:58:49 AM | * .git/objects/ec-- -- --Folder create
1/28/2019 8:58:49 AM | * .git/objects/eb-- -- --Folder create
1/28/2019 8:58:49 AM | * .git/objects/ea-- -- --Folder create
1/28/2019 8:58:49 AM | * .git/objects/e9-- -- --Folder create
1/28/2019 8:58:49 AM | * .git/objects/e8-- -- --Folder create
1/28/2019 8:58:49 AM | * .git/objects/e7-- -- --Folder create
1/28/2019 8:58:49 AM | * .git/objects/e6-- -- --Folder create
1/28/2019 8:58:49 AM | * .git/objects/e5-- -- --Folder create
1/28/2019 8:58:49 AM | * .git/objects/e3-- -- --Folder create
1/28/2019 8:58:49 AM | * .git/objects/e2-- -- --Folder create
1/28/2019 8:58:49 AM | * .git/objects/e1-- -- --Folder create
1/28/2019 8:58:49 AM | * .git/objects/e0-- -- --Folder create
1/28/2019 8:58:49 AM | * .git/objects/df-- -- --Folder create
1/28/2019 8:58:49 AM | * .git/objects/de-- -- --Folder create
1/28/2019 8:58:49 AM | * .git/objects/dd-- -- --Folder create
1/28/2019 8:58:49 AM | * .git/objects/dc-- -- --Folder create
1/28/2019 8:58:49 AM | * .git/objects/db-- -- --Folder create
1/28/2019 8:58:49 AM | * .git/objects/da-- -- --Folder create
1/28/2019 8:58:49 AM | * .git/objects/d9-- -- --Folder create
1/28/2019 8:58:49 AM | * .git/objects/d8-- -- --Folder create
1/28/2019 8:58:49 AM | * .git/objects/d7-- -- --Folder create
1/28/2019 8:58:49 AM | * .git/objects/d6-- -- --Folder create
1/28/2019 8:58:49 AM | * .git/objects/d5-- -- --Folder create
1/28/2019 8:58:49 AM | * .git/objects/d4-- -- --Folder create
1/28/2019 8:58:49 AM | * .git/objects/d2-- -- --Folder create
1/28/2019 8:58:49 AM | * .git/objects/d0-- -- --Folder create
1/28/2019 8:58:49 AM | * .git/objects/cf-- -- --Folder create
1/28/2019 8:58:49 AM | * .git/objects/cd-- -- --Folder create
1/28/2019 8:58:49 AM | * .git/objects/cc-- -- --Folder create
1/28/2019 8:58:49 AM | * .git/objects/cb-- -- --Folder create
1/28/2019 8:58:49 AM | * .git/objects/ca-- -- --Folder create
1/28/2019 8:58:49 AM | * .git/objects/c9-- -- --Folder create
1/28/2019 8:58:49 AM | * .git/objects/c8-- -- --Folder create
1/28/2019 8:58:49 AM | * .git/objects/c7-- -- --Folder create
1/28/2019 8:58:49 AM | * .git/objects/c5-- -- --Folder create
1/28/2019 8:58:49 AM | * .git/objects/c4-- -- --Folder create
1/28/2019 8:58:49 AM | * .git/objects/c3-- -- --Folder create
1/28/2019 8:58:49 AM | * .git/objects/c2-- -- --Folder create
1/28/2019 8:58:49 AM | * .git/objects/c0-- -- --Folder create
1/28/2019 8:58:49 AM | * .git/objects/bf-- -- --Folder create
1/28/2019 8:58:49 AM | * .git/objects/be-- -- --Folder create
1/28/2019 8:58:49 AM | * .git/objects/bd-- -- --Folder create
1/28/2019 8:58:49 AM | * .git/objects/bc-- -- --Folder create
1/28/2019 8:58:49 AM | * .git/objects/bb-- -- --Folder create
1/28/2019 8:58:49 AM | * .git/objects/ba-- -- --Folder create
1/28/2019 8:58:49 AM | * .git/objects/b9-- -- --Folder create
1/28/2019 8:58:49 AM | * .git/objects/b8-- -- --Folder create
1/28/2019 8:58:49 AM | * .git/objects/b7-- -- --Folder create
1/28/2019 8:58:49 AM | * .git/objects/b5-- -- --Folder create
1/28/2019 8:58:49 AM | * .git/objects/b4-- -- --Folder create
1/28/2019 8:58:49 AM | * .git/objects/b3-- -- --Folder create
1/28/2019 8:58:49 AM | * .git/objects/b2-- -- --Folder create
1/28/2019 8:58:49 AM | * .git/objects/b1-- -- --Folder create
1/28/2019 8:58:49 AM | * .git/objects/b0-- -- --Folder create
1/28/2019 8:58:49 AM | * .git/objects/af-- -- --Folder create
1/28/2019 8:58:49 AM | * .git/objects/ae-- -- --Folder create
1/28/2019 8:58:49 AM | * .git/objects/ad-- -- --Folder create
1/28/2019 8:58:49 AM | * .git/objects/ac-- -- --Folder create
1/28/2019 8:58:49 AM | * .git/objects/ab-- -- --Folder create
1/28/2019 8:58:49 AM | * .git/objects/aa-- -- --Folder create
1/28/2019 8:58:49 AM | * .git/objects/a9-- -- --Folder create
1/28/2019 8:58:49 AM | * .git/objects/a8-- -- --Folder create
1/28/2019 8:58:49 AM | * .git/objects/a7-- -- --Folder create
1/28/2019 8:58:49 AM | * .git/objects/a6-- -- --Folder create
1/28/2019 8:58:49 AM | * .git/objects/a5-- -- --Folder create
1/28/2019 8:58:49 AM | * .git/objects/a4-- -- --Folder create
1/28/2019 8:58:49 AM | * .git/objects/a3-- -- --Folder create
1/28/2019 8:58:49 AM | * .git/objects/a2-- -- --Folder create
1/28/2019 8:58:49 AM | * .git/objects/a1-- -- --Folder create
1/28/2019 8:58:49 AM | * .git/objects/a0-- -- --Folder create
1/28/2019 8:58:49 AM | * .git/objects/9f-- -- --Folder create
1/28/2019 8:58:49 AM | * .git/objects/9e-- -- --Folder create
1/28/2019 8:58:49 AM | * .git/objects/9d-- -- --Folder create
1/28/2019 8:58:49 AM | * .git/objects/9c-- -- --Folder create
1/28/2019 8:58:49 AM | * .git/objects/9b-- -- --Folder create
1/28/2019 8:58:49 AM | * .git/objects/9a-- -- --Folder create
1/28/2019 8:58:49 AM | * .git/objects/99-- -- --Folder create
1/28/2019 8:58:49 AM | * .git/objects/98-- -- --Folder create
1/28/2019 8:58:49 AM | * .git/objects/97-- -- --Folder create
1/28/2019 8:58:49 AM | * .git/objects/96-- -- --Folder create
1/28/2019 8:58:49 AM | * .git/objects/95-- -- --Folder create
1/28/2019 8:58:49 AM | * .git/objects/94-- -- --Folder create
1/28/2019 8:58:49 AM | * .git/objects/91-- -- --Folder create
1/28/2019 8:58:49 AM | * .git/objects/90-- -- --Folder create
1/28/2019 8:58:49 AM | * .git/objects/8f-- -- --Folder create
1/28/2019 8:58:49 AM | * .git/objects/8e-- -- --Folder create
1/28/2019 8:58:49 AM | * .git/objects/8d-- -- --Folder create
1/28/2019 8:58:49 AM | * .git/objects/8c-- -- --Folder create
1/28/2019 8:58:49 AM | * .git/objects/8a-- -- --Folder create
1/28/2019 8:58:49 AM | * .git/objects/89-- -- --Folder create
1/28/2019 8:58:49 AM | * .git/objects/88-- -- --Folder create
1/28/2019 8:58:49 AM | * .git/objects/87-- -- --Folder create
1/28/2019 8:58:49 AM | * .git/objects/86-- -- --Folder create
1/28/2019 8:58:49 AM | * .git/objects/85-- -- --Folder create
1/28/2019 8:58:49 AM | * .git/objects/84-- -- --Folder create
1/28/2019 8:58:49 AM | * .git/objects/83-- -- --Folder create
1/28/2019 8:58:49 AM | * .git/objects/82-- -- --Folder create
1/28/2019 8:58:49 AM | * .git/objects/81-- -- --Folder create
1/28/2019 8:58:49 AM | * .git/objects/80-- -- --Folder create
1/28/2019 8:58:49 AM | * .git/objects/7f-- -- --Folder create
1/28/2019 8:58:49 AM | * .git/objects/7e-- -- --Folder create
1/28/2019 8:58:49 AM | * .git/objects/7d-- -- --Folder create
1/28/2019 8:58:49 AM | * .git/objects/7c-- -- --Folder create
1/28/2019 8:58:49 AM | * .git/objects/7b-- -- --Folder create
1/28/2019 8:58:49 AM | * .git/objects/7a-- -- --Folder create
1/28/2019 8:58:49 AM | * .git/objects/79-- -- --Folder create
1/28/2019 8:58:49 AM | * .git/objects/78-- -- --Folder create
1/28/2019 8:58:49 AM | * .git/objects/77-- -- --Folder create
1/28/2019 8:58:49 AM | * .git/objects/76-- -- --Folder create
1/28/2019 8:58:49 AM | * .git/objects/75-- -- --Folder create
1/28/2019 8:58:49 AM | * .git/objects/74-- -- --Folder create
1/28/2019 8:58:49 AM | * .git/objects/73-- -- --Folder create
1/28/2019 8:58:49 AM | * .git/objects/72-- -- --Folder create
1/28/2019 8:58:49 AM | * .git/objects/70-- -- --Folder create
1/28/2019 8:58:49 AM | * .git/objects/6f-- -- --Folder create
1/28/2019 8:58:49 AM | * .git/objects/6e-- -- --Folder create
1/28/2019 8:58:49 AM | * .git/objects/6d-- -- --Folder create
1/28/2019 8:58:49 AM | * .git/objects/6c-- -- --Folder create
1/28/2019 8:58:49 AM | * .git/objects/6b-- -- --Folder create
1/28/2019 8:58:49 AM | * .git/objects/6a-- -- --Folder create
1/28/2019 8:58:49 AM | * .git/objects/69-- -- --Folder create
1/28/2019 8:58:49 AM | * .git/objects/67-- -- --Folder create
1/28/2019 8:58:49 AM | * .git/objects/66-- -- --Folder create
1/28/2019 8:58:49 AM | * .git/objects/65-- -- --Folder create
1/28/2019 8:58:49 AM | * .git/objects/64-- -- --Folder create
1/28/2019 8:58:49 AM | * .git/objects/63-- -- --Folder create
1/28/2019 8:58:49 AM | * .git/objects/61-- -- --Folder create
1/28/2019 8:58:49 AM | * .git/objects/60-- -- --Folder create
1/28/2019 8:58:49 AM | * .git/objects/5f-- -- --Folder create
1/28/2019 8:58:49 AM | * .git/objects/5e-- -- --Folder create
1/28/2019 8:58:49 AM | * .git/objects/5d-- -- --Folder create
1/28/2019 8:58:49 AM | * .git/objects/5c-- -- --Folder create
1/28/2019 8:58:49 AM | * .git/objects/5b-- -- --Folder create
1/28/2019 8:58:49 AM | * .git/objects/59-- -- --Folder create
1/28/2019 8:58:49 AM | * .git/objects/56-- -- --Folder create
1/28/2019 8:58:49 AM | * .git/objects/55-- -- --Folder create
1/28/2019 8:58:49 AM | * .git/objects/54-- -- --Folder create
1/28/2019 8:58:49 AM | * .git/objects/53-- -- --Folder create
1/28/2019 8:58:49 AM | * .git/objects/52-- -- --Folder create
1/28/2019 8:58:49 AM | * .git/objects/51-- -- --Folder create
1/28/2019 8:58:49 AM | * .git/objects/50-- -- --Folder create
1/28/2019 8:58:49 AM | * .git/objects/4f-- -- --Folder create
1/28/2019 8:58:49 AM | * .git/objects/4e-- -- --Folder create
1/28/2019 8:58:49 AM | * .git/objects/4d-- -- --Folder create
1/28/2019 8:58:49 AM | * .git/objects/4c-- -- --Folder create
1/28/2019 8:58:49 AM | * .git/objects/4b-- -- --Folder create
1/28/2019 8:58:49 AM | * .git/objects/4a-- -- --Folder create
1/28/2019 8:58:49 AM | * .git/objects/49-- -- --Folder create
1/28/2019 8:58:49 AM | * .git/objects/48-- -- --Folder create
1/28/2019 8:58:49 AM | * .git/objects/47-- -- --Folder create
1/28/2019 8:58:49 AM | * .git/objects/46-- -- --Folder create
1/28/2019 8:58:49 AM | * .git/objects/45-- -- --Folder create
1/28/2019 8:58:49 AM | * .git/objects/44-- -- --Folder create
1/28/2019 8:58:49 AM | * .git/objects/43-- -- --Folder create
1/28/2019 8:58:49 AM | * .git/objects/42-- -- --Folder create
1/28/2019 8:58:49 AM | * .git/objects/40-- -- --Folder create
1/28/2019 8:58:49 AM | * .git/objects/3f-- -- --Folder create
1/28/2019 8:58:49 AM | * .git/objects/3e-- -- --Folder create
1/28/2019 8:58:49 AM | * .git/objects/3c-- -- --Folder create
1/28/2019 8:58:49 AM | * .git/objects/3b-- -- --Folder create
1/28/2019 8:58:49 AM | * .git/objects/3a-- -- --Folder create
1/28/2019 8:58:49 AM | * .git/objects/39-- -- --Folder create
1/28/2019 8:58:49 AM | * .git/objects/37-- -- --Folder create
1/28/2019 8:58:49 AM | * .git/objects/36-- -- --Folder create
1/28/2019 8:58:49 AM | * .git/objects/35-- -- --Folder create
1/28/2019 8:58:49 AM | * .git/objects/34-- -- --Folder create
1/28/2019 8:58:49 AM | * .git/objects/31-- -- --Folder create
1/28/2019 8:58:49 AM | * .git/objects/30-- -- --Folder create
1/28/2019 8:58:49 AM | * .git/objects/2f-- -- --Folder create
1/28/2019 8:58:49 AM | * .git/objects/2e-- -- --Folder create
1/28/2019 8:58:49 AM | * .git/objects/2d-- -- --Folder create
1/28/2019 8:58:49 AM | * .git/objects/2c-- -- --Folder create
1/28/2019 8:58:49 AM | * .git/objects/2b-- -- --Folder create
1/28/2019 8:58:49 AM | * .git/objects/2a-- -- --Folder create
1/28/2019 8:58:49 AM | * .git/objects/29-- -- --Folder create
1/28/2019 8:58:49 AM | * .git/objects/28-- -- --Folder create
1/28/2019 8:58:49 AM | * .git/objects/27-- -- --Folder create
1/28/2019 8:58:49 AM | * .git/objects/26-- -- --Folder create
1/28/2019 8:58:49 AM | * .git/objects/25-- -- --Folder create
1/28/2019 8:58:49 AM | * .git/objects/23-- -- --Folder create
1/28/2019 8:58:49 AM | * .git/objects/22-- -- --Folder create
1/28/2019 8:58:49 AM | * .git/objects/20-- -- --Folder create
1/28/2019 8:58:49 AM | * .git/objects/1f-- -- --Folder create
1/28/2019 8:58:49 AM | * .git/objects/1e-- -- --Folder create
1/28/2019 8:58:49 AM | * .git/objects/1d-- -- --Folder create
1/28/2019 8:58:49 AM | * .git/objects/1c-- -- --Folder create
1/28/2019 8:58:49 AM | * .git/objects/1b-- -- --Folder create
1/28/2019 8:58:49 AM | * .git/objects/19-- -- --Folder create
1/28/2019 8:58:49 AM | * .git/objects/18-- -- --Folder create
1/28/2019 8:58:49 AM | * .git/objects/17-- -- --Folder create
1/28/2019 8:58:49 AM | * .git/objects/16-- -- --Folder create
1/28/2019 8:58:49 AM | * .git/objects/15-- -- --Folder create
1/28/2019 8:58:49 AM | * .git/objects/14-- -- --Folder create
1/28/2019 8:58:49 AM | * .git/objects/13-- -- --Folder create
1/28/2019 8:58:49 AM | * .git/objects/12-- -- --Folder create
1/28/2019 8:58:49 AM | * .git/objects/11-- -- --Folder create
1/28/2019 8:58:49 AM | * .git/objects/10-- -- --Folder create
1/28/2019 8:58:49 AM | * .git/objects/0f-- -- --Folder create
1/28/2019 8:58:49 AM | * .git/objects/0e-- -- --Folder create
1/28/2019 8:58:49 AM | * .git/objects/0d-- -- --Folder create
1/28/2019 8:58:49 AM | * .git/objects/0c-- -- --Folder create
1/28/2019 8:58:49 AM | * .git/objects/0b-- -- --Folder create
1/28/2019 8:58:49 AM | * .git/objects/0a-- -- --Folder create
1/28/2019 8:58:49 AM | * .git/objects/09-- -- --Folder create
1/28/2019 8:58:49 AM | * .git/objects/08-- -- --Folder create
1/28/2019 8:58:49 AM | * .git/objects/07-- -- --Folder create
1/28/2019 8:58:49 AM | * .git/objects/06-- -- --Folder create
1/28/2019 8:58:49 AM | * .git/objects/05-- -- --Folder create
1/28/2019 8:58:49 AM | * .git/objects/04-- -- --Folder create
1/28/2019 8:58:49 AM | * .git/objects/03-- -- --Folder create
1/28/2019 8:58:49 AM | * .git/objects/02-- -- --Folder create
1/28/2019 8:58:49 AM | * .git/objects/01-- -- --Folder create
1/28/2019 8:58:49 AM | * .git/objects/00-- -- --Folder create
1/28/2019 8:58:49 AM | * .git/logs-- -- --Folder create
1/28/2019 8:58:49 AM | * .git/logs/refs-- -- --Folder create
1/28/2019 8:58:49 AM | * .git/logs/refs/remotes-- -- --Folder create
1/28/2019 8:58:49 AM | * .git/logs/refs/remotes/origin-- -- --Folder create
1/28/2019 8:58:49 AM | * .git/logs/refs/heads-- -- --Folder create
1/28/2019 8:58:49 AM | * .git/lfs-- -- --Folder create
1/28/2019 8:58:49 AM | * .git/lfs/tmp-- -- --Folder create
1/28/2019 8:58:49 AM | * .git/lfs/objects-- -- --Folder create
1/28/2019 8:58:49 AM | * .git/info-- -- --Folder create
1/28/2019 8:58:49 AM | * .git/hooks-- -- --Folder create
1/28/2019 8:58:49 AM | * Backup-- -- --Folder create
1/28/2019 8:58:49 AM | * Files-- -- --Folder create
1/28/2019 8:58:49 AM | * Files/Image-- -- --Folder create
1/28/2019 8:58:49 AM | * WEFiles-- -- --Folder create
1/28/2019 8:58:49 AM | * WEFiles/Image-- -- --Folder create
1/28/2019 8:58:49 AM | * WEFiles/Image/WEImage-- -- --Folder create
1/28/2019 8:58:49 AM | * Templates-- -- --Folder create
1/28/2019 8:58:49 AM | * Backup/.htaccess-- -- --33
1/28/2019 8:58:49 AM | * .htaccess-- -- --0
1/28/2019 8:58:49 AM | * contact(var).js-- -- --2153
1/28/2019 8:58:49 AM | * contact(var).php-- -- --779
1/28/2019 8:58:49 AM | * contact.css-- -- --2455
1/28/2019 8:58:49 AM | * Files/Image/attentionsite.png-- -- --9763
1/28/2019 8:58:49 AM | * WEFiles/Image/WEImage/attentionsite-WEaad0c6e0a3.png-- -- --2313
1/28/2019 8:58:49 AM | * WEFiles/Image/WEImage/attentionsite-WEd06310f638.png-- -- --2313
1/28/2019 8:58:49 AM | * Backup/contact.dat-- -- --574032
1/28/2019 8:58:49 AM | * contact.en.htm-- -- --25879
1/28/2019 8:58:49 AM | * contact.htm-- -- --25884
1/28/2019 8:58:49 AM | * index(var).js-- -- --1583
1/28/2019 8:58:49 AM | * index.css-- -- --4350
1/28/2019 8:58:49 AM | * Backup/index.dat-- -- --694758
1/28/2019 8:58:49 AM | * index.en.htm-- -- --29707
1/28/2019 8:58:49 AM | * index.htm-- -- --29804
1/28/2019 8:58:49 AM | * Inscription.css-- -- --3250
1/28/2019 8:58:49 AM | * Backup/Inscription.dat-- -- --583652
1/28/2019 8:58:49 AM | * Inscription.en.htm-- -- --29788
1/28/2019 8:58:49 AM | * Inscription.htm-- -- --29379
1/28/2019 8:58:49 AM | * Liens.css-- -- --3256
1/28/2019 8:58:49 AM | * Backup/Liens.dat-- -- --551561
1/28/2019 8:58:49 AM | * Liens.en.htm-- -- --26129
1/28/2019 8:58:49 AM | * Liens.htm-- -- --26249
1/28/2019 8:58:49 AM | * mentions-legales.css-- -- --2514
1/28/2019 8:58:49 AM | * Backup/mentions-legales.dat-- -- --396534
1/28/2019 8:58:49 AM | * mentions-legales.en.htm-- -- --22577
1/28/2019 8:58:49 AM | * mentions-legales.htm-- -- --22582
1/28/2019 8:58:49 AM | * page3.css-- -- --3108
1/28/2019 8:58:49 AM | * Backup/page3.dat-- -- --516071
1/28/2019 8:58:49 AM | * page3.en.htm-- -- --25657
1/28/2019 8:58:49 AM | * page3.htm-- -- --25662
1/28/2019 8:58:49 AM | * Page4.css-- -- --557
1/28/2019 8:58:49 AM | * Backup/Page4.dat-- -- --100826
1/28/2019 8:58:49 AM | * Page4.en.htm-- -- --19282
1/28/2019 8:58:49 AM | * Page4.htm-- -- --19287
1/28/2019 8:58:49 AM | * Photos.css-- -- --3420
1/28/2019 8:58:49 AM | * Backup/Photos.dat-- -- --596551
1/28/2019 8:58:49 AM | * Photos.en.htm-- -- --28233
1/28/2019 8:58:49 AM | * Photos.htm-- -- --28250
1/28/2019 8:58:49 AM | * Photos_old.css-- -- --1862
1/28/2019 8:58:49 AM | * Backup/Photos_old.dat-- -- --395115
1/28/2019 8:58:49 AM | * Photos_old.en.htm-- -- --22639
1/28/2019 8:58:49 AM | * Photos_old.htm-- -- --22666
1/28/2019 8:58:49 AM | * Resultats(var).js-- -- --1583
1/28/2019 8:58:49 AM | * Resultats.css-- -- --3504
1/28/2019 8:58:49 AM | * Backup/Resultats.dat-- -- --609227
1/28/2019 8:58:49 AM | * Resultats.en.htm-- -- --29771
1/28/2019 8:58:49 AM | * Resultats.htm-- -- --29690
1/28/2019 8:58:49 AM | * Resultats_old(var).js-- -- --1583
1/28/2019 8:58:49 AM | * Resultats_old.css-- -- --2487
1/28/2019 8:58:49 AM | * Backup/Resultats_old.dat-- -- --518602
1/28/2019 8:58:49 AM | * Resultats_old.en.htm-- -- --29376
1/28/2019 8:58:49 AM | * Resultats_old.htm-- -- --29359
1/28/2019 8:58:49 AM | * Templates/design.css-- -- --8043
1/28/2019 8:58:49 AM | * Backup/Templates/design.tdat-- -- --1002563
1/28/2019 8:58:49 AM | * sitemap.xml-- -- --8286
1/28/2019 8:58:49 AM | * robots.txt-- -- --45
1/28/2019 8:58:49 AM | * Backup/Templates/Controls/WEGalleryCarrousel2_4c2a6f64.OESkin-- -- --63861
1/28/2019 8:58:49 AM | * Backup/Templates/Controls/WEMenu_30e74168.OESkin-- -- --63872
1/28/2019 8:58:49 AM | * Backup/Templates/Controls/WEText_d0120a9e.OESkin-- -- --59566
1/28/2019 8:58:49 AM | * Backup/TrailV2.ope-- -- --3627
1/28/2019 8:58:49 AM | 
1/28/2019 8:58:49 AM | 
--------------------------------Phase 1 Terminé--------------------------------
1/28/2019 8:58:49 AM | 

1/28/2019 5:27:02 PM | Debut Mise en ligne différentielle (Site):
1/28/2019 5:27:03 PM | Listing terminé :
1/28/2019 5:27:03 PM | 

1/28/2019 5:27:03 PM | * .git-- -- --Folder create
1/28/2019 5:27:03 PM | * .git/refs-- -- --Folder create
1/28/2019 5:27:03 PM | * .git/refs/remotes-- -- --Folder create
1/28/2019 5:27:03 PM | * .git/refs/remotes/origin-- -- --Folder create
1/28/2019 5:27:03 PM | * .git/refs/heads-- -- --Folder create
1/28/2019 5:27:03 PM | * .git/objects-- -- --Folder create
1/28/2019 5:27:03 PM | * .git/objects/ff-- -- --Folder create
1/28/2019 5:27:03 PM | * .git/objects/fe-- -- --Folder create
1/28/2019 5:27:03 PM | * .git/objects/fd-- -- --Folder create
1/28/2019 5:27:03 PM | * .git/objects/fc-- -- --Folder create
1/28/2019 5:27:03 PM | * .git/objects/fb-- -- --Folder create
1/28/2019 5:27:03 PM | * .git/objects/fa-- -- --Folder create
1/28/2019 5:27:03 PM | * .git/objects/f9-- -- --Folder create
1/28/2019 5:27:03 PM | * .git/objects/f8-- -- --Folder create
1/28/2019 5:27:03 PM | * .git/objects/f7-- -- --Folder create
1/28/2019 5:27:03 PM | * .git/objects/f6-- -- --Folder create
1/28/2019 5:27:03 PM | * .git/objects/f5-- -- --Folder create
1/28/2019 5:27:03 PM | * .git/objects/f4-- -- --Folder create
1/28/2019 5:27:03 PM | * .git/objects/f3-- -- --Folder create
1/28/2019 5:27:03 PM | * .git/objects/f1-- -- --Folder create
1/28/2019 5:27:03 PM | * .git/objects/f0-- -- --Folder create
1/28/2019 5:27:03 PM | * .git/objects/ef-- -- --Folder create
1/28/2019 5:27:03 PM | * .git/objects/ed-- -- --Folder create
1/28/2019 5:27:03 PM | * .git/objects/ec-- -- --Folder create
1/28/2019 5:27:03 PM | * .git/objects/eb-- -- --Folder create
1/28/2019 5:27:03 PM | * .git/objects/ea-- -- --Folder create
1/28/2019 5:27:03 PM | * .git/objects/e9-- -- --Folder create
1/28/2019 5:27:03 PM | * .git/objects/e8-- -- --Folder create
1/28/2019 5:27:03 PM | * .git/objects/e7-- -- --Folder create
1/28/2019 5:27:03 PM | * .git/objects/e6-- -- --Folder create
1/28/2019 5:27:03 PM | * .git/objects/e5-- -- --Folder create
1/28/2019 5:27:03 PM | * .git/objects/e3-- -- --Folder create
1/28/2019 5:27:03 PM | * .git/objects/e2-- -- --Folder create
1/28/2019 5:27:03 PM | * .git/objects/e1-- -- --Folder create
1/28/2019 5:27:03 PM | * .git/objects/e0-- -- --Folder create
1/28/2019 5:27:03 PM | * .git/objects/df-- -- --Folder create
1/28/2019 5:27:03 PM | * .git/objects/de-- -- --Folder create
1/28/2019 5:27:03 PM | * .git/objects/dd-- -- --Folder create
1/28/2019 5:27:03 PM | * .git/objects/dc-- -- --Folder create
1/28/2019 5:27:03 PM | * .git/objects/db-- -- --Folder create
1/28/2019 5:27:03 PM | * .git/objects/da-- -- --Folder create
1/28/2019 5:27:03 PM | * .git/objects/d9-- -- --Folder create
1/28/2019 5:27:03 PM | * .git/objects/d8-- -- --Folder create
1/28/2019 5:27:03 PM | * .git/objects/d7-- -- --Folder create
1/28/2019 5:27:03 PM | * .git/objects/d6-- -- --Folder create
1/28/2019 5:27:03 PM | * .git/objects/d5-- -- --Folder create
1/28/2019 5:27:03 PM | * .git/objects/d4-- -- --Folder create
1/28/2019 5:27:03 PM | * .git/objects/d2-- -- --Folder create
1/28/2019 5:27:03 PM | * .git/objects/d0-- -- --Folder create
1/28/2019 5:27:03 PM | * .git/objects/cf-- -- --Folder create
1/28/2019 5:27:03 PM | * .git/objects/cd-- -- --Folder create
1/28/2019 5:27:03 PM | * .git/objects/cc-- -- --Folder create
1/28/2019 5:27:03 PM | * .git/objects/cb-- -- --Folder create
1/28/2019 5:27:03 PM | * .git/objects/ca-- -- --Folder create
1/28/2019 5:27:03 PM | * .git/objects/c9-- -- --Folder create
1/28/2019 5:27:03 PM | * .git/objects/c8-- -- --Folder create
1/28/2019 5:27:03 PM | * .git/objects/c7-- -- --Folder create
1/28/2019 5:27:03 PM | * .git/objects/c5-- -- --Folder create
1/28/2019 5:27:03 PM | * .git/objects/c4-- -- --Folder create
1/28/2019 5:27:03 PM | * .git/objects/c3-- -- --Folder create
1/28/2019 5:27:03 PM | * .git/objects/c2-- -- --Folder create
1/28/2019 5:27:03 PM | * .git/objects/c0-- -- --Folder create
1/28/2019 5:27:03 PM | * .git/objects/bf-- -- --Folder create
1/28/2019 5:27:03 PM | * .git/objects/be-- -- --Folder create
1/28/2019 5:27:03 PM | * .git/objects/bd-- -- --Folder create
1/28/2019 5:27:03 PM | * .git/objects/bc-- -- --Folder create
1/28/2019 5:27:03 PM | * .git/objects/bb-- -- --Folder create
1/28/2019 5:27:03 PM | * .git/objects/ba-- -- --Folder create
1/28/2019 5:27:03 PM | * .git/objects/b9-- -- --Folder create
1/28/2019 5:27:03 PM | * .git/objects/b8-- -- --Folder create
1/28/2019 5:27:03 PM | * .git/objects/b7-- -- --Folder create
1/28/2019 5:27:03 PM | * .git/objects/b5-- -- --Folder create
1/28/2019 5:27:03 PM | * .git/objects/b4-- -- --Folder create
1/28/2019 5:27:03 PM | * .git/objects/b3-- -- --Folder create
1/28/2019 5:27:03 PM | * .git/objects/b2-- -- --Folder create
1/28/2019 5:27:03 PM | * .git/objects/b1-- -- --Folder create
1/28/2019 5:27:03 PM | * .git/objects/b0-- -- --Folder create
1/28/2019 5:27:03 PM | * .git/objects/af-- -- --Folder create
1/28/2019 5:27:03 PM | * .git/objects/ae-- -- --Folder create
1/28/2019 5:27:03 PM | * .git/objects/ad-- -- --Folder create
1/28/2019 5:27:03 PM | * .git/objects/ac-- -- --Folder create
1/28/2019 5:27:03 PM | * .git/objects/ab-- -- --Folder create
1/28/2019 5:27:03 PM | * .git/objects/aa-- -- --Folder create
1/28/2019 5:27:03 PM | * .git/objects/a9-- -- --Folder create
1/28/2019 5:27:03 PM | * .git/objects/a8-- -- --Folder create
1/28/2019 5:27:03 PM | * .git/objects/a7-- -- --Folder create
1/28/2019 5:27:03 PM | * .git/objects/a6-- -- --Folder create
1/28/2019 5:27:03 PM | * .git/objects/a5-- -- --Folder create
1/28/2019 5:27:03 PM | * .git/objects/a4-- -- --Folder create
1/28/2019 5:27:03 PM | * .git/objects/a3-- -- --Folder create
1/28/2019 5:27:03 PM | * .git/objects/a2-- -- --Folder create
1/28/2019 5:27:03 PM | * .git/objects/a1-- -- --Folder create
1/28/2019 5:27:03 PM | * .git/objects/a0-- -- --Folder create
1/28/2019 5:27:03 PM | * .git/objects/9f-- -- --Folder create
1/28/2019 5:27:03 PM | * .git/objects/9e-- -- --Folder create
1/28/2019 5:27:03 PM | * .git/objects/9d-- -- --Folder create
1/28/2019 5:27:03 PM | * .git/objects/9c-- -- --Folder create
1/28/2019 5:27:03 PM | * .git/objects/9b-- -- --Folder create
1/28/2019 5:27:03 PM | * .git/objects/9a-- -- --Folder create
1/28/2019 5:27:03 PM | * .git/objects/99-- -- --Folder create
1/28/2019 5:27:03 PM | * .git/objects/98-- -- --Folder create
1/28/2019 5:27:03 PM | * .git/objects/97-- -- --Folder create
1/28/2019 5:27:03 PM | * .git/objects/96-- -- --Folder create
1/28/2019 5:27:03 PM | * .git/objects/95-- -- --Folder create
1/28/2019 5:27:03 PM | * .git/objects/94-- -- --Folder create
1/28/2019 5:27:03 PM | * .git/objects/91-- -- --Folder create
1/28/2019 5:27:03 PM | * .git/objects/90-- -- --Folder create
1/28/2019 5:27:03 PM | * .git/objects/8f-- -- --Folder create
1/28/2019 5:27:03 PM | * .git/objects/8e-- -- --Folder create
1/28/2019 5:27:03 PM | * .git/objects/8d-- -- --Folder create
1/28/2019 5:27:03 PM | * .git/objects/8c-- -- --Folder create
1/28/2019 5:27:03 PM | * .git/objects/8a-- -- --Folder create
1/28/2019 5:27:03 PM | * .git/objects/89-- -- --Folder create
1/28/2019 5:27:03 PM | * .git/objects/88-- -- --Folder create
1/28/2019 5:27:03 PM | * .git/objects/87-- -- --Folder create
1/28/2019 5:27:03 PM | * .git/objects/86-- -- --Folder create
1/28/2019 5:27:03 PM | * .git/objects/85-- -- --Folder create
1/28/2019 5:27:03 PM | * .git/objects/84-- -- --Folder create
1/28/2019 5:27:03 PM | * .git/objects/83-- -- --Folder create
1/28/2019 5:27:03 PM | * .git/objects/82-- -- --Folder create
1/28/2019 5:27:03 PM | * .git/objects/81-- -- --Folder create
1/28/2019 5:27:03 PM | * .git/objects/80-- -- --Folder create
1/28/2019 5:27:03 PM | * .git/objects/7f-- -- --Folder create
1/28/2019 5:27:03 PM | * .git/objects/7e-- -- --Folder create
1/28/2019 5:27:03 PM | * .git/objects/7d-- -- --Folder create
1/28/2019 5:27:03 PM | * .git/objects/7c-- -- --Folder create
1/28/2019 5:27:03 PM | * .git/objects/7b-- -- --Folder create
1/28/2019 5:27:03 PM | * .git/objects/7a-- -- --Folder create
1/28/2019 5:27:03 PM | * .git/objects/79-- -- --Folder create
1/28/2019 5:27:03 PM | * .git/objects/78-- -- --Folder create
1/28/2019 5:27:03 PM | * .git/objects/77-- -- --Folder create
1/28/2019 5:27:03 PM | * .git/objects/76-- -- --Folder create
1/28/2019 5:27:03 PM | * .git/objects/75-- -- --Folder create
1/28/2019 5:27:03 PM | * .git/objects/74-- -- --Folder create
1/28/2019 5:27:03 PM | * .git/objects/73-- -- --Folder create
1/28/2019 5:27:03 PM | * .git/objects/72-- -- --Folder create
1/28/2019 5:27:03 PM | * .git/objects/70-- -- --Folder create
1/28/2019 5:27:03 PM | * .git/objects/6f-- -- --Folder create
1/28/2019 5:27:03 PM | * .git/objects/6e-- -- --Folder create
1/28/2019 5:27:03 PM | * .git/objects/6d-- -- --Folder create
1/28/2019 5:27:03 PM | * .git/objects/6c-- -- --Folder create
1/28/2019 5:27:03 PM | * .git/objects/6b-- -- --Folder create
1/28/2019 5:27:03 PM | * .git/objects/6a-- -- --Folder create
1/28/2019 5:27:03 PM | * .git/objects/69-- -- --Folder create
1/28/2019 5:27:03 PM | * .git/objects/67-- -- --Folder create
1/28/2019 5:27:03 PM | * .git/objects/66-- -- --Folder create
1/28/2019 5:27:03 PM | * .git/objects/65-- -- --Folder create
1/28/2019 5:27:03 PM | * .git/objects/64-- -- --Folder create
1/28/2019 5:27:03 PM | * .git/objects/63-- -- --Folder create
1/28/2019 5:27:03 PM | * .git/objects/61-- -- --Folder create
1/28/2019 5:27:03 PM | * .git/objects/60-- -- --Folder create
1/28/2019 5:27:03 PM | * .git/objects/5f-- -- --Folder create
1/28/2019 5:27:03 PM | * .git/objects/5e-- -- --Folder create
1/28/2019 5:27:03 PM | * .git/objects/5d-- -- --Folder create
1/28/2019 5:27:03 PM | * .git/objects/5c-- -- --Folder create
1/28/2019 5:27:03 PM | * .git/objects/5b-- -- --Folder create
1/28/2019 5:27:03 PM | * .git/objects/59-- -- --Folder create
1/28/2019 5:27:03 PM | * .git/objects/56-- -- --Folder create
1/28/2019 5:27:03 PM | * .git/objects/55-- -- --Folder create
1/28/2019 5:27:03 PM | * .git/objects/54-- -- --Folder create
1/28/2019 5:27:03 PM | * .git/objects/53-- -- --Folder create
1/28/2019 5:27:03 PM | * .git/objects/52-- -- --Folder create
1/28/2019 5:27:03 PM | * .git/objects/51-- -- --Folder create
1/28/2019 5:27:03 PM | * .git/objects/50-- -- --Folder create
1/28/2019 5:27:03 PM | * .git/objects/4f-- -- --Folder create
1/28/2019 5:27:04 PM | * .git/objects/4e-- -- --Folder create
1/28/2019 5:27:04 PM | * .git/objects/4d-- -- --Folder create
1/28/2019 5:27:04 PM | * .git/objects/4c-- -- --Folder create
1/28/2019 5:27:04 PM | * .git/objects/4b-- -- --Folder create
1/28/2019 5:27:04 PM | * .git/objects/4a-- -- --Folder create
1/28/2019 5:27:04 PM | * .git/objects/49-- -- --Folder create
1/28/2019 5:27:04 PM | * .git/objects/48-- -- --Folder create
1/28/2019 5:27:04 PM | * .git/objects/47-- -- --Folder create
1/28/2019 5:27:04 PM | * .git/objects/46-- -- --Folder create
1/28/2019 5:27:04 PM | * .git/objects/45-- -- --Folder create
1/28/2019 5:27:04 PM | * .git/objects/44-- -- --Folder create
1/28/2019 5:27:04 PM | * .git/objects/43-- -- --Folder create
1/28/2019 5:27:04 PM | * .git/objects/42-- -- --Folder create
1/28/2019 5:27:04 PM | * .git/objects/40-- -- --Folder create
1/28/2019 5:27:04 PM | * .git/objects/3f-- -- --Folder create
1/28/2019 5:27:04 PM | * .git/objects/3e-- -- --Folder create
1/28/2019 5:27:04 PM | * .git/objects/3c-- -- --Folder create
1/28/2019 5:27:04 PM | * .git/objects/3b-- -- --Folder create
1/28/2019 5:27:04 PM | * .git/objects/3a-- -- --Folder create
1/28/2019 5:27:04 PM | * .git/objects/39-- -- --Folder create
1/28/2019 5:27:04 PM | * .git/objects/37-- -- --Folder create
1/28/2019 5:27:04 PM | * .git/objects/36-- -- --Folder create
1/28/2019 5:27:04 PM | * .git/objects/35-- -- --Folder create
1/28/2019 5:27:04 PM | * .git/objects/34-- -- --Folder create
1/28/2019 5:27:04 PM | * .git/objects/31-- -- --Folder create
1/28/2019 5:27:04 PM | * .git/objects/30-- -- --Folder create
1/28/2019 5:27:04 PM | * .git/objects/2f-- -- --Folder create
1/28/2019 5:27:04 PM | * .git/objects/2e-- -- --Folder create
1/28/2019 5:27:04 PM | * .git/objects/2d-- -- --Folder create
1/28/2019 5:27:04 PM | * .git/objects/2c-- -- --Folder create
1/28/2019 5:27:04 PM | * .git/objects/2b-- -- --Folder create
1/28/2019 5:27:04 PM | * .git/objects/2a-- -- --Folder create
1/28/2019 5:27:04 PM | * .git/objects/29-- -- --Folder create
1/28/2019 5:27:04 PM | * .git/objects/28-- -- --Folder create
1/28/2019 5:27:04 PM | * .git/objects/27-- -- --Folder create
1/28/2019 5:27:04 PM | * .git/objects/26-- -- --Folder create
1/28/2019 5:27:04 PM | * .git/objects/25-- -- --Folder create
1/28/2019 5:27:04 PM | * .git/objects/23-- -- --Folder create
1/28/2019 5:27:04 PM | * .git/objects/22-- -- --Folder create
1/28/2019 5:27:04 PM | * .git/objects/20-- -- --Folder create
1/28/2019 5:27:04 PM | * .git/objects/1f-- -- --Folder create
1/28/2019 5:27:04 PM | * .git/objects/1e-- -- --Folder create
1/28/2019 5:27:04 PM | * .git/objects/1d-- -- --Folder create
1/28/2019 5:27:04 PM | * .git/objects/1c-- -- --Folder create
1/28/2019 5:27:04 PM | * .git/objects/1b-- -- --Folder create
1/28/2019 5:27:04 PM | * .git/objects/19-- -- --Folder create
1/28/2019 5:27:04 PM | * .git/objects/18-- -- --Folder create
1/28/2019 5:27:04 PM | * .git/objects/17-- -- --Folder create
1/28/2019 5:27:04 PM | * .git/objects/16-- -- --Folder create
1/28/2019 5:27:04 PM | * .git/objects/15-- -- --Folder create
1/28/2019 5:27:04 PM | * .git/objects/14-- -- --Folder create
1/28/2019 5:27:04 PM | * .git/objects/13-- -- --Folder create
1/28/2019 5:27:04 PM | * .git/objects/12-- -- --Folder create
1/28/2019 5:27:04 PM | * .git/objects/11-- -- --Folder create
1/28/2019 5:27:04 PM | * .git/objects/10-- -- --Folder create
1/28/2019 5:27:04 PM | * .git/objects/0f-- -- --Folder create
1/28/2019 5:27:04 PM | * .git/objects/0e-- -- --Folder create
1/28/2019 5:27:04 PM | * .git/objects/0d-- -- --Folder create
1/28/2019 5:27:04 PM | * .git/objects/0c-- -- --Folder create
1/28/2019 5:27:04 PM | * .git/objects/0b-- -- --Folder create
1/28/2019 5:27:04 PM | * .git/objects/0a-- -- --Folder create
1/28/2019 5:27:04 PM | * .git/objects/09-- -- --Folder create
1/28/2019 5:27:04 PM | * .git/objects/08-- -- --Folder create
1/28/2019 5:27:04 PM | * .git/objects/07-- -- --Folder create
1/28/2019 5:27:04 PM | * .git/objects/06-- -- --Folder create
1/28/2019 5:27:04 PM | * .git/objects/05-- -- --Folder create
1/28/2019 5:27:04 PM | * .git/objects/04-- -- --Folder create
1/28/2019 5:27:04 PM | * .git/objects/03-- -- --Folder create
1/28/2019 5:27:04 PM | * .git/objects/02-- -- --Folder create
1/28/2019 5:27:04 PM | * .git/objects/01-- -- --Folder create
1/28/2019 5:27:04 PM | * .git/objects/00-- -- --Folder create
1/28/2019 5:27:04 PM | * .git/logs-- -- --Folder create
1/28/2019 5:27:04 PM | * .git/logs/refs-- -- --Folder create
1/28/2019 5:27:04 PM | * .git/logs/refs/remotes-- -- --Folder create
1/28/2019 5:27:04 PM | * .git/logs/refs/remotes/origin-- -- --Folder create
1/28/2019 5:27:04 PM | * .git/logs/refs/heads-- -- --Folder create
1/28/2019 5:27:04 PM | * .git/lfs-- -- --Folder create
1/28/2019 5:27:04 PM | * .git/lfs/tmp-- -- --Folder create
1/28/2019 5:27:04 PM | * .git/lfs/objects-- -- --Folder create
1/28/2019 5:27:04 PM | * .git/info-- -- --Folder create
1/28/2019 5:27:04 PM | * .git/hooks-- -- --Folder create
1/28/2019 5:27:04 PM | * Backup-- -- --Folder create
1/28/2019 5:27:04 PM | * Templates-- -- --Folder create
1/28/2019 5:27:04 PM | * Backup/.htaccess-- -- --33
1/28/2019 5:27:04 PM | * .htaccess-- -- --0
1/28/2019 5:27:04 PM | * index(var).js-- -- --1583
1/28/2019 5:27:04 PM | * index.css-- -- --4350
1/28/2019 5:27:04 PM | * Backup/index.dat-- -- --694856
1/28/2019 5:27:04 PM | * index.en.htm-- -- --29707
1/28/2019 5:27:04 PM | * index.htm-- -- --29807
1/28/2019 5:27:04 PM | * sitemap.xml-- -- --8286
1/28/2019 5:27:04 PM | * robots.txt-- -- --45
1/28/2019 5:27:04 PM | * Backup/Templates/Controls/WEGalleryCarrousel2_4c2a6f64.OESkin-- -- --63861
1/28/2019 5:27:04 PM | * Backup/Templates/Controls/WEMenu_30e74168.OESkin-- -- --63872
1/28/2019 5:27:04 PM | * Backup/Templates/Controls/WEText_d0120a9e.OESkin-- -- --59566
1/28/2019 5:27:04 PM | * Backup/TrailV2.ope-- -- --3627
1/28/2019 5:27:04 PM | 
1/28/2019 5:27:04 PM | 
--------------------------------Phase 1 Terminé--------------------------------
1/28/2019 5:27:04 PM | 

