4/22/2019 6:35:55 PM | Debut Mise en ligne différentielle (Site):
4/22/2019 6:36:03 PM | Listing terminé :
4/22/2019 6:36:03 PM | 

4/22/2019 6:36:03 PM | * .git-- -- --Folder create
4/22/2019 6:36:03 PM | * .git/refs-- -- --Folder create
4/22/2019 6:36:03 PM | * .git/refs/remotes-- -- --Folder create
4/22/2019 6:36:03 PM | * .git/refs/remotes/origin-- -- --Folder create
4/22/2019 6:36:03 PM | * .git/refs/heads-- -- --Folder create
4/22/2019 6:36:03 PM | * .git/objects-- -- --Folder create
4/22/2019 6:36:03 PM | * .git/objects/ff-- -- --Folder create
4/22/2019 6:36:03 PM | * .git/objects/fe-- -- --Folder create
4/22/2019 6:36:03 PM | * .git/objects/fd-- -- --Folder create
4/22/2019 6:36:03 PM | * .git/objects/fc-- -- --Folder create
4/22/2019 6:36:03 PM | * .git/objects/fb-- -- --Folder create
4/22/2019 6:36:03 PM | * .git/objects/fa-- -- --Folder create
4/22/2019 6:36:03 PM | * .git/objects/f9-- -- --Folder create
4/22/2019 6:36:03 PM | * .git/objects/f8-- -- --Folder create
4/22/2019 6:36:03 PM | * .git/objects/f7-- -- --Folder create
4/22/2019 6:36:03 PM | * .git/objects/f6-- -- --Folder create
4/22/2019 6:36:03 PM | * .git/objects/f5-- -- --Folder create
4/22/2019 6:36:03 PM | * .git/objects/f4-- -- --Folder create
4/22/2019 6:36:03 PM | * .git/objects/f3-- -- --Folder create
4/22/2019 6:36:04 PM | * .git/objects/f1-- -- --Folder create
4/22/2019 6:36:04 PM | * .git/objects/f0-- -- --Folder create
4/22/2019 6:36:04 PM | * .git/objects/ef-- -- --Folder create
4/22/2019 6:36:04 PM | * .git/objects/ed-- -- --Folder create
4/22/2019 6:36:04 PM | * .git/objects/ec-- -- --Folder create
4/22/2019 6:36:04 PM | * .git/objects/eb-- -- --Folder create
4/22/2019 6:36:04 PM | * .git/objects/ea-- -- --Folder create
4/22/2019 6:36:04 PM | * .git/objects/e9-- -- --Folder create
4/22/2019 6:36:04 PM | * .git/objects/e8-- -- --Folder create
4/22/2019 6:36:04 PM | * .git/objects/e7-- -- --Folder create
4/22/2019 6:36:04 PM | * .git/objects/e6-- -- --Folder create
4/22/2019 6:36:04 PM | * .git/objects/e5-- -- --Folder create
4/22/2019 6:36:04 PM | * .git/objects/e3-- -- --Folder create
4/22/2019 6:36:04 PM | * .git/objects/e2-- -- --Folder create
4/22/2019 6:36:04 PM | * .git/objects/e1-- -- --Folder create
4/22/2019 6:36:04 PM | * .git/objects/e0-- -- --Folder create
4/22/2019 6:36:04 PM | * .git/objects/df-- -- --Folder create
4/22/2019 6:36:04 PM | * .git/objects/de-- -- --Folder create
4/22/2019 6:36:04 PM | * .git/objects/dd-- -- --Folder create
4/22/2019 6:36:04 PM | * .git/objects/dc-- -- --Folder create
4/22/2019 6:36:04 PM | * .git/objects/db-- -- --Folder create
4/22/2019 6:36:04 PM | * .git/objects/da-- -- --Folder create
4/22/2019 6:36:04 PM | * .git/objects/d9-- -- --Folder create
4/22/2019 6:36:04 PM | * .git/objects/d8-- -- --Folder create
4/22/2019 6:36:04 PM | * .git/objects/d7-- -- --Folder create
4/22/2019 6:36:04 PM | * .git/objects/d6-- -- --Folder create
4/22/2019 6:36:04 PM | * .git/objects/d5-- -- --Folder create
4/22/2019 6:36:04 PM | * .git/objects/d4-- -- --Folder create
4/22/2019 6:36:04 PM | * .git/objects/d2-- -- --Folder create
4/22/2019 6:36:04 PM | * .git/objects/d0-- -- --Folder create
4/22/2019 6:36:04 PM | * .git/objects/cf-- -- --Folder create
4/22/2019 6:36:04 PM | * .git/objects/ce-- -- --Folder create
4/22/2019 6:36:04 PM | * .git/objects/cd-- -- --Folder create
4/22/2019 6:36:04 PM | * .git/objects/cc-- -- --Folder create
4/22/2019 6:36:04 PM | * .git/objects/cb-- -- --Folder create
4/22/2019 6:36:04 PM | * .git/objects/ca-- -- --Folder create
4/22/2019 6:36:04 PM | * .git/objects/c9-- -- --Folder create
4/22/2019 6:36:04 PM | * .git/objects/c8-- -- --Folder create
4/22/2019 6:36:04 PM | * .git/objects/c7-- -- --Folder create
4/22/2019 6:36:04 PM | * .git/objects/c5-- -- --Folder create
4/22/2019 6:36:04 PM | * .git/objects/c4-- -- --Folder create
4/22/2019 6:36:04 PM | * .git/objects/c3-- -- --Folder create
4/22/2019 6:36:04 PM | * .git/objects/c2-- -- --Folder create
4/22/2019 6:36:04 PM | * .git/objects/c1-- -- --Folder create
4/22/2019 6:36:04 PM | * .git/objects/c0-- -- --Folder create
4/22/2019 6:36:04 PM | * .git/objects/bf-- -- --Folder create
4/22/2019 6:36:04 PM | * .git/objects/be-- -- --Folder create
4/22/2019 6:36:04 PM | * .git/objects/bd-- -- --Folder create
4/22/2019 6:36:04 PM | * .git/objects/bc-- -- --Folder create
4/22/2019 6:36:04 PM | * .git/objects/bb-- -- --Folder create
4/22/2019 6:36:04 PM | * .git/objects/ba-- -- --Folder create
4/22/2019 6:36:04 PM | * .git/objects/b9-- -- --Folder create
4/22/2019 6:36:04 PM | * .git/objects/b8-- -- --Folder create
4/22/2019 6:36:04 PM | * .git/objects/b7-- -- --Folder create
4/22/2019 6:36:04 PM | * .git/objects/b5-- -- --Folder create
4/22/2019 6:36:04 PM | * .git/objects/b4-- -- --Folder create
4/22/2019 6:36:04 PM | * .git/objects/b3-- -- --Folder create
4/22/2019 6:36:04 PM | * .git/objects/b2-- -- --Folder create
4/22/2019 6:36:04 PM | * .git/objects/b1-- -- --Folder create
4/22/2019 6:36:04 PM | * .git/objects/b0-- -- --Folder create
4/22/2019 6:36:04 PM | * .git/objects/af-- -- --Folder create
4/22/2019 6:36:04 PM | * .git/objects/ae-- -- --Folder create
4/22/2019 6:36:04 PM | * .git/objects/ad-- -- --Folder create
4/22/2019 6:36:04 PM | * .git/objects/ac-- -- --Folder create
4/22/2019 6:36:04 PM | * .git/objects/ab-- -- --Folder create
4/22/2019 6:36:04 PM | * .git/objects/aa-- -- --Folder create
4/22/2019 6:36:04 PM | * .git/objects/a9-- -- --Folder create
4/22/2019 6:36:04 PM | * .git/objects/a8-- -- --Folder create
4/22/2019 6:36:04 PM | * .git/objects/a7-- -- --Folder create
4/22/2019 6:36:04 PM | * .git/objects/a6-- -- --Folder create
4/22/2019 6:36:04 PM | * .git/objects/a5-- -- --Folder create
4/22/2019 6:36:04 PM | * .git/objects/a4-- -- --Folder create
4/22/2019 6:36:04 PM | * .git/objects/a3-- -- --Folder create
4/22/2019 6:36:04 PM | * .git/objects/a2-- -- --Folder create
4/22/2019 6:36:04 PM | * .git/objects/a1-- -- --Folder create
4/22/2019 6:36:04 PM | * .git/objects/a0-- -- --Folder create
4/22/2019 6:36:04 PM | * .git/objects/9f-- -- --Folder create
4/22/2019 6:36:04 PM | * .git/objects/9e-- -- --Folder create
4/22/2019 6:36:04 PM | * .git/objects/9d-- -- --Folder create
4/22/2019 6:36:04 PM | * .git/objects/9c-- -- --Folder create
4/22/2019 6:36:04 PM | * .git/objects/9b-- -- --Folder create
4/22/2019 6:36:04 PM | * .git/objects/9a-- -- --Folder create
4/22/2019 6:36:04 PM | * .git/objects/99-- -- --Folder create
4/22/2019 6:36:04 PM | * .git/objects/98-- -- --Folder create
4/22/2019 6:36:04 PM | * .git/objects/97-- -- --Folder create
4/22/2019 6:36:04 PM | * .git/objects/96-- -- --Folder create
4/22/2019 6:36:04 PM | * .git/objects/95-- -- --Folder create
4/22/2019 6:36:04 PM | * .git/objects/94-- -- --Folder create
4/22/2019 6:36:04 PM | * .git/objects/93-- -- --Folder create
4/22/2019 6:36:04 PM | * .git/objects/91-- -- --Folder create
4/22/2019 6:36:04 PM | * .git/objects/90-- -- --Folder create
4/22/2019 6:36:04 PM | * .git/objects/8f-- -- --Folder create
4/22/2019 6:36:04 PM | * .git/objects/8e-- -- --Folder create
4/22/2019 6:36:04 PM | * .git/objects/8d-- -- --Folder create
4/22/2019 6:36:04 PM | * .git/objects/8c-- -- --Folder create
4/22/2019 6:36:04 PM | * .git/objects/8b-- -- --Folder create
4/22/2019 6:36:04 PM | * .git/objects/8a-- -- --Folder create
4/22/2019 6:36:04 PM | * .git/objects/89-- -- --Folder create
4/22/2019 6:36:04 PM | * .git/objects/88-- -- --Folder create
4/22/2019 6:36:04 PM | * .git/objects/87-- -- --Folder create
4/22/2019 6:36:04 PM | * .git/objects/86-- -- --Folder create
4/22/2019 6:36:04 PM | * .git/objects/85-- -- --Folder create
4/22/2019 6:36:04 PM | * .git/objects/84-- -- --Folder create
4/22/2019 6:36:04 PM | * .git/objects/83-- -- --Folder create
4/22/2019 6:36:04 PM | * .git/objects/82-- -- --Folder create
4/22/2019 6:36:04 PM | * .git/objects/81-- -- --Folder create
4/22/2019 6:36:04 PM | * .git/objects/80-- -- --Folder create
4/22/2019 6:36:04 PM | * .git/objects/7f-- -- --Folder create
4/22/2019 6:36:04 PM | * .git/objects/7e-- -- --Folder create
4/22/2019 6:36:04 PM | * .git/objects/7d-- -- --Folder create
4/22/2019 6:36:04 PM | * .git/objects/7c-- -- --Folder create
4/22/2019 6:36:04 PM | * .git/objects/7b-- -- --Folder create
4/22/2019 6:36:04 PM | * .git/objects/7a-- -- --Folder create
4/22/2019 6:36:04 PM | * .git/objects/79-- -- --Folder create
4/22/2019 6:36:04 PM | * .git/objects/78-- -- --Folder create
4/22/2019 6:36:04 PM | * .git/objects/77-- -- --Folder create
4/22/2019 6:36:04 PM | * .git/objects/76-- -- --Folder create
4/22/2019 6:36:04 PM | * .git/objects/75-- -- --Folder create
4/22/2019 6:36:04 PM | * .git/objects/74-- -- --Folder create
4/22/2019 6:36:04 PM | * .git/objects/73-- -- --Folder create
4/22/2019 6:36:04 PM | * .git/objects/72-- -- --Folder create
4/22/2019 6:36:04 PM | * .git/objects/70-- -- --Folder create
4/22/2019 6:36:04 PM | * .git/objects/6f-- -- --Folder create
4/22/2019 6:36:04 PM | * .git/objects/6e-- -- --Folder create
4/22/2019 6:36:04 PM | * .git/objects/6d-- -- --Folder create
4/22/2019 6:36:04 PM | * .git/objects/6c-- -- --Folder create
4/22/2019 6:36:04 PM | * .git/objects/6b-- -- --Folder create
4/22/2019 6:36:04 PM | * .git/objects/6a-- -- --Folder create
4/22/2019 6:36:04 PM | * .git/objects/69-- -- --Folder create
4/22/2019 6:36:04 PM | * .git/objects/67-- -- --Folder create
4/22/2019 6:36:04 PM | * .git/objects/66-- -- --Folder create
4/22/2019 6:36:04 PM | * .git/objects/65-- -- --Folder create
4/22/2019 6:36:04 PM | * .git/objects/64-- -- --Folder create
4/22/2019 6:36:04 PM | * .git/objects/63-- -- --Folder create
4/22/2019 6:36:04 PM | * .git/objects/61-- -- --Folder create
4/22/2019 6:36:04 PM | * .git/objects/60-- -- --Folder create
4/22/2019 6:36:04 PM | * .git/objects/5f-- -- --Folder create
4/22/2019 6:36:04 PM | * .git/objects/5e-- -- --Folder create
4/22/2019 6:36:04 PM | * .git/objects/5d-- -- --Folder create
4/22/2019 6:36:04 PM | * .git/objects/5c-- -- --Folder create
4/22/2019 6:36:04 PM | * .git/objects/5b-- -- --Folder create
4/22/2019 6:36:04 PM | * .git/objects/5a-- -- --Folder create
4/22/2019 6:36:04 PM | * .git/objects/59-- -- --Folder create
4/22/2019 6:36:04 PM | * .git/objects/58-- -- --Folder create
4/22/2019 6:36:04 PM | * .git/objects/56-- -- --Folder create
4/22/2019 6:36:04 PM | * .git/objects/55-- -- --Folder create
4/22/2019 6:36:04 PM | * .git/objects/54-- -- --Folder create
4/22/2019 6:36:04 PM | * .git/objects/53-- -- --Folder create
4/22/2019 6:36:04 PM | * .git/objects/52-- -- --Folder create
4/22/2019 6:36:04 PM | * .git/objects/51-- -- --Folder create
4/22/2019 6:36:04 PM | * .git/objects/50-- -- --Folder create
4/22/2019 6:36:04 PM | * .git/objects/4f-- -- --Folder create
4/22/2019 6:36:04 PM | * .git/objects/4e-- -- --Folder create
4/22/2019 6:36:04 PM | * .git/objects/4d-- -- --Folder create
4/22/2019 6:36:04 PM | * .git/objects/4c-- -- --Folder create
4/22/2019 6:36:04 PM | * .git/objects/4b-- -- --Folder create
4/22/2019 6:36:04 PM | * .git/objects/4a-- -- --Folder create
4/22/2019 6:36:04 PM | * .git/objects/49-- -- --Folder create
4/22/2019 6:36:04 PM | * .git/objects/48-- -- --Folder create
4/22/2019 6:36:04 PM | * .git/objects/47-- -- --Folder create
4/22/2019 6:36:04 PM | * .git/objects/46-- -- --Folder create
4/22/2019 6:36:04 PM | * .git/objects/45-- -- --Folder create
4/22/2019 6:36:04 PM | * .git/objects/44-- -- --Folder create
4/22/2019 6:36:04 PM | * .git/objects/43-- -- --Folder create
4/22/2019 6:36:04 PM | * .git/objects/42-- -- --Folder create
4/22/2019 6:36:04 PM | * .git/objects/40-- -- --Folder create
4/22/2019 6:36:04 PM | * .git/objects/3f-- -- --Folder create
4/22/2019 6:36:04 PM | * .git/objects/3e-- -- --Folder create
4/22/2019 6:36:04 PM | * .git/objects/3d-- -- --Folder create
4/22/2019 6:36:04 PM | * .git/objects/3c-- -- --Folder create
4/22/2019 6:36:04 PM | * .git/objects/3b-- -- --Folder create
4/22/2019 6:36:04 PM | * .git/objects/3a-- -- --Folder create
4/22/2019 6:36:04 PM | * .git/objects/39-- -- --Folder create
4/22/2019 6:36:04 PM | * .git/objects/38-- -- --Folder create
4/22/2019 6:36:04 PM | * .git/objects/37-- -- --Folder create
4/22/2019 6:36:04 PM | * .git/objects/36-- -- --Folder create
4/22/2019 6:36:04 PM | * .git/objects/35-- -- --Folder create
4/22/2019 6:36:04 PM | * .git/objects/34-- -- --Folder create
4/22/2019 6:36:04 PM | * .git/objects/32-- -- --Folder create
4/22/2019 6:36:04 PM | * .git/objects/31-- -- --Folder create
4/22/2019 6:36:04 PM | * .git/objects/30-- -- --Folder create
4/22/2019 6:36:04 PM | * .git/objects/2f-- -- --Folder create
4/22/2019 6:36:04 PM | * .git/objects/2e-- -- --Folder create
4/22/2019 6:36:04 PM | * .git/objects/2d-- -- --Folder create
4/22/2019 6:36:04 PM | * .git/objects/2c-- -- --Folder create
4/22/2019 6:36:04 PM | * .git/objects/2b-- -- --Folder create
4/22/2019 6:36:04 PM | * .git/objects/2a-- -- --Folder create
4/22/2019 6:36:04 PM | * .git/objects/29-- -- --Folder create
4/22/2019 6:36:04 PM | * .git/objects/28-- -- --Folder create
4/22/2019 6:36:04 PM | * .git/objects/27-- -- --Folder create
4/22/2019 6:36:04 PM | * .git/objects/26-- -- --Folder create
4/22/2019 6:36:04 PM | * .git/objects/25-- -- --Folder create
4/22/2019 6:36:04 PM | * .git/objects/23-- -- --Folder create
4/22/2019 6:36:04 PM | * .git/objects/22-- -- --Folder create
4/22/2019 6:36:04 PM | * .git/objects/21-- -- --Folder create
4/22/2019 6:36:04 PM | * .git/objects/20-- -- --Folder create
4/22/2019 6:36:04 PM | * .git/objects/1f-- -- --Folder create
4/22/2019 6:36:04 PM | * .git/objects/1e-- -- --Folder create
4/22/2019 6:36:04 PM | * .git/objects/1d-- -- --Folder create
4/22/2019 6:36:04 PM | * .git/objects/1c-- -- --Folder create
4/22/2019 6:36:04 PM | * .git/objects/1b-- -- --Folder create
4/22/2019 6:36:04 PM | * .git/objects/19-- -- --Folder create
4/22/2019 6:36:04 PM | * .git/objects/18-- -- --Folder create
4/22/2019 6:36:04 PM | * .git/objects/17-- -- --Folder create
4/22/2019 6:36:04 PM | * .git/objects/16-- -- --Folder create
4/22/2019 6:36:04 PM | * .git/objects/15-- -- --Folder create
4/22/2019 6:36:04 PM | * .git/objects/14-- -- --Folder create
4/22/2019 6:36:04 PM | * .git/objects/13-- -- --Folder create
4/22/2019 6:36:04 PM | * .git/objects/12-- -- --Folder create
4/22/2019 6:36:04 PM | * .git/objects/11-- -- --Folder create
4/22/2019 6:36:04 PM | * .git/objects/10-- -- --Folder create
4/22/2019 6:36:04 PM | * .git/objects/0f-- -- --Folder create
4/22/2019 6:36:04 PM | * .git/objects/0e-- -- --Folder create
4/22/2019 6:36:04 PM | * .git/objects/0d-- -- --Folder create
4/22/2019 6:36:04 PM | * .git/objects/0c-- -- --Folder create
4/22/2019 6:36:04 PM | * .git/objects/0b-- -- --Folder create
4/22/2019 6:36:04 PM | * .git/objects/0a-- -- --Folder create
4/22/2019 6:36:04 PM | * .git/objects/09-- -- --Folder create
4/22/2019 6:36:04 PM | * .git/objects/08-- -- --Folder create
4/22/2019 6:36:04 PM | * .git/objects/07-- -- --Folder create
4/22/2019 6:36:04 PM | * .git/objects/06-- -- --Folder create
4/22/2019 6:36:04 PM | * .git/objects/05-- -- --Folder create
4/22/2019 6:36:04 PM | * .git/objects/04-- -- --Folder create
4/22/2019 6:36:04 PM | * .git/objects/03-- -- --Folder create
4/22/2019 6:36:04 PM | * .git/objects/02-- -- --Folder create
4/22/2019 6:36:04 PM | * .git/objects/01-- -- --Folder create
4/22/2019 6:36:04 PM | * .git/objects/00-- -- --Folder create
4/22/2019 6:36:04 PM | * .git/logs-- -- --Folder create
4/22/2019 6:36:04 PM | * .git/logs/refs-- -- --Folder create
4/22/2019 6:36:04 PM | * .git/logs/refs/remotes-- -- --Folder create
4/22/2019 6:36:04 PM | * .git/logs/refs/remotes/origin-- -- --Folder create
4/22/2019 6:36:04 PM | * .git/logs/refs/heads-- -- --Folder create
4/22/2019 6:36:04 PM | * .git/lfs-- -- --Folder create
4/22/2019 6:36:04 PM | * .git/lfs/tmp-- -- --Folder create
4/22/2019 6:36:04 PM | * .git/lfs/objects-- -- --Folder create
4/22/2019 6:36:04 PM | * .git/info-- -- --Folder create
4/22/2019 6:36:04 PM | * .git/hooks-- -- --Folder create
4/22/2019 6:36:04 PM | * Backup-- -- --Folder create
4/22/2019 6:36:04 PM | * Templates-- -- --Folder create
4/22/2019 6:36:04 PM | * Backup/.htaccess-- -- --33
4/22/2019 6:36:04 PM | * Files/Other/Reglement_Bike_and_Run_2019_EN_V3.pdf-- -- --71647
4/22/2019 6:36:04 PM | * Files/Other/Reglement_Bike_and_Run_2019_V3.pdf-- -- --186688
4/22/2019 6:36:04 PM | * Files/Other/Reglement_des_courses_Trail_2019_EN_V3.pdf-- -- --72702
4/22/2019 6:36:04 PM | * Files/Other/Reglement_des_courses_Trail_2019_V3.pdf-- -- --153196
4/22/2019 6:36:04 PM | * Files/Other/Reglement_des_courses_Trail_et_Bike_and_Run_2019_EN_V3.pdf-- -- --89578
4/22/2019 6:36:04 PM | * Files/Other/Reglement_des_courses_Trail_et_Bike_and_Run_2019_V3.pdf-- -- --244354
4/22/2019 6:36:04 PM | * .htaccess-- -- --0
4/22/2019 6:36:04 PM | * contact(var).js-- -- --570
4/22/2019 6:36:04 PM | * contact(var).php-- -- --779
4/22/2019 6:36:04 PM | * contact.css-- -- --2408
4/22/2019 6:36:04 PM | * Backup/contact.dat-- -- --531384
4/22/2019 6:36:04 PM | * contact.en.htm-- -- --24219
4/22/2019 6:36:04 PM | * contact.htm-- -- --24228
4/22/2019 6:36:04 PM | * copie-index(var).js-- -- --1583
4/22/2019 6:36:04 PM | * copie-index.css-- -- --4351
4/22/2019 6:36:04 PM | * Backup/copie-index.dat-- -- --694637
4/22/2019 6:36:04 PM | * copie-index.en.htm-- -- --29633
4/22/2019 6:36:04 PM | * copie-index.htm-- -- --29740
4/22/2019 6:36:04 PM | * copie-Inscription.css-- -- --3250
4/22/2019 6:36:04 PM | * Backup/copie-Inscription.dat-- -- --583499
4/22/2019 6:36:04 PM | * copie-Inscription.en.htm-- -- --29763
4/22/2019 6:36:04 PM | * copie-Inscription.htm-- -- --29419
4/22/2019 6:36:04 PM | * index.css-- -- --4593
4/22/2019 6:36:04 PM | * Backup/index.dat-- -- --769284
4/22/2019 6:36:04 PM | * index.en.htm-- -- --29687
4/22/2019 6:36:04 PM | * index.htm-- -- --30289
4/22/2019 6:36:04 PM | * Inscription.css-- -- --3455
4/22/2019 6:36:04 PM | * Backup/Inscription.dat-- -- --645267
4/22/2019 6:36:04 PM | * Inscription.en.htm-- -- --31939
4/22/2019 6:36:04 PM | * Inscription.htm-- -- --31020
4/22/2019 6:36:04 PM | * Inscription2017.css-- -- --3408
4/22/2019 6:36:04 PM | * Backup/Inscription2017.dat-- -- --644506
4/22/2019 6:36:04 PM | * Inscription2017.en.htm-- -- --31926
4/22/2019 6:36:04 PM | * Inscription2017.htm-- -- --31097
4/22/2019 6:36:04 PM | * Liens.css-- -- --3307
4/22/2019 6:36:04 PM | * Backup/Liens.dat-- -- --551323
4/22/2019 6:36:04 PM | * Liens.en.htm-- -- --26121
4/22/2019 6:36:04 PM | * Liens.htm-- -- --26248
4/22/2019 6:36:04 PM | * mentions-legales.css-- -- --2565
4/22/2019 6:36:04 PM | * Backup/mentions-legales.dat-- -- --396299
4/22/2019 6:36:04 PM | * mentions-legales.en.htm-- -- --22555
4/22/2019 6:36:04 PM | * mentions-legales.htm-- -- --22567
4/22/2019 6:36:04 PM | * page3.css-- -- --3108
4/22/2019 6:36:04 PM | * Backup/page3.dat-- -- --516071
4/22/2019 6:36:04 PM | * page3.en.htm-- -- --25635
4/22/2019 6:36:04 PM | * page3.htm-- -- --25647
4/22/2019 6:36:04 PM | * Page4.css-- -- --557
4/22/2019 6:36:04 PM | * Backup/Page4.dat-- -- --100826
4/22/2019 6:36:04 PM | * Page4.en.htm-- -- --19260
4/22/2019 6:36:04 PM | * Page4.htm-- -- --19272
4/22/2019 6:36:04 PM | * Photos.css-- -- --3471
4/22/2019 6:36:04 PM | * Backup/Photos.dat-- -- --596394
4/22/2019 6:36:04 PM | * Photos.en.htm-- -- --28211
4/22/2019 6:36:04 PM | * Photos.htm-- -- --28235
4/22/2019 6:36:04 PM | * Photos_old.css-- -- --1862
4/22/2019 6:36:04 PM | * Backup/Photos_old.dat-- -- --395115
4/22/2019 6:36:04 PM | * Photos_old.en.htm-- -- --22617
4/22/2019 6:36:04 PM | * Photos_old.htm-- -- --22651
4/22/2019 6:36:04 PM | * Resultats(var).js-- -- --1583
4/22/2019 6:36:04 PM | * Resultats.css-- -- --3504
4/22/2019 6:36:04 PM | * Backup/Resultats.dat-- -- --609227
4/22/2019 6:36:04 PM | * Resultats.en.htm-- -- --29749
4/22/2019 6:36:04 PM | * Resultats.htm-- -- --29675
4/22/2019 6:36:04 PM | * Resultats_old(var).js-- -- --1583
4/22/2019 6:36:04 PM | * Resultats_old.css-- -- --2487
4/22/2019 6:36:04 PM | * Backup/Resultats_old.dat-- -- --518602
4/22/2019 6:36:04 PM | * Resultats_old.en.htm-- -- --29354
4/22/2019 6:36:04 PM | * Resultats_old.htm-- -- --29344
4/22/2019 6:36:04 PM | * Templates/design.css-- -- --8043
4/22/2019 6:36:04 PM | * Backup/Templates/design.tdat-- -- --1011887
4/22/2019 6:36:04 PM | * sitemap.xml-- -- --10584
4/22/2019 6:36:04 PM | * robots.txt-- -- --45
4/22/2019 6:36:04 PM | * Backup/Templates/Controls/WEGalleryCarrousel2_4c2a6f64.OESkin-- -- --63861
4/22/2019 6:36:04 PM | * Backup/Templates/Controls/WEMenu_30e74168.OESkin-- -- --63872
4/22/2019 6:36:04 PM | * Backup/Templates/Controls/WEText_d0120a9e.OESkin-- -- --59566
4/22/2019 6:36:04 PM | * Backup/TrailV2.ope-- -- --3627
4/22/2019 6:36:04 PM | 
4/22/2019 6:36:04 PM | 
--------------------------------Phase 1 Terminé--------------------------------
4/22/2019 6:36:04 PM | 

