2/7/2019 8:39:20 AM | Debut Mise en ligne différentielle (Site):
2/7/2019 8:39:24 AM | Listing terminé :
2/7/2019 8:39:24 AM | 

2/7/2019 8:39:24 AM | * .git-- -- --Folder create
2/7/2019 8:39:24 AM | * .git/refs-- -- --Folder create
2/7/2019 8:39:24 AM | * .git/refs/remotes-- -- --Folder create
2/7/2019 8:39:24 AM | * .git/refs/remotes/origin-- -- --Folder create
2/7/2019 8:39:24 AM | * .git/refs/heads-- -- --Folder create
2/7/2019 8:39:24 AM | * .git/objects-- -- --Folder create
2/7/2019 8:39:24 AM | * .git/objects/ff-- -- --Folder create
2/7/2019 8:39:24 AM | * .git/objects/fe-- -- --Folder create
2/7/2019 8:39:24 AM | * .git/objects/fd-- -- --Folder create
2/7/2019 8:39:24 AM | * .git/objects/fc-- -- --Folder create
2/7/2019 8:39:24 AM | * .git/objects/fb-- -- --Folder create
2/7/2019 8:39:24 AM | * .git/objects/fa-- -- --Folder create
2/7/2019 8:39:24 AM | * .git/objects/f9-- -- --Folder create
2/7/2019 8:39:24 AM | * .git/objects/f8-- -- --Folder create
2/7/2019 8:39:24 AM | * .git/objects/f7-- -- --Folder create
2/7/2019 8:39:24 AM | * .git/objects/f6-- -- --Folder create
2/7/2019 8:39:24 AM | * .git/objects/f5-- -- --Folder create
2/7/2019 8:39:24 AM | * .git/objects/f4-- -- --Folder create
2/7/2019 8:39:24 AM | * .git/objects/f3-- -- --Folder create
2/7/2019 8:39:24 AM | * .git/objects/f1-- -- --Folder create
2/7/2019 8:39:24 AM | * .git/objects/f0-- -- --Folder create
2/7/2019 8:39:24 AM | * .git/objects/ef-- -- --Folder create
2/7/2019 8:39:24 AM | * .git/objects/ed-- -- --Folder create
2/7/2019 8:39:24 AM | * .git/objects/ec-- -- --Folder create
2/7/2019 8:39:24 AM | * .git/objects/eb-- -- --Folder create
2/7/2019 8:39:24 AM | * .git/objects/ea-- -- --Folder create
2/7/2019 8:39:24 AM | * .git/objects/e9-- -- --Folder create
2/7/2019 8:39:24 AM | * .git/objects/e8-- -- --Folder create
2/7/2019 8:39:24 AM | * .git/objects/e7-- -- --Folder create
2/7/2019 8:39:24 AM | * .git/objects/e6-- -- --Folder create
2/7/2019 8:39:24 AM | * .git/objects/e5-- -- --Folder create
2/7/2019 8:39:24 AM | * .git/objects/e3-- -- --Folder create
2/7/2019 8:39:24 AM | * .git/objects/e2-- -- --Folder create
2/7/2019 8:39:24 AM | * .git/objects/e1-- -- --Folder create
2/7/2019 8:39:24 AM | * .git/objects/e0-- -- --Folder create
2/7/2019 8:39:24 AM | * .git/objects/df-- -- --Folder create
2/7/2019 8:39:24 AM | * .git/objects/de-- -- --Folder create
2/7/2019 8:39:24 AM | * .git/objects/dd-- -- --Folder create
2/7/2019 8:39:24 AM | * .git/objects/dc-- -- --Folder create
2/7/2019 8:39:24 AM | * .git/objects/db-- -- --Folder create
2/7/2019 8:39:24 AM | * .git/objects/da-- -- --Folder create
2/7/2019 8:39:24 AM | * .git/objects/d9-- -- --Folder create
2/7/2019 8:39:24 AM | * .git/objects/d8-- -- --Folder create
2/7/2019 8:39:24 AM | * .git/objects/d7-- -- --Folder create
2/7/2019 8:39:24 AM | * .git/objects/d6-- -- --Folder create
2/7/2019 8:39:24 AM | * .git/objects/d5-- -- --Folder create
2/7/2019 8:39:24 AM | * .git/objects/d4-- -- --Folder create
2/7/2019 8:39:24 AM | * .git/objects/d2-- -- --Folder create
2/7/2019 8:39:24 AM | * .git/objects/d0-- -- --Folder create
2/7/2019 8:39:24 AM | * .git/objects/cf-- -- --Folder create
2/7/2019 8:39:24 AM | * .git/objects/cd-- -- --Folder create
2/7/2019 8:39:24 AM | * .git/objects/cc-- -- --Folder create
2/7/2019 8:39:24 AM | * .git/objects/cb-- -- --Folder create
2/7/2019 8:39:24 AM | * .git/objects/ca-- -- --Folder create
2/7/2019 8:39:24 AM | * .git/objects/c9-- -- --Folder create
2/7/2019 8:39:24 AM | * .git/objects/c8-- -- --Folder create
2/7/2019 8:39:24 AM | * .git/objects/c7-- -- --Folder create
2/7/2019 8:39:24 AM | * .git/objects/c5-- -- --Folder create
2/7/2019 8:39:24 AM | * .git/objects/c4-- -- --Folder create
2/7/2019 8:39:24 AM | * .git/objects/c3-- -- --Folder create
2/7/2019 8:39:24 AM | * .git/objects/c2-- -- --Folder create
2/7/2019 8:39:24 AM | * .git/objects/c0-- -- --Folder create
2/7/2019 8:39:24 AM | * .git/objects/bf-- -- --Folder create
2/7/2019 8:39:24 AM | * .git/objects/be-- -- --Folder create
2/7/2019 8:39:24 AM | * .git/objects/bd-- -- --Folder create
2/7/2019 8:39:24 AM | * .git/objects/bc-- -- --Folder create
2/7/2019 8:39:24 AM | * .git/objects/bb-- -- --Folder create
2/7/2019 8:39:24 AM | * .git/objects/ba-- -- --Folder create
2/7/2019 8:39:24 AM | * .git/objects/b9-- -- --Folder create
2/7/2019 8:39:24 AM | * .git/objects/b8-- -- --Folder create
2/7/2019 8:39:24 AM | * .git/objects/b7-- -- --Folder create
2/7/2019 8:39:24 AM | * .git/objects/b5-- -- --Folder create
2/7/2019 8:39:24 AM | * .git/objects/b4-- -- --Folder create
2/7/2019 8:39:24 AM | * .git/objects/b3-- -- --Folder create
2/7/2019 8:39:24 AM | * .git/objects/b2-- -- --Folder create
2/7/2019 8:39:24 AM | * .git/objects/b1-- -- --Folder create
2/7/2019 8:39:24 AM | * .git/objects/b0-- -- --Folder create
2/7/2019 8:39:24 AM | * .git/objects/af-- -- --Folder create
2/7/2019 8:39:24 AM | * .git/objects/ae-- -- --Folder create
2/7/2019 8:39:24 AM | * .git/objects/ad-- -- --Folder create
2/7/2019 8:39:24 AM | * .git/objects/ac-- -- --Folder create
2/7/2019 8:39:24 AM | * .git/objects/ab-- -- --Folder create
2/7/2019 8:39:24 AM | * .git/objects/aa-- -- --Folder create
2/7/2019 8:39:24 AM | * .git/objects/a9-- -- --Folder create
2/7/2019 8:39:24 AM | * .git/objects/a8-- -- --Folder create
2/7/2019 8:39:24 AM | * .git/objects/a7-- -- --Folder create
2/7/2019 8:39:24 AM | * .git/objects/a6-- -- --Folder create
2/7/2019 8:39:24 AM | * .git/objects/a5-- -- --Folder create
2/7/2019 8:39:24 AM | * .git/objects/a4-- -- --Folder create
2/7/2019 8:39:24 AM | * .git/objects/a3-- -- --Folder create
2/7/2019 8:39:24 AM | * .git/objects/a2-- -- --Folder create
2/7/2019 8:39:24 AM | * .git/objects/a1-- -- --Folder create
2/7/2019 8:39:24 AM | * .git/objects/a0-- -- --Folder create
2/7/2019 8:39:24 AM | * .git/objects/9f-- -- --Folder create
2/7/2019 8:39:24 AM | * .git/objects/9e-- -- --Folder create
2/7/2019 8:39:24 AM | * .git/objects/9d-- -- --Folder create
2/7/2019 8:39:24 AM | * .git/objects/9c-- -- --Folder create
2/7/2019 8:39:24 AM | * .git/objects/9b-- -- --Folder create
2/7/2019 8:39:24 AM | * .git/objects/9a-- -- --Folder create
2/7/2019 8:39:24 AM | * .git/objects/99-- -- --Folder create
2/7/2019 8:39:24 AM | * .git/objects/98-- -- --Folder create
2/7/2019 8:39:24 AM | * .git/objects/97-- -- --Folder create
2/7/2019 8:39:24 AM | * .git/objects/96-- -- --Folder create
2/7/2019 8:39:24 AM | * .git/objects/95-- -- --Folder create
2/7/2019 8:39:24 AM | * .git/objects/94-- -- --Folder create
2/7/2019 8:39:24 AM | * .git/objects/91-- -- --Folder create
2/7/2019 8:39:24 AM | * .git/objects/90-- -- --Folder create
2/7/2019 8:39:24 AM | * .git/objects/8f-- -- --Folder create
2/7/2019 8:39:24 AM | * .git/objects/8e-- -- --Folder create
2/7/2019 8:39:24 AM | * .git/objects/8d-- -- --Folder create
2/7/2019 8:39:24 AM | * .git/objects/8c-- -- --Folder create
2/7/2019 8:39:24 AM | * .git/objects/8b-- -- --Folder create
2/7/2019 8:39:24 AM | * .git/objects/8a-- -- --Folder create
2/7/2019 8:39:24 AM | * .git/objects/89-- -- --Folder create
2/7/2019 8:39:24 AM | * .git/objects/88-- -- --Folder create
2/7/2019 8:39:24 AM | * .git/objects/87-- -- --Folder create
2/7/2019 8:39:24 AM | * .git/objects/86-- -- --Folder create
2/7/2019 8:39:24 AM | * .git/objects/85-- -- --Folder create
2/7/2019 8:39:24 AM | * .git/objects/84-- -- --Folder create
2/7/2019 8:39:24 AM | * .git/objects/83-- -- --Folder create
2/7/2019 8:39:24 AM | * .git/objects/82-- -- --Folder create
2/7/2019 8:39:24 AM | * .git/objects/81-- -- --Folder create
2/7/2019 8:39:24 AM | * .git/objects/80-- -- --Folder create
2/7/2019 8:39:24 AM | * .git/objects/7f-- -- --Folder create
2/7/2019 8:39:24 AM | * .git/objects/7e-- -- --Folder create
2/7/2019 8:39:24 AM | * .git/objects/7d-- -- --Folder create
2/7/2019 8:39:24 AM | * .git/objects/7c-- -- --Folder create
2/7/2019 8:39:24 AM | * .git/objects/7b-- -- --Folder create
2/7/2019 8:39:24 AM | * .git/objects/7a-- -- --Folder create
2/7/2019 8:39:24 AM | * .git/objects/79-- -- --Folder create
2/7/2019 8:39:24 AM | * .git/objects/78-- -- --Folder create
2/7/2019 8:39:24 AM | * .git/objects/77-- -- --Folder create
2/7/2019 8:39:24 AM | * .git/objects/76-- -- --Folder create
2/7/2019 8:39:24 AM | * .git/objects/75-- -- --Folder create
2/7/2019 8:39:24 AM | * .git/objects/74-- -- --Folder create
2/7/2019 8:39:24 AM | * .git/objects/73-- -- --Folder create
2/7/2019 8:39:24 AM | * .git/objects/72-- -- --Folder create
2/7/2019 8:39:24 AM | * .git/objects/70-- -- --Folder create
2/7/2019 8:39:24 AM | * .git/objects/6f-- -- --Folder create
2/7/2019 8:39:24 AM | * .git/objects/6e-- -- --Folder create
2/7/2019 8:39:24 AM | * .git/objects/6d-- -- --Folder create
2/7/2019 8:39:24 AM | * .git/objects/6c-- -- --Folder create
2/7/2019 8:39:24 AM | * .git/objects/6b-- -- --Folder create
2/7/2019 8:39:24 AM | * .git/objects/6a-- -- --Folder create
2/7/2019 8:39:24 AM | * .git/objects/69-- -- --Folder create
2/7/2019 8:39:24 AM | * .git/objects/67-- -- --Folder create
2/7/2019 8:39:24 AM | * .git/objects/66-- -- --Folder create
2/7/2019 8:39:24 AM | * .git/objects/65-- -- --Folder create
2/7/2019 8:39:24 AM | * .git/objects/64-- -- --Folder create
2/7/2019 8:39:24 AM | * .git/objects/63-- -- --Folder create
2/7/2019 8:39:24 AM | * .git/objects/61-- -- --Folder create
2/7/2019 8:39:24 AM | * .git/objects/60-- -- --Folder create
2/7/2019 8:39:24 AM | * .git/objects/5f-- -- --Folder create
2/7/2019 8:39:24 AM | * .git/objects/5e-- -- --Folder create
2/7/2019 8:39:24 AM | * .git/objects/5d-- -- --Folder create
2/7/2019 8:39:24 AM | * .git/objects/5c-- -- --Folder create
2/7/2019 8:39:24 AM | * .git/objects/5b-- -- --Folder create
2/7/2019 8:39:24 AM | * .git/objects/5a-- -- --Folder create
2/7/2019 8:39:24 AM | * .git/objects/59-- -- --Folder create
2/7/2019 8:39:24 AM | * .git/objects/58-- -- --Folder create
2/7/2019 8:39:24 AM | * .git/objects/56-- -- --Folder create
2/7/2019 8:39:24 AM | * .git/objects/55-- -- --Folder create
2/7/2019 8:39:24 AM | * .git/objects/54-- -- --Folder create
2/7/2019 8:39:24 AM | * .git/objects/53-- -- --Folder create
2/7/2019 8:39:24 AM | * .git/objects/52-- -- --Folder create
2/7/2019 8:39:24 AM | * .git/objects/51-- -- --Folder create
2/7/2019 8:39:24 AM | * .git/objects/50-- -- --Folder create
2/7/2019 8:39:24 AM | * .git/objects/4f-- -- --Folder create
2/7/2019 8:39:24 AM | * .git/objects/4e-- -- --Folder create
2/7/2019 8:39:24 AM | * .git/objects/4d-- -- --Folder create
2/7/2019 8:39:24 AM | * .git/objects/4c-- -- --Folder create
2/7/2019 8:39:24 AM | * .git/objects/4b-- -- --Folder create
2/7/2019 8:39:24 AM | * .git/objects/4a-- -- --Folder create
2/7/2019 8:39:24 AM | * .git/objects/49-- -- --Folder create
2/7/2019 8:39:24 AM | * .git/objects/48-- -- --Folder create
2/7/2019 8:39:24 AM | * .git/objects/47-- -- --Folder create
2/7/2019 8:39:24 AM | * .git/objects/46-- -- --Folder create
2/7/2019 8:39:24 AM | * .git/objects/45-- -- --Folder create
2/7/2019 8:39:24 AM | * .git/objects/44-- -- --Folder create
2/7/2019 8:39:24 AM | * .git/objects/43-- -- --Folder create
2/7/2019 8:39:24 AM | * .git/objects/42-- -- --Folder create
2/7/2019 8:39:24 AM | * .git/objects/40-- -- --Folder create
2/7/2019 8:39:24 AM | * .git/objects/3f-- -- --Folder create
2/7/2019 8:39:24 AM | * .git/objects/3e-- -- --Folder create
2/7/2019 8:39:24 AM | * .git/objects/3d-- -- --Folder create
2/7/2019 8:39:24 AM | * .git/objects/3c-- -- --Folder create
2/7/2019 8:39:24 AM | * .git/objects/3b-- -- --Folder create
2/7/2019 8:39:24 AM | * .git/objects/3a-- -- --Folder create
2/7/2019 8:39:24 AM | * .git/objects/39-- -- --Folder create
2/7/2019 8:39:24 AM | * .git/objects/38-- -- --Folder create
2/7/2019 8:39:24 AM | * .git/objects/37-- -- --Folder create
2/7/2019 8:39:24 AM | * .git/objects/36-- -- --Folder create
2/7/2019 8:39:24 AM | * .git/objects/35-- -- --Folder create
2/7/2019 8:39:24 AM | * .git/objects/34-- -- --Folder create
2/7/2019 8:39:24 AM | * .git/objects/32-- -- --Folder create
2/7/2019 8:39:24 AM | * .git/objects/31-- -- --Folder create
2/7/2019 8:39:24 AM | * .git/objects/30-- -- --Folder create
2/7/2019 8:39:24 AM | * .git/objects/2f-- -- --Folder create
2/7/2019 8:39:24 AM | * .git/objects/2e-- -- --Folder create
2/7/2019 8:39:24 AM | * .git/objects/2d-- -- --Folder create
2/7/2019 8:39:24 AM | * .git/objects/2c-- -- --Folder create
2/7/2019 8:39:24 AM | * .git/objects/2b-- -- --Folder create
2/7/2019 8:39:24 AM | * .git/objects/2a-- -- --Folder create
2/7/2019 8:39:24 AM | * .git/objects/29-- -- --Folder create
2/7/2019 8:39:24 AM | * .git/objects/28-- -- --Folder create
2/7/2019 8:39:24 AM | * .git/objects/27-- -- --Folder create
2/7/2019 8:39:24 AM | * .git/objects/26-- -- --Folder create
2/7/2019 8:39:24 AM | * .git/objects/25-- -- --Folder create
2/7/2019 8:39:24 AM | * .git/objects/23-- -- --Folder create
2/7/2019 8:39:24 AM | * .git/objects/22-- -- --Folder create
2/7/2019 8:39:24 AM | * .git/objects/21-- -- --Folder create
2/7/2019 8:39:24 AM | * .git/objects/20-- -- --Folder create
2/7/2019 8:39:24 AM | * .git/objects/1f-- -- --Folder create
2/7/2019 8:39:24 AM | * .git/objects/1e-- -- --Folder create
2/7/2019 8:39:24 AM | * .git/objects/1d-- -- --Folder create
2/7/2019 8:39:24 AM | * .git/objects/1c-- -- --Folder create
2/7/2019 8:39:24 AM | * .git/objects/1b-- -- --Folder create
2/7/2019 8:39:24 AM | * .git/objects/19-- -- --Folder create
2/7/2019 8:39:24 AM | * .git/objects/18-- -- --Folder create
2/7/2019 8:39:24 AM | * .git/objects/17-- -- --Folder create
2/7/2019 8:39:24 AM | * .git/objects/16-- -- --Folder create
2/7/2019 8:39:24 AM | * .git/objects/15-- -- --Folder create
2/7/2019 8:39:24 AM | * .git/objects/14-- -- --Folder create
2/7/2019 8:39:24 AM | * .git/objects/13-- -- --Folder create
2/7/2019 8:39:24 AM | * .git/objects/12-- -- --Folder create
2/7/2019 8:39:24 AM | * .git/objects/11-- -- --Folder create
2/7/2019 8:39:24 AM | * .git/objects/10-- -- --Folder create
2/7/2019 8:39:24 AM | * .git/objects/0f-- -- --Folder create
2/7/2019 8:39:24 AM | * .git/objects/0e-- -- --Folder create
2/7/2019 8:39:24 AM | * .git/objects/0d-- -- --Folder create
2/7/2019 8:39:24 AM | * .git/objects/0c-- -- --Folder create
2/7/2019 8:39:24 AM | * .git/objects/0b-- -- --Folder create
2/7/2019 8:39:24 AM | * .git/objects/0a-- -- --Folder create
2/7/2019 8:39:24 AM | * .git/objects/09-- -- --Folder create
2/7/2019 8:39:24 AM | * .git/objects/08-- -- --Folder create
2/7/2019 8:39:24 AM | * .git/objects/07-- -- --Folder create
2/7/2019 8:39:24 AM | * .git/objects/06-- -- --Folder create
2/7/2019 8:39:24 AM | * .git/objects/05-- -- --Folder create
2/7/2019 8:39:24 AM | * .git/objects/04-- -- --Folder create
2/7/2019 8:39:24 AM | * .git/objects/03-- -- --Folder create
2/7/2019 8:39:24 AM | * .git/objects/02-- -- --Folder create
2/7/2019 8:39:24 AM | * .git/objects/01-- -- --Folder create
2/7/2019 8:39:24 AM | * .git/objects/00-- -- --Folder create
2/7/2019 8:39:24 AM | * .git/logs-- -- --Folder create
2/7/2019 8:39:24 AM | * .git/logs/refs-- -- --Folder create
2/7/2019 8:39:24 AM | * .git/logs/refs/remotes-- -- --Folder create
2/7/2019 8:39:24 AM | * .git/logs/refs/remotes/origin-- -- --Folder create
2/7/2019 8:39:24 AM | * .git/logs/refs/heads-- -- --Folder create
2/7/2019 8:39:24 AM | * .git/lfs-- -- --Folder create
2/7/2019 8:39:24 AM | * .git/lfs/tmp-- -- --Folder create
2/7/2019 8:39:24 AM | * .git/lfs/objects-- -- --Folder create
2/7/2019 8:39:24 AM | * .git/info-- -- --Folder create
2/7/2019 8:39:24 AM | * .git/hooks-- -- --Folder create
2/7/2019 8:39:24 AM | * Backup-- -- --Folder create
2/7/2019 8:39:24 AM | * Files-- -- --Folder create
2/7/2019 8:39:24 AM | * Files/Image-- -- --Folder create
2/7/2019 8:39:24 AM | * WEFiles-- -- --Folder create
2/7/2019 8:39:24 AM | * WEFiles/Image-- -- --Folder create
2/7/2019 8:39:24 AM | * WEFiles/Image/WEImage-- -- --Folder create
2/7/2019 8:39:24 AM | * Templates-- -- --Folder create
2/7/2019 8:39:24 AM | * Backup/.htaccess-- -- --33
2/7/2019 8:39:24 AM | * Files/Other/AUTORISATION_PARENTALE_TRAIL_2019.pdf-- -- --81701
2/7/2019 8:39:24 AM | * Files/Other/Certificat_Medical_Trail_des_Vignes_2019.pdf-- -- --128839
2/7/2019 8:39:24 AM | * Files/Other/Planning_Trail_des_Vignes_2019.pdf-- -- --104533
2/7/2019 8:39:24 AM | * Files/Other/Reglement_Bike_and_Run_2019.pdf-- -- --134758
2/7/2019 8:39:24 AM | * Files/Other/Reglement_Bike_and_Run_2019_EN.pdf-- -- --51188
2/7/2019 8:39:24 AM | * Files/Other/Reglement_des_courses_Trail_2019.pdf-- -- --124515
2/7/2019 8:39:24 AM | * Files/Other/Reglement_des_courses_Trail_2019_EN.pdf-- -- --51882
2/7/2019 8:39:24 AM | * Files/Other/Reglement_des_courses_Trail_et_Bike_and_Run_2019.pdf-- -- --256195
2/7/2019 8:39:24 AM | * Files/Other/Reglement_des_courses_Trail_et_Bike_and_Run_2019_EN.pdf-- -- --69449
2/7/2019 8:39:24 AM | * Files/Other/TRAIL_DES_VIGNES_2019_BIKE_RUN_10km.pdf-- -- --79245
2/7/2019 8:39:24 AM | * Files/Other/TRAIL_DES_VIGNES_2019_FILLETTE_5km.pdf-- -- --75896
2/7/2019 8:39:24 AM | * Files/Other/TRAIL_DES_VIGNES_2019_MAGNUM_10km.pdf-- -- --78807
2/7/2019 8:39:24 AM | * Files/Other/TRAIL_DES_VIGNES_2019_MATHUSALEM_16km.pdf-- -- --79960
2/7/2019 8:39:24 AM | * Files/Other/TRAIL_DES_VIGNES_2019_MELCHIOR_25km.pdf-- -- --84116
2/7/2019 8:39:24 AM | * .htaccess-- -- --0
2/7/2019 8:39:24 AM | * contact(var).js-- -- --570
2/7/2019 8:39:24 AM | * contact(var).php-- -- --779
2/7/2019 8:39:24 AM | * contact.css-- -- --2408
2/7/2019 8:39:24 AM | * Files/Image/Affiche-2019-webFinale.jpg-- -- --582926
2/7/2019 8:39:24 AM | * WEFiles/Image/WEImage/Affiche-2019-webFinale-WE1d42230275.jpg-- -- --325873
2/7/2019 8:39:24 AM | * Backup/contact.dat-- -- --531384
2/7/2019 8:39:24 AM | * contact.en.htm-- -- --24207
2/7/2019 8:39:24 AM | * contact.htm-- -- --24216
2/7/2019 8:39:24 AM | * copie-index(var).js-- -- --1583
2/7/2019 8:39:24 AM | * copie-index.css-- -- --4351
2/7/2019 8:39:24 AM | * Backup/copie-index.dat-- -- --694637
2/7/2019 8:39:24 AM | * copie-index.en.htm-- -- --29621
2/7/2019 8:39:24 AM | * copie-index.htm-- -- --29728
2/7/2019 8:39:24 AM | * copie-Inscription.css-- -- --3250
2/7/2019 8:39:24 AM | * Files/Image/Affiche-2019-web.jpg-- -- --720546
2/7/2019 8:39:24 AM | * Backup/copie-Inscription.dat-- -- --583499
2/7/2019 8:39:24 AM | * copie-Inscription.en.htm-- -- --29751
2/7/2019 8:39:24 AM | * copie-Inscription.htm-- -- --29407
2/7/2019 8:39:24 AM | * index.css-- -- --4447
2/7/2019 8:39:24 AM | * Backup/index.dat-- -- --691003
2/7/2019 8:39:24 AM | * index.en.htm-- -- --28521
2/7/2019 8:39:24 AM | * index.htm-- -- --29081
2/7/2019 8:39:24 AM | * Inscription.css-- -- --3301
2/7/2019 8:39:24 AM | * Backup/Inscription.dat-- -- --596117
2/7/2019 8:39:24 AM | * Inscription.en.htm-- -- --31065
2/7/2019 8:39:24 AM | * Inscription.htm-- -- --30426
2/7/2019 8:39:24 AM | * Liens.css-- -- --3307
2/7/2019 8:39:24 AM | * Backup/Liens.dat-- -- --551323
2/7/2019 8:39:24 AM | * Liens.en.htm-- -- --26109
2/7/2019 8:39:24 AM | * Liens.htm-- -- --26236
2/7/2019 8:39:24 AM | * mentions-legales.css-- -- --2565
2/7/2019 8:39:24 AM | * Backup/mentions-legales.dat-- -- --396299
2/7/2019 8:39:24 AM | * mentions-legales.en.htm-- -- --22543
2/7/2019 8:39:24 AM | * mentions-legales.htm-- -- --22555
2/7/2019 8:39:24 AM | * page3.css-- -- --3108
2/7/2019 8:39:24 AM | * Backup/page3.dat-- -- --516071
2/7/2019 8:39:24 AM | * page3.en.htm-- -- --25623
2/7/2019 8:39:24 AM | * page3.htm-- -- --25635
2/7/2019 8:39:24 AM | * Page4.css-- -- --557
2/7/2019 8:39:24 AM | * Backup/Page4.dat-- -- --100826
2/7/2019 8:39:24 AM | * Page4.en.htm-- -- --19248
2/7/2019 8:39:24 AM | * Page4.htm-- -- --19260
2/7/2019 8:39:24 AM | * Photos.css-- -- --3471
2/7/2019 8:39:24 AM | * Backup/Photos.dat-- -- --596394
2/7/2019 8:39:24 AM | * Photos.en.htm-- -- --28199
2/7/2019 8:39:24 AM | * Photos.htm-- -- --28223
2/7/2019 8:39:24 AM | * Photos_old.css-- -- --1862
2/7/2019 8:39:24 AM | * Backup/Photos_old.dat-- -- --395115
2/7/2019 8:39:24 AM | * Photos_old.en.htm-- -- --22605
2/7/2019 8:39:24 AM | * Photos_old.htm-- -- --22639
2/7/2019 8:39:24 AM | * Resultats(var).js-- -- --1583
2/7/2019 8:39:24 AM | * Resultats.css-- -- --3504
2/7/2019 8:39:24 AM | * Backup/Resultats.dat-- -- --609227
2/7/2019 8:39:24 AM | * Resultats.en.htm-- -- --29737
2/7/2019 8:39:24 AM | * Resultats.htm-- -- --29663
2/7/2019 8:39:24 AM | * Resultats_old(var).js-- -- --1583
2/7/2019 8:39:24 AM | * Resultats_old.css-- -- --2487
2/7/2019 8:39:24 AM | * Backup/Resultats_old.dat-- -- --518602
2/7/2019 8:39:24 AM | * Resultats_old.en.htm-- -- --29342
2/7/2019 8:39:24 AM | * Resultats_old.htm-- -- --29332
2/7/2019 8:39:24 AM | * Templates/design.css-- -- --8043
2/7/2019 8:39:24 AM | * Backup/Templates/design.tdat-- -- --1011780
2/7/2019 8:39:24 AM | * sitemap.xml-- -- --9814
2/7/2019 8:39:24 AM | * robots.txt-- -- --45
2/7/2019 8:39:24 AM | * Backup/Templates/Controls/WEGalleryCarrousel2_4c2a6f64.OESkin-- -- --63861
2/7/2019 8:39:24 AM | * Backup/Templates/Controls/WEMenu_30e74168.OESkin-- -- --63872
2/7/2019 8:39:24 AM | * Backup/Templates/Controls/WEText_d0120a9e.OESkin-- -- --59566
2/7/2019 8:39:24 AM | * Backup/TrailV2.ope-- -- --3627
2/7/2019 8:39:25 AM | 
2/7/2019 8:39:25 AM | 
--------------------------------Phase 1 Terminé--------------------------------
2/7/2019 8:39:25 AM | 

2/7/2019 6:08:11 PM | Debut Mise en ligne différentielle (Site):
2/7/2019 6:08:12 PM | Listing terminé :
2/7/2019 6:08:12 PM | 

2/7/2019 6:08:12 PM | * .git-- -- --Folder create
2/7/2019 6:08:12 PM | * .git/refs-- -- --Folder create
2/7/2019 6:08:12 PM | * .git/refs/remotes-- -- --Folder create
2/7/2019 6:08:12 PM | * .git/refs/remotes/origin-- -- --Folder create
2/7/2019 6:08:12 PM | * .git/refs/heads-- -- --Folder create
2/7/2019 6:08:12 PM | * .git/objects-- -- --Folder create
2/7/2019 6:08:12 PM | * .git/objects/ff-- -- --Folder create
2/7/2019 6:08:12 PM | * .git/objects/fe-- -- --Folder create
2/7/2019 6:08:12 PM | * .git/objects/fd-- -- --Folder create
2/7/2019 6:08:12 PM | * .git/objects/fc-- -- --Folder create
2/7/2019 6:08:12 PM | * .git/objects/fb-- -- --Folder create
2/7/2019 6:08:12 PM | * .git/objects/fa-- -- --Folder create
2/7/2019 6:08:12 PM | * .git/objects/f9-- -- --Folder create
2/7/2019 6:08:12 PM | * .git/objects/f8-- -- --Folder create
2/7/2019 6:08:12 PM | * .git/objects/f7-- -- --Folder create
2/7/2019 6:08:12 PM | * .git/objects/f6-- -- --Folder create
2/7/2019 6:08:12 PM | * .git/objects/f5-- -- --Folder create
2/7/2019 6:08:12 PM | * .git/objects/f4-- -- --Folder create
2/7/2019 6:08:12 PM | * .git/objects/f3-- -- --Folder create
2/7/2019 6:08:12 PM | * .git/objects/f1-- -- --Folder create
2/7/2019 6:08:12 PM | * .git/objects/f0-- -- --Folder create
2/7/2019 6:08:12 PM | * .git/objects/ef-- -- --Folder create
2/7/2019 6:08:12 PM | * .git/objects/ed-- -- --Folder create
2/7/2019 6:08:12 PM | * .git/objects/ec-- -- --Folder create
2/7/2019 6:08:12 PM | * .git/objects/eb-- -- --Folder create
2/7/2019 6:08:12 PM | * .git/objects/ea-- -- --Folder create
2/7/2019 6:08:12 PM | * .git/objects/e9-- -- --Folder create
2/7/2019 6:08:12 PM | * .git/objects/e8-- -- --Folder create
2/7/2019 6:08:12 PM | * .git/objects/e7-- -- --Folder create
2/7/2019 6:08:12 PM | * .git/objects/e6-- -- --Folder create
2/7/2019 6:08:12 PM | * .git/objects/e5-- -- --Folder create
2/7/2019 6:08:12 PM | * .git/objects/e3-- -- --Folder create
2/7/2019 6:08:12 PM | * .git/objects/e2-- -- --Folder create
2/7/2019 6:08:12 PM | * .git/objects/e1-- -- --Folder create
2/7/2019 6:08:12 PM | * .git/objects/e0-- -- --Folder create
2/7/2019 6:08:12 PM | * .git/objects/df-- -- --Folder create
2/7/2019 6:08:12 PM | * .git/objects/de-- -- --Folder create
2/7/2019 6:08:12 PM | * .git/objects/dd-- -- --Folder create
2/7/2019 6:08:12 PM | * .git/objects/dc-- -- --Folder create
2/7/2019 6:08:12 PM | * .git/objects/db-- -- --Folder create
2/7/2019 6:08:12 PM | * .git/objects/da-- -- --Folder create
2/7/2019 6:08:12 PM | * .git/objects/d9-- -- --Folder create
2/7/2019 6:08:12 PM | * .git/objects/d8-- -- --Folder create
2/7/2019 6:08:12 PM | * .git/objects/d7-- -- --Folder create
2/7/2019 6:08:12 PM | * .git/objects/d6-- -- --Folder create
2/7/2019 6:08:12 PM | * .git/objects/d5-- -- --Folder create
2/7/2019 6:08:12 PM | * .git/objects/d4-- -- --Folder create
2/7/2019 6:08:12 PM | * .git/objects/d2-- -- --Folder create
2/7/2019 6:08:12 PM | * .git/objects/d0-- -- --Folder create
2/7/2019 6:08:12 PM | * .git/objects/cf-- -- --Folder create
2/7/2019 6:08:12 PM | * .git/objects/cd-- -- --Folder create
2/7/2019 6:08:12 PM | * .git/objects/cc-- -- --Folder create
2/7/2019 6:08:12 PM | * .git/objects/cb-- -- --Folder create
2/7/2019 6:08:12 PM | * .git/objects/ca-- -- --Folder create
2/7/2019 6:08:12 PM | * .git/objects/c9-- -- --Folder create
2/7/2019 6:08:12 PM | * .git/objects/c8-- -- --Folder create
2/7/2019 6:08:12 PM | * .git/objects/c7-- -- --Folder create
2/7/2019 6:08:12 PM | * .git/objects/c5-- -- --Folder create
2/7/2019 6:08:12 PM | * .git/objects/c4-- -- --Folder create
2/7/2019 6:08:12 PM | * .git/objects/c3-- -- --Folder create
2/7/2019 6:08:12 PM | * .git/objects/c2-- -- --Folder create
2/7/2019 6:08:12 PM | * .git/objects/c0-- -- --Folder create
2/7/2019 6:08:12 PM | * .git/objects/bf-- -- --Folder create
2/7/2019 6:08:12 PM | * .git/objects/be-- -- --Folder create
2/7/2019 6:08:12 PM | * .git/objects/bd-- -- --Folder create
2/7/2019 6:08:12 PM | * .git/objects/bc-- -- --Folder create
2/7/2019 6:08:12 PM | * .git/objects/bb-- -- --Folder create
2/7/2019 6:08:12 PM | * .git/objects/ba-- -- --Folder create
2/7/2019 6:08:12 PM | * .git/objects/b9-- -- --Folder create
2/7/2019 6:08:12 PM | * .git/objects/b8-- -- --Folder create
2/7/2019 6:08:12 PM | * .git/objects/b7-- -- --Folder create
2/7/2019 6:08:12 PM | * .git/objects/b5-- -- --Folder create
2/7/2019 6:08:12 PM | * .git/objects/b4-- -- --Folder create
2/7/2019 6:08:12 PM | * .git/objects/b3-- -- --Folder create
2/7/2019 6:08:12 PM | * .git/objects/b2-- -- --Folder create
2/7/2019 6:08:12 PM | * .git/objects/b1-- -- --Folder create
2/7/2019 6:08:12 PM | * .git/objects/b0-- -- --Folder create
2/7/2019 6:08:12 PM | * .git/objects/af-- -- --Folder create
2/7/2019 6:08:12 PM | * .git/objects/ae-- -- --Folder create
2/7/2019 6:08:12 PM | * .git/objects/ad-- -- --Folder create
2/7/2019 6:08:12 PM | * .git/objects/ac-- -- --Folder create
2/7/2019 6:08:12 PM | * .git/objects/ab-- -- --Folder create
2/7/2019 6:08:12 PM | * .git/objects/aa-- -- --Folder create
2/7/2019 6:08:12 PM | * .git/objects/a9-- -- --Folder create
2/7/2019 6:08:12 PM | * .git/objects/a8-- -- --Folder create
2/7/2019 6:08:12 PM | * .git/objects/a7-- -- --Folder create
2/7/2019 6:08:12 PM | * .git/objects/a6-- -- --Folder create
2/7/2019 6:08:12 PM | * .git/objects/a5-- -- --Folder create
2/7/2019 6:08:12 PM | * .git/objects/a4-- -- --Folder create
2/7/2019 6:08:12 PM | * .git/objects/a3-- -- --Folder create
2/7/2019 6:08:12 PM | * .git/objects/a2-- -- --Folder create
2/7/2019 6:08:12 PM | * .git/objects/a1-- -- --Folder create
2/7/2019 6:08:12 PM | * .git/objects/a0-- -- --Folder create
2/7/2019 6:08:12 PM | * .git/objects/9f-- -- --Folder create
2/7/2019 6:08:12 PM | * .git/objects/9e-- -- --Folder create
2/7/2019 6:08:12 PM | * .git/objects/9d-- -- --Folder create
2/7/2019 6:08:12 PM | * .git/objects/9c-- -- --Folder create
2/7/2019 6:08:12 PM | * .git/objects/9b-- -- --Folder create
2/7/2019 6:08:12 PM | * .git/objects/9a-- -- --Folder create
2/7/2019 6:08:12 PM | * .git/objects/99-- -- --Folder create
2/7/2019 6:08:12 PM | * .git/objects/98-- -- --Folder create
2/7/2019 6:08:12 PM | * .git/objects/97-- -- --Folder create
2/7/2019 6:08:12 PM | * .git/objects/96-- -- --Folder create
2/7/2019 6:08:12 PM | * .git/objects/95-- -- --Folder create
2/7/2019 6:08:12 PM | * .git/objects/94-- -- --Folder create
2/7/2019 6:08:12 PM | * .git/objects/91-- -- --Folder create
2/7/2019 6:08:12 PM | * .git/objects/90-- -- --Folder create
2/7/2019 6:08:12 PM | * .git/objects/8f-- -- --Folder create
2/7/2019 6:08:12 PM | * .git/objects/8e-- -- --Folder create
2/7/2019 6:08:12 PM | * .git/objects/8d-- -- --Folder create
2/7/2019 6:08:12 PM | * .git/objects/8c-- -- --Folder create
2/7/2019 6:08:12 PM | * .git/objects/8b-- -- --Folder create
2/7/2019 6:08:12 PM | * .git/objects/8a-- -- --Folder create
2/7/2019 6:08:12 PM | * .git/objects/89-- -- --Folder create
2/7/2019 6:08:12 PM | * .git/objects/88-- -- --Folder create
2/7/2019 6:08:12 PM | * .git/objects/87-- -- --Folder create
2/7/2019 6:08:12 PM | * .git/objects/86-- -- --Folder create
2/7/2019 6:08:12 PM | * .git/objects/85-- -- --Folder create
2/7/2019 6:08:12 PM | * .git/objects/84-- -- --Folder create
2/7/2019 6:08:12 PM | * .git/objects/83-- -- --Folder create
2/7/2019 6:08:12 PM | * .git/objects/82-- -- --Folder create
2/7/2019 6:08:12 PM | * .git/objects/81-- -- --Folder create
2/7/2019 6:08:12 PM | * .git/objects/80-- -- --Folder create
2/7/2019 6:08:12 PM | * .git/objects/7f-- -- --Folder create
2/7/2019 6:08:12 PM | * .git/objects/7e-- -- --Folder create
2/7/2019 6:08:12 PM | * .git/objects/7d-- -- --Folder create
2/7/2019 6:08:12 PM | * .git/objects/7c-- -- --Folder create
2/7/2019 6:08:12 PM | * .git/objects/7b-- -- --Folder create
2/7/2019 6:08:12 PM | * .git/objects/7a-- -- --Folder create
2/7/2019 6:08:12 PM | * .git/objects/79-- -- --Folder create
2/7/2019 6:08:12 PM | * .git/objects/78-- -- --Folder create
2/7/2019 6:08:12 PM | * .git/objects/77-- -- --Folder create
2/7/2019 6:08:12 PM | * .git/objects/76-- -- --Folder create
2/7/2019 6:08:12 PM | * .git/objects/75-- -- --Folder create
2/7/2019 6:08:12 PM | * .git/objects/74-- -- --Folder create
2/7/2019 6:08:12 PM | * .git/objects/73-- -- --Folder create
2/7/2019 6:08:12 PM | * .git/objects/72-- -- --Folder create
2/7/2019 6:08:12 PM | * .git/objects/70-- -- --Folder create
2/7/2019 6:08:12 PM | * .git/objects/6f-- -- --Folder create
2/7/2019 6:08:12 PM | * .git/objects/6e-- -- --Folder create
2/7/2019 6:08:12 PM | * .git/objects/6d-- -- --Folder create
2/7/2019 6:08:12 PM | * .git/objects/6c-- -- --Folder create
2/7/2019 6:08:12 PM | * .git/objects/6b-- -- --Folder create
2/7/2019 6:08:12 PM | * .git/objects/6a-- -- --Folder create
2/7/2019 6:08:12 PM | * .git/objects/69-- -- --Folder create
2/7/2019 6:08:12 PM | * .git/objects/67-- -- --Folder create
2/7/2019 6:08:12 PM | * .git/objects/66-- -- --Folder create
2/7/2019 6:08:12 PM | * .git/objects/65-- -- --Folder create
2/7/2019 6:08:12 PM | * .git/objects/64-- -- --Folder create
2/7/2019 6:08:12 PM | * .git/objects/63-- -- --Folder create
2/7/2019 6:08:12 PM | * .git/objects/61-- -- --Folder create
2/7/2019 6:08:12 PM | * .git/objects/60-- -- --Folder create
2/7/2019 6:08:12 PM | * .git/objects/5f-- -- --Folder create
2/7/2019 6:08:12 PM | * .git/objects/5e-- -- --Folder create
2/7/2019 6:08:12 PM | * .git/objects/5d-- -- --Folder create
2/7/2019 6:08:12 PM | * .git/objects/5c-- -- --Folder create
2/7/2019 6:08:12 PM | * .git/objects/5b-- -- --Folder create
2/7/2019 6:08:12 PM | * .git/objects/5a-- -- --Folder create
2/7/2019 6:08:12 PM | * .git/objects/59-- -- --Folder create
2/7/2019 6:08:12 PM | * .git/objects/58-- -- --Folder create
2/7/2019 6:08:12 PM | * .git/objects/56-- -- --Folder create
2/7/2019 6:08:12 PM | * .git/objects/55-- -- --Folder create
2/7/2019 6:08:12 PM | * .git/objects/54-- -- --Folder create
2/7/2019 6:08:12 PM | * .git/objects/53-- -- --Folder create
2/7/2019 6:08:12 PM | * .git/objects/52-- -- --Folder create
2/7/2019 6:08:12 PM | * .git/objects/51-- -- --Folder create
2/7/2019 6:08:12 PM | * .git/objects/50-- -- --Folder create
2/7/2019 6:08:12 PM | * .git/objects/4f-- -- --Folder create
2/7/2019 6:08:12 PM | * .git/objects/4e-- -- --Folder create
2/7/2019 6:08:12 PM | * .git/objects/4d-- -- --Folder create
2/7/2019 6:08:12 PM | * .git/objects/4c-- -- --Folder create
2/7/2019 6:08:12 PM | * .git/objects/4b-- -- --Folder create
2/7/2019 6:08:12 PM | * .git/objects/4a-- -- --Folder create
2/7/2019 6:08:12 PM | * .git/objects/49-- -- --Folder create
2/7/2019 6:08:12 PM | * .git/objects/48-- -- --Folder create
2/7/2019 6:08:12 PM | * .git/objects/47-- -- --Folder create
2/7/2019 6:08:12 PM | * .git/objects/46-- -- --Folder create
2/7/2019 6:08:12 PM | * .git/objects/45-- -- --Folder create
2/7/2019 6:08:12 PM | * .git/objects/44-- -- --Folder create
2/7/2019 6:08:12 PM | * .git/objects/43-- -- --Folder create
2/7/2019 6:08:12 PM | * .git/objects/42-- -- --Folder create
2/7/2019 6:08:12 PM | * .git/objects/40-- -- --Folder create
2/7/2019 6:08:12 PM | * .git/objects/3f-- -- --Folder create
2/7/2019 6:08:12 PM | * .git/objects/3e-- -- --Folder create
2/7/2019 6:08:12 PM | * .git/objects/3d-- -- --Folder create
2/7/2019 6:08:12 PM | * .git/objects/3c-- -- --Folder create
2/7/2019 6:08:12 PM | * .git/objects/3b-- -- --Folder create
2/7/2019 6:08:12 PM | * .git/objects/3a-- -- --Folder create
2/7/2019 6:08:12 PM | * .git/objects/39-- -- --Folder create
2/7/2019 6:08:12 PM | * .git/objects/38-- -- --Folder create
2/7/2019 6:08:12 PM | * .git/objects/37-- -- --Folder create
2/7/2019 6:08:12 PM | * .git/objects/36-- -- --Folder create
2/7/2019 6:08:12 PM | * .git/objects/35-- -- --Folder create
2/7/2019 6:08:12 PM | * .git/objects/34-- -- --Folder create
2/7/2019 6:08:12 PM | * .git/objects/32-- -- --Folder create
2/7/2019 6:08:12 PM | * .git/objects/31-- -- --Folder create
2/7/2019 6:08:12 PM | * .git/objects/30-- -- --Folder create
2/7/2019 6:08:12 PM | * .git/objects/2f-- -- --Folder create
2/7/2019 6:08:12 PM | * .git/objects/2e-- -- --Folder create
2/7/2019 6:08:12 PM | * .git/objects/2d-- -- --Folder create
2/7/2019 6:08:12 PM | * .git/objects/2c-- -- --Folder create
2/7/2019 6:08:12 PM | * .git/objects/2b-- -- --Folder create
2/7/2019 6:08:12 PM | * .git/objects/2a-- -- --Folder create
2/7/2019 6:08:12 PM | * .git/objects/29-- -- --Folder create
2/7/2019 6:08:12 PM | * .git/objects/28-- -- --Folder create
2/7/2019 6:08:12 PM | * .git/objects/27-- -- --Folder create
2/7/2019 6:08:12 PM | * .git/objects/26-- -- --Folder create
2/7/2019 6:08:12 PM | * .git/objects/25-- -- --Folder create
2/7/2019 6:08:12 PM | * .git/objects/23-- -- --Folder create
2/7/2019 6:08:12 PM | * .git/objects/22-- -- --Folder create
2/7/2019 6:08:12 PM | * .git/objects/21-- -- --Folder create
2/7/2019 6:08:12 PM | * .git/objects/20-- -- --Folder create
2/7/2019 6:08:12 PM | * .git/objects/1f-- -- --Folder create
2/7/2019 6:08:12 PM | * .git/objects/1e-- -- --Folder create
2/7/2019 6:08:12 PM | * .git/objects/1d-- -- --Folder create
2/7/2019 6:08:12 PM | * .git/objects/1c-- -- --Folder create
2/7/2019 6:08:12 PM | * .git/objects/1b-- -- --Folder create
2/7/2019 6:08:12 PM | * .git/objects/19-- -- --Folder create
2/7/2019 6:08:12 PM | * .git/objects/18-- -- --Folder create
2/7/2019 6:08:12 PM | * .git/objects/17-- -- --Folder create
2/7/2019 6:08:12 PM | * .git/objects/16-- -- --Folder create
2/7/2019 6:08:12 PM | * .git/objects/15-- -- --Folder create
2/7/2019 6:08:12 PM | * .git/objects/14-- -- --Folder create
2/7/2019 6:08:12 PM | * .git/objects/13-- -- --Folder create
2/7/2019 6:08:12 PM | * .git/objects/12-- -- --Folder create
2/7/2019 6:08:12 PM | * .git/objects/11-- -- --Folder create
2/7/2019 6:08:12 PM | * .git/objects/10-- -- --Folder create
2/7/2019 6:08:12 PM | * .git/objects/0f-- -- --Folder create
2/7/2019 6:08:12 PM | * .git/objects/0e-- -- --Folder create
2/7/2019 6:08:12 PM | * .git/objects/0d-- -- --Folder create
2/7/2019 6:08:12 PM | * .git/objects/0c-- -- --Folder create
2/7/2019 6:08:12 PM | * .git/objects/0b-- -- --Folder create
2/7/2019 6:08:12 PM | * .git/objects/0a-- -- --Folder create
2/7/2019 6:08:12 PM | * .git/objects/09-- -- --Folder create
2/7/2019 6:08:12 PM | * .git/objects/08-- -- --Folder create
2/7/2019 6:08:12 PM | * .git/objects/07-- -- --Folder create
2/7/2019 6:08:12 PM | * .git/objects/06-- -- --Folder create
2/7/2019 6:08:13 PM | * .git/objects/05-- -- --Folder create
2/7/2019 6:08:13 PM | * .git/objects/04-- -- --Folder create
2/7/2019 6:08:13 PM | * .git/objects/03-- -- --Folder create
2/7/2019 6:08:13 PM | * .git/objects/02-- -- --Folder create
2/7/2019 6:08:13 PM | * .git/objects/01-- -- --Folder create
2/7/2019 6:08:13 PM | * .git/objects/00-- -- --Folder create
2/7/2019 6:08:13 PM | * .git/logs-- -- --Folder create
2/7/2019 6:08:13 PM | * .git/logs/refs-- -- --Folder create
2/7/2019 6:08:13 PM | * .git/logs/refs/remotes-- -- --Folder create
2/7/2019 6:08:13 PM | * .git/logs/refs/remotes/origin-- -- --Folder create
2/7/2019 6:08:13 PM | * .git/logs/refs/heads-- -- --Folder create
2/7/2019 6:08:13 PM | * .git/lfs-- -- --Folder create
2/7/2019 6:08:13 PM | * .git/lfs/tmp-- -- --Folder create
2/7/2019 6:08:13 PM | * .git/lfs/objects-- -- --Folder create
2/7/2019 6:08:13 PM | * .git/info-- -- --Folder create
2/7/2019 6:08:13 PM | * .git/hooks-- -- --Folder create
2/7/2019 6:08:13 PM | * Backup-- -- --Folder create
2/7/2019 6:08:13 PM | * Templates-- -- --Folder create
2/7/2019 6:08:13 PM | * Backup/.htaccess-- -- --33
2/7/2019 6:08:13 PM | * .htaccess-- -- --0
2/7/2019 6:08:13 PM | * Inscription2017.css-- -- --3301
2/7/2019 6:08:13 PM | * Backup/Inscription2017.dat-- -- --595807
2/7/2019 6:08:13 PM | * Inscription2017.en.htm-- -- --31039
2/7/2019 6:08:13 PM | * Inscription2017.htm-- -- --30400
2/7/2019 6:08:13 PM | * sitemap.xml-- -- --10584
2/7/2019 6:08:13 PM | * robots.txt-- -- --45
2/7/2019 6:08:13 PM | * Backup/Templates/Controls/WEGalleryCarrousel2_4c2a6f64.OESkin-- -- --63861
2/7/2019 6:08:13 PM | * Backup/Templates/Controls/WEMenu_30e74168.OESkin-- -- --63872
2/7/2019 6:08:13 PM | * Backup/Templates/Controls/WEText_d0120a9e.OESkin-- -- --59566
2/7/2019 6:08:13 PM | * Backup/TrailV2.ope-- -- --3627
2/7/2019 6:08:13 PM | 
2/7/2019 6:08:13 PM | 
--------------------------------Phase 1 Terminé--------------------------------
2/7/2019 6:08:13 PM | 

2/8/2019 8:00:08 AM | Debut Mise en ligne différentielle (Site):
2/8/2019 8:00:10 AM | Listing terminé :
2/8/2019 8:00:10 AM | 

2/8/2019 8:00:10 AM | * .git-- -- --Folder create
2/8/2019 8:00:10 AM | * .git/refs-- -- --Folder create
2/8/2019 8:00:10 AM | * .git/refs/remotes-- -- --Folder create
2/8/2019 8:00:10 AM | * .git/refs/remotes/origin-- -- --Folder create
2/8/2019 8:00:10 AM | * .git/refs/heads-- -- --Folder create
2/8/2019 8:00:10 AM | * .git/objects-- -- --Folder create
2/8/2019 8:00:10 AM | * .git/objects/ff-- -- --Folder create
2/8/2019 8:00:10 AM | * .git/objects/fe-- -- --Folder create
2/8/2019 8:00:10 AM | * .git/objects/fd-- -- --Folder create
2/8/2019 8:00:10 AM | * .git/objects/fc-- -- --Folder create
2/8/2019 8:00:10 AM | * .git/objects/fb-- -- --Folder create
2/8/2019 8:00:10 AM | * .git/objects/fa-- -- --Folder create
2/8/2019 8:00:10 AM | * .git/objects/f9-- -- --Folder create
2/8/2019 8:00:10 AM | * .git/objects/f8-- -- --Folder create
2/8/2019 8:00:10 AM | * .git/objects/f7-- -- --Folder create
2/8/2019 8:00:10 AM | * .git/objects/f6-- -- --Folder create
2/8/2019 8:00:10 AM | * .git/objects/f5-- -- --Folder create
2/8/2019 8:00:10 AM | * .git/objects/f4-- -- --Folder create
2/8/2019 8:00:10 AM | * .git/objects/f3-- -- --Folder create
2/8/2019 8:00:10 AM | * .git/objects/f1-- -- --Folder create
2/8/2019 8:00:10 AM | * .git/objects/f0-- -- --Folder create
2/8/2019 8:00:10 AM | * .git/objects/ef-- -- --Folder create
2/8/2019 8:00:10 AM | * .git/objects/ed-- -- --Folder create
2/8/2019 8:00:10 AM | * .git/objects/ec-- -- --Folder create
2/8/2019 8:00:10 AM | * .git/objects/eb-- -- --Folder create
2/8/2019 8:00:10 AM | * .git/objects/ea-- -- --Folder create
2/8/2019 8:00:10 AM | * .git/objects/e9-- -- --Folder create
2/8/2019 8:00:10 AM | * .git/objects/e8-- -- --Folder create
2/8/2019 8:00:10 AM | * .git/objects/e7-- -- --Folder create
2/8/2019 8:00:10 AM | * .git/objects/e6-- -- --Folder create
2/8/2019 8:00:10 AM | * .git/objects/e5-- -- --Folder create
2/8/2019 8:00:10 AM | * .git/objects/e3-- -- --Folder create
2/8/2019 8:00:10 AM | * .git/objects/e2-- -- --Folder create
2/8/2019 8:00:10 AM | * .git/objects/e1-- -- --Folder create
2/8/2019 8:00:10 AM | * .git/objects/e0-- -- --Folder create
2/8/2019 8:00:10 AM | * .git/objects/df-- -- --Folder create
2/8/2019 8:00:10 AM | * .git/objects/de-- -- --Folder create
2/8/2019 8:00:10 AM | * .git/objects/dd-- -- --Folder create
2/8/2019 8:00:10 AM | * .git/objects/dc-- -- --Folder create
2/8/2019 8:00:10 AM | * .git/objects/db-- -- --Folder create
2/8/2019 8:00:10 AM | * .git/objects/da-- -- --Folder create
2/8/2019 8:00:10 AM | * .git/objects/d9-- -- --Folder create
2/8/2019 8:00:10 AM | * .git/objects/d8-- -- --Folder create
2/8/2019 8:00:10 AM | * .git/objects/d7-- -- --Folder create
2/8/2019 8:00:10 AM | * .git/objects/d6-- -- --Folder create
2/8/2019 8:00:10 AM | * .git/objects/d5-- -- --Folder create
2/8/2019 8:00:10 AM | * .git/objects/d4-- -- --Folder create
2/8/2019 8:00:10 AM | * .git/objects/d2-- -- --Folder create
2/8/2019 8:00:10 AM | * .git/objects/d0-- -- --Folder create
2/8/2019 8:00:10 AM | * .git/objects/cf-- -- --Folder create
2/8/2019 8:00:10 AM | * .git/objects/cd-- -- --Folder create
2/8/2019 8:00:10 AM | * .git/objects/cc-- -- --Folder create
2/8/2019 8:00:10 AM | * .git/objects/cb-- -- --Folder create
2/8/2019 8:00:10 AM | * .git/objects/ca-- -- --Folder create
2/8/2019 8:00:10 AM | * .git/objects/c9-- -- --Folder create
2/8/2019 8:00:10 AM | * .git/objects/c8-- -- --Folder create
2/8/2019 8:00:10 AM | * .git/objects/c7-- -- --Folder create
2/8/2019 8:00:10 AM | * .git/objects/c5-- -- --Folder create
2/8/2019 8:00:10 AM | * .git/objects/c4-- -- --Folder create
2/8/2019 8:00:10 AM | * .git/objects/c3-- -- --Folder create
2/8/2019 8:00:10 AM | * .git/objects/c2-- -- --Folder create
2/8/2019 8:00:10 AM | * .git/objects/c0-- -- --Folder create
2/8/2019 8:00:10 AM | * .git/objects/bf-- -- --Folder create
2/8/2019 8:00:10 AM | * .git/objects/be-- -- --Folder create
2/8/2019 8:00:10 AM | * .git/objects/bd-- -- --Folder create
2/8/2019 8:00:10 AM | * .git/objects/bc-- -- --Folder create
2/8/2019 8:00:10 AM | * .git/objects/bb-- -- --Folder create
2/8/2019 8:00:10 AM | * .git/objects/ba-- -- --Folder create
2/8/2019 8:00:10 AM | * .git/objects/b9-- -- --Folder create
2/8/2019 8:00:10 AM | * .git/objects/b8-- -- --Folder create
2/8/2019 8:00:10 AM | * .git/objects/b7-- -- --Folder create
2/8/2019 8:00:10 AM | * .git/objects/b5-- -- --Folder create
2/8/2019 8:00:10 AM | * .git/objects/b4-- -- --Folder create
2/8/2019 8:00:10 AM | * .git/objects/b3-- -- --Folder create
2/8/2019 8:00:10 AM | * .git/objects/b2-- -- --Folder create
2/8/2019 8:00:10 AM | * .git/objects/b1-- -- --Folder create
2/8/2019 8:00:10 AM | * .git/objects/b0-- -- --Folder create
2/8/2019 8:00:10 AM | * .git/objects/af-- -- --Folder create
2/8/2019 8:00:10 AM | * .git/objects/ae-- -- --Folder create
2/8/2019 8:00:10 AM | * .git/objects/ad-- -- --Folder create
2/8/2019 8:00:10 AM | * .git/objects/ac-- -- --Folder create
2/8/2019 8:00:10 AM | * .git/objects/ab-- -- --Folder create
2/8/2019 8:00:10 AM | * .git/objects/aa-- -- --Folder create
2/8/2019 8:00:10 AM | * .git/objects/a9-- -- --Folder create
2/8/2019 8:00:10 AM | * .git/objects/a8-- -- --Folder create
2/8/2019 8:00:10 AM | * .git/objects/a7-- -- --Folder create
2/8/2019 8:00:10 AM | * .git/objects/a6-- -- --Folder create
2/8/2019 8:00:10 AM | * .git/objects/a5-- -- --Folder create
2/8/2019 8:00:10 AM | * .git/objects/a4-- -- --Folder create
2/8/2019 8:00:10 AM | * .git/objects/a3-- -- --Folder create
2/8/2019 8:00:10 AM | * .git/objects/a2-- -- --Folder create
2/8/2019 8:00:10 AM | * .git/objects/a1-- -- --Folder create
2/8/2019 8:00:10 AM | * .git/objects/a0-- -- --Folder create
2/8/2019 8:00:10 AM | * .git/objects/9f-- -- --Folder create
2/8/2019 8:00:10 AM | * .git/objects/9e-- -- --Folder create
2/8/2019 8:00:10 AM | * .git/objects/9d-- -- --Folder create
2/8/2019 8:00:10 AM | * .git/objects/9c-- -- --Folder create
2/8/2019 8:00:10 AM | * .git/objects/9b-- -- --Folder create
2/8/2019 8:00:10 AM | * .git/objects/9a-- -- --Folder create
2/8/2019 8:00:10 AM | * .git/objects/99-- -- --Folder create
2/8/2019 8:00:10 AM | * .git/objects/98-- -- --Folder create
2/8/2019 8:00:10 AM | * .git/objects/97-- -- --Folder create
2/8/2019 8:00:10 AM | * .git/objects/96-- -- --Folder create
2/8/2019 8:00:10 AM | * .git/objects/95-- -- --Folder create
2/8/2019 8:00:10 AM | * .git/objects/94-- -- --Folder create
2/8/2019 8:00:10 AM | * .git/objects/91-- -- --Folder create
2/8/2019 8:00:10 AM | * .git/objects/90-- -- --Folder create
2/8/2019 8:00:10 AM | * .git/objects/8f-- -- --Folder create
2/8/2019 8:00:10 AM | * .git/objects/8e-- -- --Folder create
2/8/2019 8:00:10 AM | * .git/objects/8d-- -- --Folder create
2/8/2019 8:00:10 AM | * .git/objects/8c-- -- --Folder create
2/8/2019 8:00:10 AM | * .git/objects/8b-- -- --Folder create
2/8/2019 8:00:10 AM | * .git/objects/8a-- -- --Folder create
2/8/2019 8:00:10 AM | * .git/objects/89-- -- --Folder create
2/8/2019 8:00:10 AM | * .git/objects/88-- -- --Folder create
2/8/2019 8:00:10 AM | * .git/objects/87-- -- --Folder create
2/8/2019 8:00:10 AM | * .git/objects/86-- -- --Folder create
2/8/2019 8:00:10 AM | * .git/objects/85-- -- --Folder create
2/8/2019 8:00:10 AM | * .git/objects/84-- -- --Folder create
2/8/2019 8:00:10 AM | * .git/objects/83-- -- --Folder create
2/8/2019 8:00:10 AM | * .git/objects/82-- -- --Folder create
2/8/2019 8:00:10 AM | * .git/objects/81-- -- --Folder create
2/8/2019 8:00:10 AM | * .git/objects/80-- -- --Folder create
2/8/2019 8:00:10 AM | * .git/objects/7f-- -- --Folder create
2/8/2019 8:00:10 AM | * .git/objects/7e-- -- --Folder create
2/8/2019 8:00:10 AM | * .git/objects/7d-- -- --Folder create
2/8/2019 8:00:10 AM | * .git/objects/7c-- -- --Folder create
2/8/2019 8:00:10 AM | * .git/objects/7b-- -- --Folder create
2/8/2019 8:00:10 AM | * .git/objects/7a-- -- --Folder create
2/8/2019 8:00:10 AM | * .git/objects/79-- -- --Folder create
2/8/2019 8:00:10 AM | * .git/objects/78-- -- --Folder create
2/8/2019 8:00:10 AM | * .git/objects/77-- -- --Folder create
2/8/2019 8:00:10 AM | * .git/objects/76-- -- --Folder create
2/8/2019 8:00:10 AM | * .git/objects/75-- -- --Folder create
2/8/2019 8:00:10 AM | * .git/objects/74-- -- --Folder create
2/8/2019 8:00:10 AM | * .git/objects/73-- -- --Folder create
2/8/2019 8:00:10 AM | * .git/objects/72-- -- --Folder create
2/8/2019 8:00:10 AM | * .git/objects/70-- -- --Folder create
2/8/2019 8:00:10 AM | * .git/objects/6f-- -- --Folder create
2/8/2019 8:00:10 AM | * .git/objects/6e-- -- --Folder create
2/8/2019 8:00:10 AM | * .git/objects/6d-- -- --Folder create
2/8/2019 8:00:10 AM | * .git/objects/6c-- -- --Folder create
2/8/2019 8:00:10 AM | * .git/objects/6b-- -- --Folder create
2/8/2019 8:00:10 AM | * .git/objects/6a-- -- --Folder create
2/8/2019 8:00:10 AM | * .git/objects/69-- -- --Folder create
2/8/2019 8:00:10 AM | * .git/objects/67-- -- --Folder create
2/8/2019 8:00:10 AM | * .git/objects/66-- -- --Folder create
2/8/2019 8:00:10 AM | * .git/objects/65-- -- --Folder create
2/8/2019 8:00:10 AM | * .git/objects/64-- -- --Folder create
2/8/2019 8:00:10 AM | * .git/objects/63-- -- --Folder create
2/8/2019 8:00:10 AM | * .git/objects/61-- -- --Folder create
2/8/2019 8:00:10 AM | * .git/objects/60-- -- --Folder create
2/8/2019 8:00:10 AM | * .git/objects/5f-- -- --Folder create
2/8/2019 8:00:10 AM | * .git/objects/5e-- -- --Folder create
2/8/2019 8:00:10 AM | * .git/objects/5d-- -- --Folder create
2/8/2019 8:00:10 AM | * .git/objects/5c-- -- --Folder create
2/8/2019 8:00:10 AM | * .git/objects/5b-- -- --Folder create
2/8/2019 8:00:10 AM | * .git/objects/5a-- -- --Folder create
2/8/2019 8:00:10 AM | * .git/objects/59-- -- --Folder create
2/8/2019 8:00:10 AM | * .git/objects/58-- -- --Folder create
2/8/2019 8:00:10 AM | * .git/objects/56-- -- --Folder create
2/8/2019 8:00:10 AM | * .git/objects/55-- -- --Folder create
2/8/2019 8:00:10 AM | * .git/objects/54-- -- --Folder create
2/8/2019 8:00:10 AM | * .git/objects/53-- -- --Folder create
2/8/2019 8:00:10 AM | * .git/objects/52-- -- --Folder create
2/8/2019 8:00:10 AM | * .git/objects/51-- -- --Folder create
2/8/2019 8:00:10 AM | * .git/objects/50-- -- --Folder create
2/8/2019 8:00:10 AM | * .git/objects/4f-- -- --Folder create
2/8/2019 8:00:10 AM | * .git/objects/4e-- -- --Folder create
2/8/2019 8:00:10 AM | * .git/objects/4d-- -- --Folder create
2/8/2019 8:00:10 AM | * .git/objects/4c-- -- --Folder create
2/8/2019 8:00:10 AM | * .git/objects/4b-- -- --Folder create
2/8/2019 8:00:10 AM | * .git/objects/4a-- -- --Folder create
2/8/2019 8:00:10 AM | * .git/objects/49-- -- --Folder create
2/8/2019 8:00:10 AM | * .git/objects/48-- -- --Folder create
2/8/2019 8:00:10 AM | * .git/objects/47-- -- --Folder create
2/8/2019 8:00:10 AM | * .git/objects/46-- -- --Folder create
2/8/2019 8:00:10 AM | * .git/objects/45-- -- --Folder create
2/8/2019 8:00:10 AM | * .git/objects/44-- -- --Folder create
2/8/2019 8:00:10 AM | * .git/objects/43-- -- --Folder create
2/8/2019 8:00:10 AM | * .git/objects/42-- -- --Folder create
2/8/2019 8:00:10 AM | * .git/objects/40-- -- --Folder create
2/8/2019 8:00:10 AM | * .git/objects/3f-- -- --Folder create
2/8/2019 8:00:10 AM | * .git/objects/3e-- -- --Folder create
2/8/2019 8:00:10 AM | * .git/objects/3d-- -- --Folder create
2/8/2019 8:00:10 AM | * .git/objects/3c-- -- --Folder create
2/8/2019 8:00:10 AM | * .git/objects/3b-- -- --Folder create
2/8/2019 8:00:10 AM | * .git/objects/3a-- -- --Folder create
2/8/2019 8:00:10 AM | * .git/objects/39-- -- --Folder create
2/8/2019 8:00:10 AM | * .git/objects/38-- -- --Folder create
2/8/2019 8:00:10 AM | * .git/objects/37-- -- --Folder create
2/8/2019 8:00:10 AM | * .git/objects/36-- -- --Folder create
2/8/2019 8:00:10 AM | * .git/objects/35-- -- --Folder create
2/8/2019 8:00:10 AM | * .git/objects/34-- -- --Folder create
2/8/2019 8:00:10 AM | * .git/objects/32-- -- --Folder create
2/8/2019 8:00:10 AM | * .git/objects/31-- -- --Folder create
2/8/2019 8:00:10 AM | * .git/objects/30-- -- --Folder create
2/8/2019 8:00:10 AM | * .git/objects/2f-- -- --Folder create
2/8/2019 8:00:10 AM | * .git/objects/2e-- -- --Folder create
2/8/2019 8:00:10 AM | * .git/objects/2d-- -- --Folder create
2/8/2019 8:00:10 AM | * .git/objects/2c-- -- --Folder create
2/8/2019 8:00:10 AM | * .git/objects/2b-- -- --Folder create
2/8/2019 8:00:10 AM | * .git/objects/2a-- -- --Folder create
2/8/2019 8:00:10 AM | * .git/objects/29-- -- --Folder create
2/8/2019 8:00:10 AM | * .git/objects/28-- -- --Folder create
2/8/2019 8:00:10 AM | * .git/objects/27-- -- --Folder create
2/8/2019 8:00:10 AM | * .git/objects/26-- -- --Folder create
2/8/2019 8:00:10 AM | * .git/objects/25-- -- --Folder create
2/8/2019 8:00:10 AM | * .git/objects/23-- -- --Folder create
2/8/2019 8:00:10 AM | * .git/objects/22-- -- --Folder create
2/8/2019 8:00:10 AM | * .git/objects/21-- -- --Folder create
2/8/2019 8:00:10 AM | * .git/objects/20-- -- --Folder create
2/8/2019 8:00:10 AM | * .git/objects/1f-- -- --Folder create
2/8/2019 8:00:10 AM | * .git/objects/1e-- -- --Folder create
2/8/2019 8:00:10 AM | * .git/objects/1d-- -- --Folder create
2/8/2019 8:00:10 AM | * .git/objects/1c-- -- --Folder create
2/8/2019 8:00:10 AM | * .git/objects/1b-- -- --Folder create
2/8/2019 8:00:10 AM | * .git/objects/19-- -- --Folder create
2/8/2019 8:00:10 AM | * .git/objects/18-- -- --Folder create
2/8/2019 8:00:10 AM | * .git/objects/17-- -- --Folder create
2/8/2019 8:00:10 AM | * .git/objects/16-- -- --Folder create
2/8/2019 8:00:10 AM | * .git/objects/15-- -- --Folder create
2/8/2019 8:00:10 AM | * .git/objects/14-- -- --Folder create
2/8/2019 8:00:10 AM | * .git/objects/13-- -- --Folder create
2/8/2019 8:00:10 AM | * .git/objects/12-- -- --Folder create
2/8/2019 8:00:10 AM | * .git/objects/11-- -- --Folder create
2/8/2019 8:00:10 AM | * .git/objects/10-- -- --Folder create
2/8/2019 8:00:10 AM | * .git/objects/0f-- -- --Folder create
2/8/2019 8:00:10 AM | * .git/objects/0e-- -- --Folder create
2/8/2019 8:00:10 AM | * .git/objects/0d-- -- --Folder create
2/8/2019 8:00:10 AM | * .git/objects/0c-- -- --Folder create
2/8/2019 8:00:10 AM | * .git/objects/0b-- -- --Folder create
2/8/2019 8:00:10 AM | * .git/objects/0a-- -- --Folder create
2/8/2019 8:00:10 AM | * .git/objects/09-- -- --Folder create
2/8/2019 8:00:10 AM | * .git/objects/08-- -- --Folder create
2/8/2019 8:00:10 AM | * .git/objects/07-- -- --Folder create
2/8/2019 8:00:10 AM | * .git/objects/06-- -- --Folder create
2/8/2019 8:00:10 AM | * .git/objects/05-- -- --Folder create
2/8/2019 8:00:10 AM | * .git/objects/04-- -- --Folder create
2/8/2019 8:00:10 AM | * .git/objects/03-- -- --Folder create
2/8/2019 8:00:10 AM | * .git/objects/02-- -- --Folder create
2/8/2019 8:00:10 AM | * .git/objects/01-- -- --Folder create
2/8/2019 8:00:10 AM | * .git/objects/00-- -- --Folder create
2/8/2019 8:00:10 AM | * .git/logs-- -- --Folder create
2/8/2019 8:00:10 AM | * .git/logs/refs-- -- --Folder create
2/8/2019 8:00:10 AM | * .git/logs/refs/remotes-- -- --Folder create
2/8/2019 8:00:10 AM | * .git/logs/refs/remotes/origin-- -- --Folder create
2/8/2019 8:00:10 AM | * .git/logs/refs/heads-- -- --Folder create
2/8/2019 8:00:10 AM | * .git/lfs-- -- --Folder create
2/8/2019 8:00:10 AM | * .git/lfs/tmp-- -- --Folder create
2/8/2019 8:00:10 AM | * .git/lfs/objects-- -- --Folder create
2/8/2019 8:00:10 AM | * .git/info-- -- --Folder create
2/8/2019 8:00:10 AM | * .git/hooks-- -- --Folder create
2/8/2019 8:00:10 AM | * Backup-- -- --Folder create
2/8/2019 8:00:10 AM | * Templates-- -- --Folder create
2/8/2019 8:00:10 AM | * Files-- -- --Folder create
2/8/2019 8:00:10 AM | * Files/Image-- -- --Folder create
2/8/2019 8:00:10 AM | * WEFiles-- -- --Folder create
2/8/2019 8:00:10 AM | * WEFiles/Image-- -- --Folder create
2/8/2019 8:00:10 AM | * WEFiles/Image/WEImage-- -- --Folder create
2/8/2019 8:00:10 AM | * Backup/.htaccess-- -- --33
2/8/2019 8:00:10 AM | * .htaccess-- -- --0
2/8/2019 8:00:10 AM | * index.css-- -- --4593
2/8/2019 8:00:10 AM | * Files/Image/INSCRIPTION3.png-- -- --2528
2/8/2019 8:00:10 AM | * WEFiles/Image/WEImage/INSCRIPTION3-WEb053a23ed2.png-- -- --2172
2/8/2019 8:00:10 AM | * Backup/index.dat-- -- --769165
2/8/2019 8:00:10 AM | * index.en.htm-- -- --29687
2/8/2019 8:00:10 AM | * index.htm-- -- --30271
2/8/2019 8:00:10 AM | * Inscription.css-- -- --3455
2/8/2019 8:00:10 AM | * Backup/Inscription.dat-- -- --645315
2/8/2019 8:00:10 AM | * Inscription.en.htm-- -- --31917
2/8/2019 8:00:10 AM | * Inscription.htm-- -- --31017
2/8/2019 8:00:10 AM | * Inscription2017.css-- -- --3408
2/8/2019 8:00:10 AM | * Backup/Inscription2017.dat-- -- --644506
2/8/2019 8:00:10 AM | * Inscription2017.en.htm-- -- --31914
2/8/2019 8:00:10 AM | * Inscription2017.htm-- -- --31085
2/8/2019 8:00:10 AM | * sitemap.xml-- -- --10584
2/8/2019 8:00:10 AM | * robots.txt-- -- --45
2/8/2019 8:00:10 AM | * Backup/Templates/Controls/WEGalleryCarrousel2_4c2a6f64.OESkin-- -- --63861
2/8/2019 8:00:10 AM | * Backup/Templates/Controls/WEMenu_30e74168.OESkin-- -- --63872
2/8/2019 8:00:10 AM | * Backup/Templates/Controls/WEText_d0120a9e.OESkin-- -- --59566
2/8/2019 8:00:10 AM | * Backup/TrailV2.ope-- -- --3627
2/8/2019 8:00:10 AM | 
2/8/2019 8:00:10 AM | 
--------------------------------Phase 1 Terminé--------------------------------
2/8/2019 8:00:10 AM | 

